2024-11-21 02:24:09.407 [info] Experiment 'pythonRecommendTensorboardExt' is active
2024-11-21 02:24:09.407 [info] Experiment 'pythonTerminalEnvVarActivation' is active
2024-11-21 02:24:09.408 [info] Experiment 'pythonTestAdapter' is active
2024-11-21 02:24:09.408 [warning] Dir "/container/pyspark_workspace/.pixi/envs" is not watchable (directory does not exist)
2024-11-21 02:24:09.409 [info] > pyenv which python
2024-11-21 02:24:09.409 [info] cwd: .
2024-11-21 02:24:12.436 [info] > conda info --json
2024-11-21 02:24:12.732 [info] > D:\Program Files\Python\python.exe -c "import sys;print(sys.executable)"
2024-11-21 02:24:12.780 [error] Error: Command failed: D:\Program Files\Python\python.exe -c "import sys;print(sys.executable)"
/bin/sh: 1: D:Program: not found

    at genericNodeError (node:internal/errors:984:15)
    at wrappedFn (node:internal/errors:538:14)
    at ChildProcess.exithandler (node:child_process:422:12)
    at ChildProcess.emit (node:events:531:35)
    at maybeClose (node:internal/child_process:1105:16)
    at Socket.<anonymous> (node:internal/child_process:457:11)
    at Socket.emit (node:events:519:28)
    at Pipe.<anonymous> (node:net:339:12) {
  code: 127,
  killed: false,
  signal: null,
  cmd: 'D:\\Program Files\\Python\\python.exe -c "import sys;print(sys.executable)"'
}
2024-11-21 02:24:25.401 [info] Starting Pylance language server.
2024-11-21 02:34:51.160 [info] Discover tests for workspace name: pyspark_workspace - uri: /container/pyspark_workspace/source_code/utils/download_spark_package.py
2024-11-21 02:35:10.035 [info] Discover tests for workspace name: pyspark_workspace - uri: /container/pyspark_workspace/source_code/utils/download_spark_package.py
2024-11-21 02:35:33.262 [info] Starting Environment refresh
2024-11-21 02:35:33.281 [info] Searching for interpreters in posix paths locator
2024-11-21 02:35:33.306 [info] Searching for pyenv environments
2024-11-21 02:35:33.311 [info] Searching for conda environments
2024-11-21 02:35:33.316 [info] Searching for global virtual environments
2024-11-21 02:35:33.316 [info] Searching for custom virtual environments
2024-11-21 02:35:33.378 [info] > hatch env show --json
2024-11-21 02:35:33.405 [info] cwd: .
2024-11-21 02:35:33.416 [info] pyenv is not installed
2024-11-21 02:35:33.418 [info] Finished searching for pyenv environments: 113 milliseconds
2024-11-21 02:35:33.421 [info] Finished searching for custom virtual envs: 116 milliseconds
2024-11-21 02:35:33.443 [info] Finished searching for global virtual envs: 138 milliseconds
2024-11-21 02:35:33.496 [info] Found: /bin/python3 --> /bin/python3.11
2024-11-21 02:35:33.500 [info] Found: /bin/python3.11 --> /bin/python3.11
2024-11-21 02:35:33.578 [info] Found: /usr/bin/python3 --> /usr/bin/python3.11
2024-11-21 02:35:33.604 [info] Found: /usr/bin/python3.11 --> /usr/bin/python3.11
2024-11-21 02:35:33.686 [info] > "D:\Program Files\Python\python.exe" -I ~/.vscode-server/extensions/ms-python.python-2024.20.0-linux-x64/python_files/get_output_via_markers.py ~/.vscode-server/extensions/ms-python.python-2024.20.0-linux-x64/python_files/interpreterInfo.py
2024-11-21 02:35:33.736 [error] Error: Command failed: "D:\Program Files\Python\python.exe" -I /root/.vscode-server/extensions/ms-python.python-2024.20.0-linux-x64/python_files/get_output_via_markers.py /root/.vscode-server/extensions/ms-python.python-2024.20.0-linux-x64/python_files/interpreterInfo.py
/bin/sh: 1: D:\Program Files\Python\python.exe: not found

    at genericNodeError (node:internal/errors:984:15)
    at wrappedFn (node:internal/errors:538:14)
    at ChildProcess.exithandler (node:child_process:422:12)
    at ChildProcess.emit (node:events:531:35)
    at maybeClose (node:internal/child_process:1105:16)
    at Socket.<anonymous> (node:internal/child_process:457:11)
    at Socket.emit (node:events:519:28)
    at Pipe.<anonymous> (node:net:339:12) {
  code: 127,
  killed: false,
  signal: null,
  cmd: '"D:\\Program Files\\Python\\python.exe" -I /root/.vscode-server/extensions/ms-python.python-2024.20.0-linux-x64/python_files/get_output_via_markers.py /root/.vscode-server/extensions/ms-python.python-2024.20.0-linux-x64/python_files/interpreterInfo.py'
}
2024-11-21 02:35:33.755 [info] Found: /usr/local/bin/python --> /usr/local/bin/python3.11
2024-11-21 02:35:33.756 [info] Found: /usr/local/bin/python3 --> /usr/local/bin/python3.11
2024-11-21 02:35:33.757 [info] Found: /usr/local/bin/python3.11 --> /usr/local/bin/python3.11
2024-11-21 02:35:33.839 [info] > /bin/python3 -I ~/.vscode-server/extensions/ms-python.python-2024.20.0-linux-x64/python_files/get_output_via_markers.py ~/.vscode-server/extensions/ms-python.python-2024.20.0-linux-x64/python_files/interpreterInfo.py
2024-11-21 02:35:33.925 [info] Finished searching for interpreters in posix paths locator: 658 milliseconds
2024-11-21 02:35:33.926 [info] > /usr/bin/python3 -I ~/.vscode-server/extensions/ms-python.python-2024.20.0-linux-x64/python_files/get_output_via_markers.py ~/.vscode-server/extensions/ms-python.python-2024.20.0-linux-x64/python_files/interpreterInfo.py
2024-11-21 02:35:33.984 [info] Environments refresh paths discovered (event): 734 milliseconds
2024-11-21 02:35:33.985 [info] Environments refresh paths discovered: 735 milliseconds
2024-11-21 02:35:34.421 [info] > /usr/local/bin/python -I ~/.vscode-server/extensions/ms-python.python-2024.20.0-linux-x64/python_files/get_output_via_markers.py ~/.vscode-server/extensions/ms-python.python-2024.20.0-linux-x64/python_files/interpreterInfo.py
2024-11-21 02:35:36.292 [info] > "D:\Program Files\Python\python.exe" -I ~/.vscode-server/extensions/ms-python.python-2024.20.0-linux-x64/python_files/get_output_via_markers.py ~/.vscode-server/extensions/ms-python.python-2024.20.0-linux-x64/python_files/interpreterInfo.py
2024-11-21 02:35:36.944 [error] Error: Command failed: "D:\Program Files\Python\python.exe" -I /root/.vscode-server/extensions/ms-python.python-2024.20.0-linux-x64/python_files/get_output_via_markers.py /root/.vscode-server/extensions/ms-python.python-2024.20.0-linux-x64/python_files/interpreterInfo.py
/bin/sh: 1: D:\Program Files\Python\python.exe: not found

    at genericNodeError (node:internal/errors:984:15)
    at wrappedFn (node:internal/errors:538:14)
    at ChildProcess.exithandler (node:child_process:422:12)
    at ChildProcess.emit (node:events:531:35)
    at maybeClose (node:internal/child_process:1105:16)
    at Socket.<anonymous> (node:internal/child_process:457:11)
    at Socket.emit (node:events:519:28)
    at Pipe.<anonymous> (node:net:339:12) {
  code: 127,
  killed: false,
  signal: null,
  cmd: '"D:\\Program Files\\Python\\python.exe" -I /root/.vscode-server/extensions/ms-python.python-2024.20.0-linux-x64/python_files/get_output_via_markers.py /root/.vscode-server/extensions/ms-python.python-2024.20.0-linux-x64/python_files/interpreterInfo.py'
}
2024-11-21 02:35:37.003 [info] Environments refresh finished (event): 3750 milliseconds
2024-11-21 02:35:37.117 [info] Environment refresh took 3876 milliseconds
2024-11-21 02:37:15.033 [info] Discover tests for workspace name: pyspark_workspace - uri: /container/pyspark_workspace/source_code/utils/spark.py
2024-11-21 02:42:32.088 [info] Discover tests for workspace name: pyspark_workspace - uri: /container/pyspark_workspace/source_code/utils/spark.py
2024-11-21 02:44:08.360 [info] Discover tests for workspace name: pyspark_workspace - uri: /container/pyspark_workspace/source_code/utils/spark.py
2024-11-21 02:44:20.508 [info] Discover tests for workspace name: pyspark_workspace - uri: /container/pyspark_workspace/source_code/utils/download_spark_package.py
2024-11-21 02:44:28.705 [info] Discover tests for workspace name: pyspark_workspace - uri: /container/pyspark_workspace/source_code/utils/spark.py
2024-11-21 02:45:34.455 [info] Discover tests for workspace name: pyspark_workspace - uri: /container/pyspark_workspace/source_code/utils/spark.py
2024-11-21 02:45:45.580 [info] Discover tests for workspace name: pyspark_workspace - uri: /container/pyspark_workspace/source_code/utils/spark.py
2024-11-21 02:45:56.046 [info] Discover tests for workspace name: pyspark_workspace - uri: /container/pyspark_workspace/source_code/utils/spark.py
2024-11-21 02:46:14.864 [info] Discover tests for workspace name: pyspark_workspace - uri: /container/pyspark_workspace/source_code/utils/spark.py
2024-11-21 03:00:10.240 [info] Discover tests for workspace name: pyspark_workspace - uri: /container/pyspark_workspace/source_code/utils/download_spark_package.py
2024-11-21 03:00:22.094 [info] Discover tests for workspace name: pyspark_workspace - uri: /container/pyspark_workspace/source_code/utils/download_spark_package.py
2024-11-21 03:00:23.865 [info] Send text to terminal: python -u "/container/pyspark_workspace/source_code/utils/download_spark_package.py"
2024-11-21 03:01:48.047 [info] Discover tests for workspace name: pyspark_workspace - uri: /container/pyspark_workspace/source_code/utils/spark.py
