2024-11-21 02:24:14.185 [info] (Client) Pylance async client (2024.11.2) started with python extension (2024.20.0)
2024-11-21 02:24:25.028 [info] [Info  - 2:24:23 AM] (1820) Server root directory: file:///root/.vscode-server/extensions/ms-python.vscode-pylance-2024.11.2/dist
2024-11-21 02:24:25.298 [info] [Info  - 2:24:25 AM] (1820) Pylance language server 2024.11.2 (pyright version 1.1.386, commit 4180fa21) starting
2024-11-21 02:24:25.311 [info] [Info  - 2:24:25 AM] (1820) Starting service instance "pyspark_workspace"
2024-11-21 02:24:25.998 [info] [Info  - 2:24:25 AM] (1820) Setting environmentName for service "pyspark_workspace": "D:\Program Files\Python\python.exe"
2024-11-21 02:24:26.004 [info] [Info  - 2:24:26 AM] (1820) No include entries specified; assuming /container/pyspark_workspace
2024-11-21 02:24:26.009 [info] [Info  - 2:24:26 AM] (1820) Auto-excluding **/node_modules
2024-11-21 02:24:26.010 [info] [Info  - 2:24:26 AM] (1820) Auto-excluding **/__pycache__
2024-11-21 02:24:26.015 [info] [Info  - 2:24:26 AM] (1820) Auto-excluding **/.*
2024-11-21 02:24:31.155 [info] [Info  - 2:24:31 AM] (1820) Found 13 source files
2024-11-21 02:24:31.278 [info] [Info  - 2:24:31 AM] (1820) Background analysis(1) root directory: file:///root/.vscode-server/extensions/ms-python.vscode-pylance-2024.11.2/dist
2024-11-21 02:24:31.280 [info] [Info  - 2:24:31 AM] (1820) Background analysis(1) started
2024-11-21 02:24:31.334 [info] [Info  - 2:24:31 AM] (1820) Starting service instance "pyspark_workspace"
2024-11-21 02:24:31.445 [info] [Info  - 2:24:31 AM] (1820) Setting environmentName for service "pyspark_workspace": "D:\Program Files\Python\python.exe"
2024-11-21 02:24:31.446 [info] [Info  - 2:24:31 AM] (1820) Setting pythonPath for service "pyspark_workspace": "/usr/local/bin/python"
2024-11-21 02:24:31.447 [info] [Info  - 2:24:31 AM] (1820) No include entries specified; assuming /container/pyspark_workspace
2024-11-21 02:24:31.450 [info] [Info  - 2:24:31 AM] (1820) Auto-excluding **/node_modules
2024-11-21 02:24:31.451 [info] [Info  - 2:24:31 AM] (1820) Auto-excluding **/__pycache__
2024-11-21 02:24:31.451 [info] [Info  - 2:24:31 AM] (1820) Auto-excluding **/.*
2024-11-21 02:24:31.542 [info] [Info  - 2:24:31 AM] (1820) Assuming Python version 3.11.9.final.0
2024-11-21 02:24:34.874 [info] [Info  - 2:24:34 AM] (1820) Found 13 source files
2024-11-21 02:24:37.711 [info] [Info  - 2:24:37 AM] (1820) Background analysis(2) root directory: file:///root/.vscode-server/extensions/ms-python.vscode-pylance-2024.11.2/dist
2024-11-21 02:24:37.712 [info] [Info  - 2:24:37 AM] (1820) Background analysis(2) started
2024-11-21 02:24:37.757 [info] [Info  - 2:24:37 AM] (1820) Indexer background runner(3) root directory: file:///root/.vscode-server/extensions/ms-python.vscode-pylance-2024.11.2/dist (index)
2024-11-21 02:24:37.758 [info] [Info  - 2:24:37 AM] (1820) Indexing(3) started
2024-11-21 02:24:39.518 [info] [Info  - 2:24:39 AM] (1820) [BG(2)] Long operation: parsing: file:///container/pyspark_workspace/source_code/sample_code/Test_Project_1.ipynb.py#W5sdnNjb2RlLXJlbW90ZQ%3D%3D (2897ms)
2024-11-21 02:24:41.307 [info] [Info  - 2:24:41 AM] (1820) [BG(2)] Long operation: SemanticTokens full at file:///container/pyspark_workspace/source_code/sample_code/Test_Project_1.ipynb.py#W5sdnNjb2RlLXJlbW90ZQ%3D%3D (4687ms)
2024-11-21 02:24:51.323 [info] [Info  - 2:24:51 AM] (1820) [BG(2)] Long operation: checking: file:///container/pyspark_workspace/source_code/sample_code/Test_Project_1.ipynb.py#X32sdnNjb2RlLXJlbW90ZQ%3D%3D (5736ms)
2024-11-21 02:24:51.325 [info] [Info  - 2:24:51 AM] (1820) [BG(2)] Long operation: analyzing: file:///container/pyspark_workspace/source_code/sample_code/Test_Project_1.ipynb.py#X32sdnNjb2RlLXJlbW90ZQ%3D%3D (5736ms)
2024-11-21 02:24:54.117 [info] [Info  - 2:24:54 AM] (1820) [BG(2)] Long operation: analyzing: file:///container/pyspark_workspace/source_code/sample_code/Test_Project_1.ipynb.py#pylancePrefixCell (9903ms)
2024-11-21 02:25:25.475 [info] [Info  - 2:25:25 AM] (1820) [IDX(3)] Long operation: scan packages file:///container/pyspark_workspace (45063ms)
2024-11-21 02:25:25.478 [info] [Info  - 2:25:25 AM] (1820) scanned(3) 211 files over 1 exec env
2024-11-21 02:25:52.482 [info] [Info  - 2:25:52 AM] (1820) [IDX(3)] Long operation: index packages file:///container/pyspark_workspace (12018ms)
2024-11-21 02:25:52.519 [info] [Info  - 2:25:52 AM] (1820) indexed(3) 211 files over 1 exec env
2024-11-21 02:25:52.536 [info] [Info  - 2:25:52 AM] (1820) Indexing finished(3).
2024-11-21 02:25:59.478 [info] [Info  - 2:25:59 AM] (1820) [BG(2)] Long operation: analyzing: file:///container/pyspark_workspace/source_code/sample_code/Test_Project_1.ipynb.py#pylancePrefixCell (2207ms)
2024-11-21 02:30:36.535 [info] [Info  - 2:30:36 AM] (1820) [BG(2)] Long operation: checking: file:///container/pyspark_workspace/source_code/generate_data/generate_csv_ids.py (2018ms)
2024-11-21 02:30:36.545 [info] [Info  - 2:30:36 AM] (1820) [BG(2)] Long operation: analyzing: file:///container/pyspark_workspace/source_code/generate_data/generate_csv_ids.py (2037ms)
2024-11-21 02:30:41.678 [info] [Info  - 2:30:41 AM] (1820) [BG(1)] Long operation: parsing: file:///container/pyspark_workspace/local_data_storage/airflow/dags/__init__.py (7208ms)
2024-11-21 02:30:42.691 [info] [Info  - 2:30:42 AM] (1820) [BG(1)] Long operation: indexing: file:///container/pyspark_workspace/local_data_storage/airflow/dags/__init__.py (8221ms)
2024-11-21 02:30:44.060 [info] [Info  - 2:30:44 AM] (1820) Indexer background runner(4) root directory: file:///root/.vscode-server/extensions/ms-python.vscode-pylance-2024.11.2/dist (index)
2024-11-21 02:30:44.061 [info] [Info  - 2:30:44 AM] (1820) Indexing(4) started
2024-11-21 02:30:45.831 [info] [Info  - 2:30:45 AM] (1820) [BG(1)] Long operation: checking: file:///container/pyspark_workspace/source_code/generate_data/generate_csv_ids.py (2298ms)
2024-11-21 02:30:45.832 [info] [Info  - 2:30:45 AM] (1820) [BG(1)] Long operation: analyzing: file:///container/pyspark_workspace/source_code/generate_data/generate_csv_ids.py (2309ms)
2024-11-21 02:30:50.379 [info] [Info  - 2:30:50 AM] (1820) scanned(4) 211 files over 1 exec env
2024-11-21 02:30:55.547 [info] [Info  - 2:30:55 AM] (1820) [IDX(4)] Long operation: index packages file:///container/pyspark_workspace (3149ms)
2024-11-21 02:30:55.547 [info] [Info  - 2:30:55 AM] (1820) indexed(4) 211 files over 1 exec env
2024-11-21 02:30:56.021 [info] [Info  - 2:30:56 AM] (1820) Indexing finished(4).
2024-11-21 02:35:37.726 [info] [Info  - 2:35:37 AM] (1820) Setting environmentName for service "pyspark_workspace": "D:\Program Files\Python\python.exe"
2024-11-21 02:35:37.729 [info] [Info  - 2:35:37 AM] (1820) No include entries specified; assuming /container/pyspark_workspace
2024-11-21 02:35:37.731 [info] [Info  - 2:35:37 AM] (1820) Auto-excluding **/node_modules
2024-11-21 02:35:37.733 [info] [Info  - 2:35:37 AM] (1820) Auto-excluding **/__pycache__
2024-11-21 02:35:37.741 [info] [Info  - 2:35:37 AM] (1820) Auto-excluding **/.*
2024-11-21 02:35:41.871 [info] [Info  - 2:35:41 AM] (1820) Found 13 source files
2024-11-21 02:35:42.116 [info] [Info  - 2:35:42 AM] (1820) Setting environmentName for service "pyspark_workspace": "D:\Program Files\Python\python.exe"
2024-11-21 02:35:42.118 [info] [Info  - 2:35:42 AM] (1820) Setting pythonPath for service "pyspark_workspace": "/usr/local/bin/python"
2024-11-21 02:35:42.119 [info] [Info  - 2:35:42 AM] (1820) No include entries specified; assuming /container/pyspark_workspace
2024-11-21 02:35:42.120 [info] [Info  - 2:35:42 AM] (1820) Auto-excluding **/node_modules
2024-11-21 02:35:42.122 [info] [Info  - 2:35:42 AM] (1820) Auto-excluding **/__pycache__
2024-11-21 02:35:42.124 [info] [Info  - 2:35:42 AM] (1820) Auto-excluding **/.*
2024-11-21 02:35:42.204 [info] [Info  - 2:35:42 AM] (1820) Assuming Python version 3.11.9.final.0
2024-11-21 02:35:46.670 [info] [Info  - 2:35:46 AM] (1820) Found 62 source files
2024-11-21 02:35:46.731 [info] [Info  - 2:35:46 AM] (1820) [BG(1)] Long operation: parsing: file:///container/pyspark_workspace/local_data_storage/airflow/dags/__init__.py (2514ms)
2024-11-21 02:35:46.733 [info] [Info  - 2:35:46 AM] (1820) [BG(1)] Long operation: indexing: file:///container/pyspark_workspace/local_data_storage/airflow/dags/__init__.py (2945ms)
2024-11-21 02:35:46.737 [info] [Info  - 2:35:46 AM] (1820) Indexer background runner(5) root directory: file:///root/.vscode-server/extensions/ms-python.vscode-pylance-2024.11.2/dist (index)
2024-11-21 02:35:46.738 [info] [Info  - 2:35:46 AM] (1820) Indexing(5) started
2024-11-21 02:35:46.745 [info] [Info  - 2:35:46 AM] (1820) Setting environmentName for service "pyspark_workspace": "D:\Program Files\Python\python.exe"
2024-11-21 02:35:46.750 [info] [Info  - 2:35:46 AM] (1820) Setting pythonPath for service "pyspark_workspace": "/usr/local/bin/python"
2024-11-21 02:35:46.753 [info] [Info  - 2:35:46 AM] (1820) No include entries specified; assuming /container/pyspark_workspace
2024-11-21 02:35:46.753 [info] [Info  - 2:35:46 AM] (1820) Auto-excluding **/node_modules
2024-11-21 02:35:46.754 [info] [Info  - 2:35:46 AM] (1820) Auto-excluding **/__pycache__
2024-11-21 02:35:46.757 [info] [Info  - 2:35:46 AM] (1820) Auto-excluding **/.*
2024-11-21 02:35:46.869 [info] [Info  - 2:35:46 AM] (1820) Assuming Python version 3.11.9.final.0
2024-11-21 02:35:52.366 [info] [Info  - 2:35:52 AM] (1820) Found 62 source files
2024-11-21 02:35:52.454 [info] [Info  - 2:35:52 AM] (1820) [BG(2)] Long operation: parsing: file:///container/pyspark_workspace/local_data_storage/airflow/dags/__init__.py (3477ms)
2024-11-21 02:35:52.455 [info] [Info  - 2:35:52 AM] (1820) [BG(2)] Long operation: indexing: file:///container/pyspark_workspace/local_data_storage/airflow/dags/__init__.py (3993ms)
2024-11-21 02:35:52.490 [info] [Info  - 2:35:52 AM] (1820) [IDX(5)] Long operation: scan packages file:///container/pyspark_workspace (2367ms)
2024-11-21 02:35:52.492 [info] [Info  - 2:35:52 AM] (1820) scanned(5) 211 files over 1 exec env
2024-11-21 02:35:53.271 [info] [Info  - 2:35:53 AM] (1820) Setting environmentName for service "pyspark_workspace": "D:\Program Files\Python\python.exe"
2024-11-21 02:35:53.273 [info] [Info  - 2:35:53 AM] (1820) No include entries specified; assuming /container/pyspark_workspace
2024-11-21 02:35:53.275 [info] [Info  - 2:35:53 AM] (1820) Auto-excluding **/node_modules
2024-11-21 02:35:53.279 [info] [Info  - 2:35:53 AM] (1820) Auto-excluding **/__pycache__
2024-11-21 02:35:53.281 [info] [Info  - 2:35:53 AM] (1820) Auto-excluding **/.*
2024-11-21 02:35:56.766 [info] [Info  - 2:35:56 AM] (1820) Found 13 source files
2024-11-21 02:35:56.825 [info] [Info  - 2:35:56 AM] (1820) [IDX(5)] Long operation: index packages file:///container/pyspark_workspace (3353ms)
2024-11-21 02:35:56.855 [info] [Info  - 2:35:56 AM] (1820) indexed(5) 211 files over 1 exec env
2024-11-21 02:36:00.043 [info] [Info  - 2:36:00 AM] (1820) [BG(2)] Long operation: parsing: file:///container/pyspark_workspace/local_data_storage/airflow/dags/__init__.py (2849ms)
2024-11-21 02:36:00.058 [info] [Info  - 2:36:00 AM] (1820) [BG(2)] Long operation: indexing: file:///container/pyspark_workspace/local_data_storage/airflow/dags/__init__.py (3048ms)
2024-11-21 02:36:00.539 [info] [Info  - 2:36:00 AM] (1820) [BG(1)] Long operation: parsing: file:///container/pyspark_workspace/local_data_storage/airflow/dags/__init__.py (3704ms)
2024-11-21 02:36:00.792 [info] [Info  - 2:36:00 AM] (1820) [BG(1)] Long operation: indexing: file:///container/pyspark_workspace/local_data_storage/airflow/dags/__init__.py (3979ms)
2024-11-21 02:36:01.569 [info] [Info  - 2:36:01 AM] (1820) [IDX(5)] Long operation: scan packages file:///container/pyspark_workspace (3748ms)
2024-11-21 02:36:01.572 [info] [Info  - 2:36:01 AM] (1820) scanned(5) 211 files over 1 exec env
2024-11-21 02:36:05.391 [info] [Info  - 2:36:05 AM] (1820) [FG] Long operation: parsing: vscode-notebook-cell://attached-container%2B7b22636f6e7461696e65724e616d65223a222f707974686f6e5f656e7669726f6e6d656e74222c2273657474696e6773223a7b22636f6e74657874223a226465736b746f702d6c696e7578227d7d/container/pyspark_workspace/source_code/sample_code/Test_Project_1.ipynb#X11sdnNjb2RlLXJlbW90ZQ%3D%3D (2434ms)
2024-11-21 02:36:05.410 [info] [Info  - 2:36:05 AM] (1820) [IDX(5)] Long operation: index packages file:///container/pyspark_workspace (2280ms)
2024-11-21 02:36:05.411 [info] [Info  - 2:36:05 AM] (1820) indexed(5) 211 files over 1 exec env
2024-11-21 02:36:08.381 [info] [Info  - 2:36:08 AM] (1820) [BG(2)] Long operation: analyzing: file:///container/pyspark_workspace/source_code/sample_code/Test_Project_1.ipynb.py#pylancePrefixCell (2050ms)
2024-11-21 02:36:08.810 [info] [Info  - 2:36:08 AM] (1820) [IDX(5)] Long operation: scan packages file:///container/pyspark_workspace (2175ms)
2024-11-21 02:36:08.812 [info] [Info  - 2:36:08 AM] (1820) scanned(5) 211 files over 1 exec env
2024-11-21 02:36:11.276 [info] [Info  - 2:36:11 AM] (1820) [BG(2)] Long operation: analyzing: file:///container/pyspark_workspace/source_code/sample_code/Test_Project_1.ipynb.py#pylancePrefixCell (2346ms)
2024-11-21 02:36:13.065 [info] [Info  - 2:36:13 AM] (1820) [IDX(5)] Long operation: index packages file:///container/pyspark_workspace (3090ms)
2024-11-21 02:36:13.066 [info] [Info  - 2:36:13 AM] (1820) indexed(5) 211 files over 1 exec env
2024-11-21 02:36:13.774 [info] [Info  - 2:36:13 AM] (1820) Indexing finished(5).
