2024-11-20 15:53:07.960 [error] Failed to find document for vscode-notebook-cell://attached-container%2B7b22636f6e7461696e65724e616d65223a222f707974686f6e5f656e7669726f6e6d656e74222c2273657474696e6773223a7b22636f6e74657874223a226465736b746f702d6c696e7578227d7d/container/pyspark_workspace/source_code/sample_code/Test_Project_1.ipynb#X53sdnNjb2RlLXJlbW90ZQ%3D%3D	
2024-11-20 15:59:16.372 [error] Failed to find document for file:///container/pyspark_workspace/local_data_storage/.vscode-server/bin/f1a4fb101478ce6ec82fe9627c43efbf9e98c813/extensions/gulp/package.json	
2024-11-20 15:59:16.506 [error] Failed to find document for file:///container/pyspark_workspace/local_data_storage/.vscode-server/bin/f1a4fb101478ce6ec82fe9627c43efbf9e98c813/extensions/ms-vscode.js-debug-companion/package.json	
2024-11-20 15:59:16.770 [error] Failed to find document for file:///container/pyspark_workspace/local_data_storage/.vscode-server/bin/f1a4fb101478ce6ec82fe9627c43efbf9e98c813/extensions/github/package.json	
2024-11-20 15:59:16.791 [error] Failed to find document for file:///container/pyspark_workspace/local_data_storage/.vscode-server/bin/f1a4fb101478ce6ec82fe9627c43efbf9e98c813/extensions/github-authentication/package.json	
2024-11-20 15:59:16.831 [error] Failed to find document for file:///container/pyspark_workspace/local_data_storage/.vscode-server/bin/f1a4fb101478ce6ec82fe9627c43efbf9e98c813/extensions/tunnel-forwarding/package.json	
2024-11-20 15:59:16.868 [error] Failed to find document for file:///container/pyspark_workspace/local_data_storage/.vscode-server/bin/f1a4fb101478ce6ec82fe9627c43efbf9e98c813/extensions/extension-editing/package.json	
2024-11-20 15:59:18.758 [error] Failed to find document for file:///container/pyspark_workspace/local_data_storage/.vscode-server/bin/f1a4fb101478ce6ec82fe9627c43efbf9e98c813/extensions/configuration-editing/package.json	
2024-11-20 15:59:18.772 [error] Failed to find document for file:///container/pyspark_workspace/local_data_storage/.vscode-server/bin/f1a4fb101478ce6ec82fe9627c43efbf9e98c813/extensions/debug-auto-launch/package.json	
2024-11-20 15:59:20.359 [error] Failed to find document for file:///container/pyspark_workspace/local_data_storage/.vscode-server/bin/f1a4fb101478ce6ec82fe9627c43efbf9e98c813/extensions/css-language-features/package.json	
2024-11-20 15:59:20.372 [error] Failed to find document for file:///container/pyspark_workspace/local_data_storage/.vscode-server/bin/e8653663e8840adaf45af01eab5c627a5af81807/package.json	
2024-11-20 15:59:20.730 [error] Failed to find document for file:///container/pyspark_workspace/local_data_storage/.vscode-server/bin/f1a4fb101478ce6ec82fe9627c43efbf9e98c813/extensions/css-language-features/server/package.json	
2024-11-20 15:59:20.867 [error] Failed to find document for file:///container/pyspark_workspace/local_data_storage/.vscode-server/bin/65edc4939843c90c34d61f4ce11704f09d3e5cb6/package.json	
2024-11-20 15:59:21.993 [error] Failed to find document for file:///container/pyspark_workspace/local_data_storage/.vscode-server/bin/e8653663e8840adaf45af01eab5c627a5af81807/extensions/search-result/package.json	
2024-11-20 15:59:22.030 [error] Failed to find document for file:///container/pyspark_workspace/local_data_storage/.vscode-server/bin/e8653663e8840adaf45af01eab5c627a5af81807/extensions/tunnel-forwarding/package.json	
2024-11-20 15:59:22.118 [error] Failed to find document for file:///container/pyspark_workspace/local_data_storage/.vscode-server/bin/e8653663e8840adaf45af01eab5c627a5af81807/extensions/references-view/package.json	
2024-11-20 15:59:22.156 [error] Failed to find document for file:///container/pyspark_workspace/local_data_storage/.vscode-server/bin/e8653663e8840adaf45af01eab5c627a5af81807/extensions/simple-browser/package.json	
2024-11-20 15:59:22.214 [error] Failed to find document for file:///container/pyspark_workspace/local_data_storage/.vscode-server/bin/e8653663e8840adaf45af01eab5c627a5af81807/extensions/typescript-language-features/package.json	
2024-11-20 15:59:22.371 [error] Failed to find document for file:///container/pyspark_workspace/local_data_storage/.vscode-server/bin/e8653663e8840adaf45af01eab5c627a5af81807/extensions/php-language-features/package.json	
2024-11-20 15:59:22.448 [error] Failed to find document for file:///container/pyspark_workspace/local_data_storage/.vscode-server/bin/e8653663e8840adaf45af01eab5c627a5af81807/extensions/npm/package.json	
2024-11-20 15:59:22.482 [error] Failed to find document for file:///container/pyspark_workspace/local_data_storage/.vscode-server/bin/e8653663e8840adaf45af01eab5c627a5af81807/extensions/ms-vscode.js-debug-companion/package.json	
2024-11-20 15:59:25.968 [error] Failed to find document for file:///container/pyspark_workspace/local_data_storage/.vscode-server/bin/e8653663e8840adaf45af01eab5c627a5af81807/extensions/ms-vscode.js-debug/package.json	
2024-11-20 15:59:26.006 [error] Failed to find document for file:///container/pyspark_workspace/local_data_storage/.vscode-server/bin/e8653663e8840adaf45af01eab5c627a5af81807/extensions/ms-vscode.vscode-js-profile-table/package.json	
2024-11-20 15:59:26.674 [error] Failed to find document for file:///container/pyspark_workspace/local_data_storage/.vscode-server/bin/e8653663e8840adaf45af01eab5c627a5af81807/extensions/jake/package.json	
2024-11-20 15:59:26.687 [error] Failed to find document for file:///container/pyspark_workspace/local_data_storage/.vscode-server/bin/e8653663e8840adaf45af01eab5c627a5af81807/extensions/microsoft-authentication/package.json	
2024-11-20 15:59:26.783 [error] Failed to find document for file:///container/pyspark_workspace/local_data_storage/.vscode-server/bin/e8653663e8840adaf45af01eab5c627a5af81807/extensions/markdown-language-features/package.json	
2024-11-20 15:59:26.796 [error] Failed to find document for file:///container/pyspark_workspace/local_data_storage/.vscode-server/bin/e8653663e8840adaf45af01eab5c627a5af81807/extensions/merge-conflict/package.json	
2024-11-20 15:59:26.806 [error] Failed to find document for file:///container/pyspark_workspace/local_data_storage/.vscode-server/bin/e8653663e8840adaf45af01eab5c627a5af81807/extensions/media-preview/package.json	
2024-11-20 15:59:26.845 [error] Failed to find document for file:///container/pyspark_workspace/local_data_storage/.vscode-server/bin/e8653663e8840adaf45af01eab5c627a5af81807/extensions/markdown-math/package.json	
2024-11-20 15:59:27.588 [error] Failed to find document for file:///container/pyspark_workspace/local_data_storage/.vscode-server/bin/e8653663e8840adaf45af01eab5c627a5af81807/extensions/json-language-features/package.json	
2024-11-20 15:59:28.406 [error] Failed to find document for file:///container/pyspark_workspace/local_data_storage/.vscode-server/bin/e8653663e8840adaf45af01eab5c627a5af81807/extensions/json-language-features/server/package.json	
2024-11-20 15:59:30.824 [error] Failed to find document for file:///container/pyspark_workspace/local_data_storage/.vscode-server/bin/e8653663e8840adaf45af01eab5c627a5af81807/extensions/ipynb/package.json	
2024-11-20 15:59:31.157 [error] Failed to find document for file:///container/pyspark_workspace/local_data_storage/.vscode-server/bin/e8653663e8840adaf45af01eab5c627a5af81807/extensions/gulp/package.json	
2024-11-20 15:59:35.668 [error] Failed to find document for file:///container/pyspark_workspace/local_data_storage/.vscode-server/bin/e8653663e8840adaf45af01eab5c627a5af81807/extensions/html-language-features/server/package.json	
2024-11-20 15:59:36.264 [error] Failed to find document for file:///container/pyspark_workspace/local_data_storage/.vscode-server/bin/e8653663e8840adaf45af01eab5c627a5af81807/extensions/github-authentication/package.json	
2024-11-20 15:59:37.681 [error] Failed to find document for file:///container/pyspark_workspace/local_data_storage/.vscode-server/bin/e8653663e8840adaf45af01eab5c627a5af81807/extensions/github/package.json	
2024-11-20 15:59:38.222 [error] Failed to find document for file:///container/pyspark_workspace/local_data_storage/.vscode-server/bin/e8653663e8840adaf45af01eab5c627a5af81807/extensions/git-base/package.json	
2024-11-20 15:59:41.238 [error] Failed to find document for file:///container/pyspark_workspace/local_data_storage/.vscode-server/bin/e8653663e8840adaf45af01eab5c627a5af81807/extensions/git/package.json	
2024-11-20 15:59:42.365 [error] Failed to find document for file:///container/pyspark_workspace/local_data_storage/.vscode-server/bin/e8653663e8840adaf45af01eab5c627a5af81807/extensions/emmet/package.json	
2024-11-20 15:59:42.444 [error] Failed to find document for file:///container/pyspark_workspace/local_data_storage/.vscode-server/bin/e8653663e8840adaf45af01eab5c627a5af81807/extensions/extension-editing/package.json	
2024-11-20 15:59:43.476 [error] Failed to find document for file:///container/pyspark_workspace/local_data_storage/.vscode-server/bin/e8653663e8840adaf45af01eab5c627a5af81807/extensions/debug-auto-launch/package.json	
2024-11-20 15:59:43.491 [error] Failed to find document for file:///container/pyspark_workspace/local_data_storage/.vscode-server/bin/e8653663e8840adaf45af01eab5c627a5af81807/extensions/css-language-features/package.json	
2024-11-20 15:59:44.213 [error] Failed to find document for file:///container/pyspark_workspace/local_data_storage/.vscode-server/bin/e8653663e8840adaf45af01eab5c627a5af81807/extensions/css-language-features/server/package.json	
2024-11-20 15:59:44.243 [error] Failed to find document for file:///container/pyspark_workspace/local_data_storage/.vscode-server/bin/e8653663e8840adaf45af01eab5c627a5af81807/extensions/configuration-editing/package.json	
2024-11-20 15:59:44.267 [error] Failed to find document for file:///container/pyspark_workspace/local_data_storage/.vscode-server/bin/e8653663e8840adaf45af01eab5c627a5af81807/extensions/debug-server-ready/package.json	
2024-11-20 15:59:45.713 [error] Failed to find document for file:///container/pyspark_workspace/local_data_storage/.vscode-server/bin/65edc4939843c90c34d61f4ce11704f09d3e5cb6/extensions/search-result/package.json	
2024-11-20 15:59:45.716 [error] Failed to find document for file:///container/pyspark_workspace/local_data_storage/.vscode-server/bin/65edc4939843c90c34d61f4ce11704f09d3e5cb6/extensions/tunnel-forwarding/package.json	
2024-11-20 15:59:45.717 [error] Failed to find document for file:///container/pyspark_workspace/local_data_storage/.vscode-server/bin/65edc4939843c90c34d61f4ce11704f09d3e5cb6/extensions/typescript-language-features/package.json	
2024-11-20 15:59:45.723 [error] Failed to find document for file:///container/pyspark_workspace/local_data_storage/.vscode-server/bin/65edc4939843c90c34d61f4ce11704f09d3e5cb6/extensions/simple-browser/package.json	
2024-11-20 15:59:46.391 [error] Failed to find document for file:///container/pyspark_workspace/local_data_storage/.vscode-server/bin/65edc4939843c90c34d61f4ce11704f09d3e5cb6/extensions/ms-vscode.js-debug-companion/package.json	
2024-11-20 15:59:47.529 [error] Failed to find document for file:///container/pyspark_workspace/local_data_storage/.vscode-server/bin/65edc4939843c90c34d61f4ce11704f09d3e5cb6/extensions/npm/package.json	
2024-11-20 15:59:49.667 [error] Failed to find document for file:///container/pyspark_workspace/local_data_storage/.vscode-server/bin/65edc4939843c90c34d61f4ce11704f09d3e5cb6/extensions/ms-vscode.js-debug/package.json	
2024-11-20 15:59:51.807 [error] Failed to find document for file:///container/pyspark_workspace/local_data_storage/.vscode-server/bin/65edc4939843c90c34d61f4ce11704f09d3e5cb6/extensions/ms-vscode.vscode-js-profile-table/package.json	
2024-11-20 15:59:51.847 [error] Failed to find document for file:///container/pyspark_workspace/local_data_storage/.vscode-server/bin/65edc4939843c90c34d61f4ce11704f09d3e5cb6/extensions/php-language-features/package.json	
2024-11-20 15:59:52.537 [error] Failed to find document for file:///container/pyspark_workspace/local_data_storage/.vscode-server/bin/65edc4939843c90c34d61f4ce11704f09d3e5cb6/extensions/microsoft-authentication/package.json	
2024-11-20 15:59:52.962 [error] Failed to find document for file:///container/pyspark_workspace/local_data_storage/.vscode-server/bin/65edc4939843c90c34d61f4ce11704f09d3e5cb6/extensions/merge-conflict/package.json	
2024-11-20 15:59:53.218 [error] Failed to find document for file:///container/pyspark_workspace/local_data_storage/.vscode-server/bin/65edc4939843c90c34d61f4ce11704f09d3e5cb6/extensions/media-preview/package.json	
2024-11-20 15:59:53.260 [error] Failed to find document for file:///container/pyspark_workspace/local_data_storage/.vscode-server/bin/65edc4939843c90c34d61f4ce11704f09d3e5cb6/extensions/markdown-language-features/package.json	
2024-11-20 15:59:55.325 [error] Failed to find document for file:///container/pyspark_workspace/local_data_storage/.vscode-server/bin/65edc4939843c90c34d61f4ce11704f09d3e5cb6/extensions/markdown-math/package.json	
2024-11-20 15:59:56.106 [error] Failed to find document for file:///container/pyspark_workspace/local_data_storage/.vscode-server/bin/65edc4939843c90c34d61f4ce11704f09d3e5cb6/extensions/jake/package.json	
