2024-11-14 08:05:31.320 [info] (Client) Pylance async client (2024.11.1) started with python extension (2024.20.0)
2024-11-14 08:05:46.019 [info] [Info  - 8:05:41 AM] (1414) Server root directory: file:///root/.vscode-server/extensions/ms-python.vscode-pylance-2024.11.1/dist
2024-11-14 08:05:47.475 [info] [Info  - 8:05:47 AM] (1414) Pylance language server 2024.11.1 (pyright version 1.1.386, commit 4180fa21) starting
2024-11-14 08:05:47.501 [info] [Info  - 8:05:47 AM] (1414) Starting service instance "pyspark_workspace"
2024-11-14 08:05:48.900 [info] [Info  - 8:05:48 AM] (1414) Setting environmentName for service "pyspark_workspace": "D:\Program Files\Python\python.exe"
2024-11-14 08:05:48.906 [info] [Info  - 8:05:48 AM] (1414) No include entries specified; assuming /container/pyspark_workspace
2024-11-14 08:05:48.936 [info] [Info  - 8:05:48 AM] (1414) Auto-excluding **/node_modules
2024-11-14 08:05:48.954 [info] [Info  - 8:05:48 AM] (1414) Auto-excluding **/__pycache__
2024-11-14 08:05:49.313 [info] [Info  - 8:05:49 AM] (1414) Auto-excluding **/.*
2024-11-14 08:05:58.635 [info] [Info  - 8:05:58 AM] (1414) Found 2 source files
2024-11-14 08:05:58.943 [info] [Info  - 8:05:58 AM] (1414) Background analysis(1) root directory: file:///root/.vscode-server/extensions/ms-python.vscode-pylance-2024.11.1/dist
2024-11-14 08:05:58.945 [info] [Info  - 8:05:58 AM] (1414) Background analysis(1) started
2024-11-14 08:05:58.954 [info] [Info  - 8:05:58 AM] (1414) Setting environmentName for service "pyspark_workspace": "D:\Program Files\Python\python.exe"
2024-11-14 08:05:58.957 [info] [Info  - 8:05:58 AM] (1414) No include entries specified; assuming /container/pyspark_workspace
2024-11-14 08:05:58.958 [info] [Info  - 8:05:58 AM] (1414) Auto-excluding **/node_modules
2024-11-14 08:05:58.961 [info] [Info  - 8:05:58 AM] (1414) Auto-excluding **/__pycache__
2024-11-14 08:05:58.963 [info] [Info  - 8:05:58 AM] (1414) Auto-excluding **/.*
2024-11-14 08:06:05.082 [info] [Info  - 8:06:05 AM] (1414) Found 2 source files
2024-11-14 08:06:05.139 [info] [Info  - 8:06:05 AM] (1414) Starting service instance "pyspark_workspace"
2024-11-14 08:06:05.255 [info] [Info  - 8:06:05 AM] (1414) Setting environmentName for service "pyspark_workspace": "D:\Program Files\Python\python.exe"
2024-11-14 08:06:05.256 [info] [Info  - 8:06:05 AM] (1414) Setting pythonPath for service "pyspark_workspace": "/usr/local/bin/python"
2024-11-14 08:06:05.258 [info] [Info  - 8:06:05 AM] (1414) No include entries specified; assuming /container/pyspark_workspace
2024-11-14 08:06:05.260 [info] [Info  - 8:06:05 AM] (1414) Auto-excluding **/node_modules
2024-11-14 08:06:05.261 [info] [Info  - 8:06:05 AM] (1414) Auto-excluding **/__pycache__
2024-11-14 08:06:05.263 [info] [Info  - 8:06:05 AM] (1414) Auto-excluding **/.*
2024-11-14 08:06:05.361 [info] [Info  - 8:06:05 AM] (1414) Assuming Python version 3.11.9.final.0
2024-11-14 08:06:09.631 [info] [Info  - 8:06:09 AM] (1414) Found 2 source files
2024-11-14 08:06:12.005 [info] [Info  - 8:06:12 AM] (1414) [FG] Long operation: parsing: vscode-notebook-cell://attached-container%2B7b22636f6e7461696e65724e616d65223a222f707974686f6e5f656e7669726f6e6d656e74222c2273657474696e6773223a7b22636f6e74657874223a226465736b746f702d6c696e7578227d7d/container/pyspark_workspace/source_code/sample_code/Test_Kafka.ipynb#W2sdnNjb2RlLXJlbW90ZQ%3D%3D (2014ms)
2024-11-14 08:06:13.164 [info] [Info  - 8:06:13 AM] (1414) Background analysis(2) root directory: file:///root/.vscode-server/extensions/ms-python.vscode-pylance-2024.11.1/dist
2024-11-14 08:06:13.176 [info] [Info  - 8:06:13 AM] (1414) Background analysis(2) started
2024-11-14 08:06:13.748 [info] [Info  - 8:06:13 AM] (1414) Indexer background runner(3) root directory: file:///root/.vscode-server/extensions/ms-python.vscode-pylance-2024.11.1/dist (index)
2024-11-14 08:06:13.751 [info] [Info  - 8:06:13 AM] (1414) Indexing(3) started
2024-11-14 08:06:15.494 [info] [Info  - 8:06:15 AM] (1414) [BG(2)] Long operation: parsing: file:///container/pyspark_workspace/source_code/sample_code/Test_Kafka.ipynb.py#W3sdnNjb2RlLXJlbW90ZQ%3D%3D (3642ms)
2024-11-14 08:06:18.191 [info] [Info  - 8:06:18 AM] (1414) [BG(2)] Long operation: SemanticTokens full at file:///container/pyspark_workspace/source_code/sample_code/Test_Kafka.ipynb.py#W3sdnNjb2RlLXJlbW90ZQ%3D%3D (6341ms)
2024-11-14 08:06:23.695 [info] [Info  - 8:06:23 AM] (1414) [BG(2)] Long operation: analyzing: file:///container/pyspark_workspace/source_code/sample_code/Test_Kafka.ipynb.py#pylancePrefixCell (2070ms)
2024-11-14 08:06:51.840 [info] [Info  - 8:06:51 AM] (1414) [IDX(3)] Long operation: scan packages file:///container/pyspark_workspace (34946ms)
2024-11-14 08:06:51.842 [info] [Info  - 8:06:51 AM] (1414) scanned(3) 90 files over 1 exec env
2024-11-14 08:06:55.182 [info] [Info  - 8:06:55 AM] (1414) Setting environmentName for service "pyspark_workspace": "D:\Program Files\Python\python.exe"
2024-11-14 08:06:55.196 [info] [Info  - 8:06:55 AM] (1414) Setting pythonPath for service "pyspark_workspace": "/usr/local/bin/python"
2024-11-14 08:06:55.231 [info] [Info  - 8:06:55 AM] (1414) No include entries specified; assuming /container/pyspark_workspace
2024-11-14 08:06:55.249 [info] [Info  - 8:06:55 AM] (1414) Auto-excluding **/node_modules
2024-11-14 08:06:55.279 [info] [Info  - 8:06:55 AM] (1414) Auto-excluding **/__pycache__
2024-11-14 08:06:55.293 [info] [Info  - 8:06:55 AM] (1414) Auto-excluding **/.*
2024-11-14 08:06:55.343 [info] [Info  - 8:06:55 AM] (1414) Assuming Python version 3.11.9.final.0
2024-11-14 08:07:00.502 [info] [Info  - 8:07:00 AM] (1414) Found 15 source files
2024-11-14 08:07:00.538 [info] [Info  - 8:07:00 AM] (1414) [IDX(3)] Long operation: index packages file:///container/pyspark_workspace (5201ms)
2024-11-14 08:07:00.539 [info] [Info  - 8:07:00 AM] (1414) indexed(3) 90 files over 1 exec env
2024-11-14 08:07:01.257 [info] [Info  - 8:07:01 AM] (1414) Setting environmentName for service "pyspark_workspace": "D:\Program Files\Python\python.exe"
2024-11-14 08:07:01.268 [info] [Info  - 8:07:01 AM] (1414) No include entries specified; assuming /container/pyspark_workspace
2024-11-14 08:07:01.271 [info] [Info  - 8:07:01 AM] (1414) Auto-excluding **/node_modules
2024-11-14 08:07:01.273 [info] [Info  - 8:07:01 AM] (1414) Auto-excluding **/__pycache__
2024-11-14 08:07:01.276 [info] [Info  - 8:07:01 AM] (1414) Auto-excluding **/.*
2024-11-14 08:07:08.929 [info] [Info  - 8:07:08 AM] (1414) Found 2 source files
2024-11-14 08:07:18.048 [info] [Info  - 8:07:18 AM] (1414) [FG] Long operation: parsing: vscode-notebook-cell://attached-container%2B7b22636f6e7461696e65724e616d65223a222f707974686f6e5f656e7669726f6e6d656e74222c2273657474696e6773223a7b22636f6e74657874223a226465736b746f702d6c696e7578227d7d/container/pyspark_workspace/source_code/sample_code/Test_Kafka.ipynb#W3sdnNjb2RlLXJlbW90ZQ%3D%3D (9089ms)
2024-11-14 08:07:19.284 [info] [Info  - 8:07:19 AM] (1414) [BG(2)] Long operation: parsing: file:///container/pyspark_workspace/source_code/sample_code/Test_Project_1.py (5652ms)
2024-11-14 08:07:19.312 [info] [Info  - 8:07:19 AM] (1414) [BG(2)] Long operation: indexing: file:///container/pyspark_workspace/source_code/sample_code/Test_Project_1.py (5974ms)
2024-11-14 08:07:19.345 [info] [Info  - 8:07:19 AM] (1414) [BG(2)] Long operation: checking: file:///container/pyspark_workspace/source_code/sample_code/Test_Kafka.ipynb.py#X15sdnNjb2RlLXJlbW90ZQ%3D%3D (4661ms)
2024-11-14 08:07:19.352 [info] [Info  - 8:07:19 AM] (1414) [BG(2)] Long operation: analyzing: file:///container/pyspark_workspace/source_code/sample_code/Test_Kafka.ipynb.py#X15sdnNjb2RlLXJlbW90ZQ%3D%3D (4681ms)
2024-11-14 08:07:19.356 [info] [Info  - 8:07:19 AM] (1414) [BG(2)] Long operation: analyzing: file:///container/pyspark_workspace/source_code/sample_code/Test_Kafka.ipynb.py#pylancePrefixCell (9477ms)
2024-11-14 08:07:19.384 [info] [Info  - 8:07:19 AM] (1414) [IDX(3)] Long operation: scan packages file:///container/pyspark_workspace (3921ms)
2024-11-14 08:07:19.406 [info] [Info  - 8:07:19 AM] (1414) scanned(3) 90 files over 1 exec env
2024-11-14 08:07:22.395 [info] [Info  - 8:07:22 AM] (1414) [IDX(3)] Long operation: index packages file:///container/pyspark_workspace (2179ms)
2024-11-14 08:07:22.399 [info] [Info  - 8:07:22 AM] (1414) indexed(3) 90 files over 1 exec env
2024-11-14 08:07:23.014 [info] [Info  - 8:07:23 AM] (1414) Indexing finished(3).
2024-11-14 10:30:21.862 [info] [Info  - 10:30:21 AM] (1414) [BG(2)] Long operation: SemanticTokens full at file:///container/pyspark_workspace/source_code/sample_code/Test_Kafka.ipynb.py#X14sdnNjb2RlLXJlbW90ZQ%3D%3D (2174ms)
