2024-11-21 02:24:12.660 [info] Name: isort
2024-11-21 02:24:12.661 [info] Module: isort
2024-11-21 02:24:12.662 [info] Python extension loading
2024-11-21 02:24:12.664 [info] Waiting for interpreter from python extension.
2024-11-21 02:24:12.795 [info] No interpreter found from setting isort.interpreter
2024-11-21 02:24:12.795 [info] Getting interpreter from ms-python.python extension for workspace /container/pyspark_workspace
2024-11-21 02:24:12.796 [info] Python extension loaded
2024-11-21 02:24:13.750 [info] No interpreter found for /container/pyspark_workspace in settings or from ms-python.python extension
2024-11-21 02:24:13.752 [error] Python interpreter missing:
[Option 1] Select python interpreter using the ms-python.python.
[Option 2] Set an interpreter using "isort.interpreter" setting.
 Please use Python 3.7 or greater.
2024-11-21 02:35:37.004 [info] No interpreter found from setting isort.interpreter
2024-11-21 02:35:37.059 [info] Getting interpreter from ms-python.python extension for workspace /container/pyspark_workspace
2024-11-21 02:35:37.059 [info] No interpreter found from setting isort.interpreter
2024-11-21 02:35:37.060 [info] Getting interpreter from ms-python.python extension for workspace /container/pyspark_workspace
2024-11-21 02:35:37.267 [info] No interpreter found for /container/pyspark_workspace in settings or from ms-python.python extension
2024-11-21 02:35:37.268 [error] Python interpreter missing:
[Option 1] Select python interpreter using the ms-python.python.
[Option 2] Set an interpreter using "isort.interpreter" setting.
 Please use Python 3.7 or greater.
2024-11-21 02:35:37.272 [info] No interpreter found for /container/pyspark_workspace in settings or from ms-python.python extension
2024-11-21 02:35:37.277 [error] Python interpreter missing:
[Option 1] Select python interpreter using the ms-python.python.
[Option 2] Set an interpreter using "isort.interpreter" setting.
 Please use Python 3.7 or greater.
