2024-11-20 17:52:45.135 [info] [main] Log level: Info
2024-11-20 17:52:45.135 [info] [main] Validating found git in: "git"
2024-11-20 17:52:45.136 [info] [main] Using git "2.39.2" from "git"
2024-11-20 17:52:45.136 [info] [Model][doInitialScan] Initial repository scan started
2024-11-20 17:52:45.137 [info] > git rev-parse --show-toplevel [2427ms]
2024-11-20 17:52:45.137 [info] > git rev-parse --git-dir --git-common-dir [3403ms]
2024-11-20 17:52:45.137 [info] [Model][openRepository] Opened repository: /container/pyspark_workspace
2024-11-20 17:52:45.288 [info] > git config --get commit.template [2232ms]
2024-11-20 17:52:45.883 [info] > git rev-parse --show-toplevel [722ms]
2024-11-20 17:52:46.540 [info] > git check-ignore -v -z --stdin [1222ms]
2024-11-20 17:52:46.545 [info] > git for-each-ref --format=%(refname)%00%(upstream:short)%00%(objectname)%00%(upstream:track)%00%(upstream:remotename)%00%(upstream:remoteref) refs/heads/main refs/remotes/main [795ms]
2024-11-20 17:52:46.680 [info] > git rev-parse --show-toplevel [217ms]
2024-11-20 17:52:48.167 [info] > git rev-parse --show-toplevel [1445ms]
2024-11-20 17:52:48.638 [info] > git rev-parse --show-toplevel [419ms]
2024-11-20 17:52:48.639 [info] > git for-each-ref --sort -committerdate --format %(refname) %(objectname) %(*objectname) [443ms]
2024-11-20 17:52:49.137 [info] > git rev-parse --show-toplevel [455ms]
2024-11-20 17:52:49.239 [info] > git rev-parse --show-toplevel [78ms]
2024-11-20 17:52:49.247 [info] [Model][doInitialScan] Initial repository scan completed - repositories (1), closed repositories (0), parent repositories (0), unsafe repositories (0)
2024-11-20 17:54:37.459 [info] > git ls-files --stage -- /container/pyspark_workspace/source_code/utils/download_spark_package.py [1350ms]
2024-11-20 17:54:37.464 [info] > git show --textconv :source_code/utils/download_spark_package.py [1393ms]
2024-11-20 17:54:37.536 [info] > git check-ignore -v -z --stdin [740ms]
2024-11-20 18:00:48.338 [info] > git check-ignore -v -z --stdin [624ms]
2024-11-20 18:01:05.880 [info] > git check-ignore -v -z --stdin [537ms]
2024-11-20 18:02:16.534 [info] > git check-ignore -v -z --stdin [546ms]
2024-11-20 18:02:19.679 [info] > git check-ignore -v -z --stdin [459ms]
2024-11-20 18:02:29.861 [info] > git check-ignore -v -z --stdin [606ms]
2024-11-20 18:02:32.665 [info] > git check-ignore -v -z --stdin [617ms]
2024-11-20 18:02:43.173 [info] > git check-ignore -v -z --stdin [892ms]
2024-11-20 18:02:44.656 [info] > git check-ignore -v -z --stdin [547ms]
2024-11-20 18:02:51.397 [info] > git check-ignore -v -z --stdin [531ms]
2024-11-20 18:03:00.245 [info] > git check-ignore -v -z --stdin [546ms]
2024-11-20 18:03:01.845 [info] > git check-ignore -v -z --stdin [578ms]
2024-11-20 18:03:21.914 [info] > git check-ignore -v -z --stdin [673ms]
2024-11-20 18:03:43.410 [info] > git ls-files --stage -- /container/pyspark_workspace/source_code/utils/download_spark_package.py [462ms]
2024-11-20 18:03:43.412 [info] > git show --textconv :source_code/utils/download_spark_package.py [489ms]
2024-11-20 18:03:51.323 [info] > git ls-files --stage -- /container/pyspark_workspace/source_code/utils/spark.py [695ms]
2024-11-20 18:03:51.328 [info] > git show --textconv :source_code/utils/spark.py [721ms]
2024-11-20 18:05:48.374 [info] > git show --textconv :source_code/utils/spark.py [415ms]
2024-11-20 18:05:48.377 [info] > git ls-files --stage -- /container/pyspark_workspace/source_code/utils/spark.py [403ms]
2024-11-20 18:06:08.896 [info] > git show --textconv :source_code/utils/spark.py [396ms]
2024-11-20 18:06:08.897 [info] > git ls-files --stage -- /container/pyspark_workspace/source_code/utils/spark.py [384ms]
2024-11-20 18:06:23.008 [info] > git ls-files --stage -- /container/pyspark_workspace/source_code/utils/spark.py [676ms]
2024-11-20 18:06:23.015 [info] > git show --textconv :source_code/utils/spark.py [711ms]
2024-11-20 18:07:49.196 [info] > git ls-files --stage -- /container/pyspark_workspace/source_code/utils/spark.py [452ms]
2024-11-20 18:07:49.205 [info] > git show --textconv :source_code/utils/spark.py [476ms]
2024-11-20 18:08:32.236 [info] > git check-ignore -v -z --stdin [533ms]
2024-11-20 18:08:46.933 [info] > git ls-files --stage -- /container/pyspark_workspace/source_code/utils/download_spark_package.py [477ms]
2024-11-20 18:08:46.937 [info] > git show --textconv :source_code/utils/download_spark_package.py [499ms]
2024-11-20 18:08:47.810 [info] > git ls-files --stage -- /container/pyspark_workspace/source_code/utils/spark.py [346ms]
2024-11-20 18:08:47.816 [info] > git show --textconv :source_code/utils/spark.py [364ms]
2024-11-20 18:09:12.259 [info] > git status -z -uall [984075ms] (cancelled)
2024-11-20 18:14:18.236 [info] > git ls-files --stage -- /container/pyspark_workspace/Dockerfile.pyspark_workspace [395ms]
2024-11-20 18:14:18.449 [info] > git show --textconv :Dockerfile.pyspark_workspace [626ms]
2024-11-20 18:14:18.450 [info] > git cat-file -s 94becbf16154edcddd10fcecbfa3e8fe813dd2e8 [203ms]
2024-11-20 18:14:32.480 [info] > git show --textconv :source_code/utils/spark.py [458ms]
2024-11-20 18:14:32.486 [info] > git ls-files --stage -- /container/pyspark_workspace/source_code/utils/spark.py [445ms]
2024-11-20 18:14:59.220 [info] > git show --textconv :source_code/utils/spark.py [245ms]
2024-11-20 18:14:59.222 [info] > git ls-files --stage -- /container/pyspark_workspace/source_code/utils/spark.py [238ms]
2024-11-20 18:15:28.008 [info] > git ls-files --stage -- /container/pyspark_workspace/source_code/utils/spark.py [625ms]
2024-11-20 18:15:28.017 [info] > git show --textconv :source_code/utils/spark.py [685ms]
2024-11-20 18:15:41.048 [info] > git ls-files --stage -- /container/pyspark_workspace/Dockerfile.pyspark_workspace [385ms]
2024-11-20 18:15:41.172 [info] > git cat-file -s 94becbf16154edcddd10fcecbfa3e8fe813dd2e8 [103ms]
2024-11-20 18:15:41.211 [info] > git show --textconv :Dockerfile.pyspark_workspace [594ms]
2024-11-20 18:15:42.019 [info] > git ls-files --stage -- /container/pyspark_workspace/source_code/utils/spark.py [354ms]
2024-11-20 18:15:42.023 [info] > git show --textconv :source_code/utils/spark.py [380ms]
2024-11-20 18:18:28.831 [info] > git show --textconv :source_code/utils/spark.py [871ms]
2024-11-20 18:18:28.838 [info] > git ls-files --stage -- /container/pyspark_workspace/source_code/utils/spark.py [892ms]
2024-11-20 18:18:33.700 [info] > git show --textconv :source_code/utils/download_spark_package.py [714ms]
2024-11-20 18:18:33.701 [info] > git ls-files --stage -- /container/pyspark_workspace/source_code/utils/download_spark_package.py [698ms]
2024-11-20 18:21:38.186 [info] > git show --textconv :source_code/utils/spark.py [454ms]
2024-11-20 18:21:38.189 [info] > git ls-files --stage -- /container/pyspark_workspace/source_code/utils/spark.py [437ms]
2024-11-20 18:21:43.236 [info] > git ls-files --stage -- /container/pyspark_workspace/source_code/utils/download_spark_package.py [396ms]
2024-11-20 18:21:43.243 [info] > git show --textconv :source_code/utils/download_spark_package.py [421ms]
2024-11-20 18:23:14.609 [info] > git ls-files --stage -- /container/pyspark_workspace/source_code/utils/download_spark_package.py [475ms]
2024-11-20 18:23:14.610 [info] > git show --textconv :source_code/utils/download_spark_package.py [492ms]
2024-11-20 18:23:16.477 [info] > git ls-files --stage -- /container/pyspark_workspace/Dockerfile.pyspark_workspace [467ms]
2024-11-20 18:23:16.577 [info] > git cat-file -s 94becbf16154edcddd10fcecbfa3e8fe813dd2e8 [84ms]
2024-11-20 18:23:16.619 [info] > git show --textconv :Dockerfile.pyspark_workspace [623ms]
2024-11-20 18:23:18.213 [info] > git show --textconv :source_code/utils/download_spark_package.py [435ms]
2024-11-20 18:23:18.214 [info] > git ls-files --stage -- /container/pyspark_workspace/source_code/utils/download_spark_package.py [418ms]
2024-11-20 18:25:09.619 [info] > git check-ignore -v -z --stdin [514ms]
2024-11-20 18:25:22.154 [info] > git check-ignore -v -z --stdin [568ms]
2024-11-20 18:25:24.327 [info] > git show --textconv :source_code/generate_data/generate_csv_ids.py [1199ms]
2024-11-20 18:25:24.329 [info] > git ls-files --stage -- /container/pyspark_workspace/source_code/generate_data/generate_csv_ids.py [1165ms]
2024-11-20 18:55:14.533 [info] > git ls-files --stage -- /container/pyspark_workspace/source_code/utils/download_spark_package.py [583ms]
2024-11-20 18:55:14.541 [info] > git show --textconv :source_code/utils/download_spark_package.py [612ms]
2024-11-20 18:55:40.013 [info] > git show --textconv :source_code/generate_data/generate_csv_ids.py [637ms]
2024-11-20 18:55:40.017 [info] > git ls-files --stage -- /container/pyspark_workspace/source_code/generate_data/generate_csv_ids.py [627ms]
2024-11-20 19:02:43.638 [info] > git ls-files --stage -- /container/pyspark_workspace/source_code/generate_data/generate_dummy_data.py [1739ms]
2024-11-20 19:02:43.667 [info] > git show --textconv :source_code/generate_data/generate_dummy_data.py [1837ms]
2024-11-20 19:02:52.127 [info] > git ls-files --stage -- /container/pyspark_workspace/source_code/generate_data/insert_dummy_data_into_CreditStagingDB.py [583ms]
2024-11-20 19:02:52.140 [info] > git show --textconv :source_code/generate_data/insert_dummy_data_into_CreditStagingDB.py [611ms]
2024-11-20 19:02:56.210 [info] > git ls-files --stage -- /container/pyspark_workspace/source_code/generate_data/generate_product_master_data.py [1050ms]
2024-11-20 19:02:56.218 [info] > git show --textconv :source_code/generate_data/generate_product_master_data.py [1112ms]
2024-11-20 19:03:02.650 [info] > git show --textconv :source_code/generate_data/generate_dummy_data.py [811ms]
2024-11-20 19:03:02.651 [info] > git ls-files --stage -- /container/pyspark_workspace/source_code/generate_data/generate_dummy_data.py [798ms]
2024-11-20 19:03:28.739 [info] > git ls-files --stage -- /container/pyspark_workspace/source_code/generate_data/generate_dummy_data.py [577ms]
2024-11-20 19:03:28.747 [info] > git show --textconv :source_code/generate_data/generate_dummy_data.py [603ms]
2024-11-20 19:09:53.721 [info] > git ls-files --stage -- /container/pyspark_workspace/source_code/utils/spark.py [473ms]
2024-11-20 19:09:53.726 [info] > git show --textconv :source_code/utils/spark.py [512ms]
