2024-11-05 14:17:26.246 [info] [main] Log level: Info
2024-11-05 14:17:26.249 [info] [main] Validating found git in: "git"
2024-11-05 14:17:26.249 [info] [main] Using git "2.39.2" from "git"
2024-11-05 14:17:26.250 [info] [Model][doInitialScan] Initial repository scan started
2024-11-05 14:17:27.849 [info] > git rev-parse --show-toplevel [1652ms]
2024-11-05 14:17:27.951 [info] > git rev-parse --git-dir --git-common-dir [66ms]
2024-11-05 14:17:28.002 [info] [Model][openRepository] Opened repository: /container/pyspark_workspace
2024-11-05 14:17:28.117 [info] > git config --get commit.template [91ms]
2024-11-05 14:17:28.160 [info] > git rev-parse --show-toplevel [121ms]
2024-11-05 14:17:28.253 [info] > git rev-parse --show-toplevel [53ms]
2024-11-05 14:17:28.319 [info] > git rev-parse --show-toplevel [52ms]
2024-11-05 14:17:28.383 [info] > git rev-parse --show-toplevel [45ms]
2024-11-05 14:17:28.431 [info] > git rev-parse --show-toplevel [37ms]
2024-11-05 14:17:28.526 [info] > git rev-parse --show-toplevel [73ms]
2024-11-05 14:17:28.577 [info] > git rev-parse --show-toplevel [34ms]
2024-11-05 14:17:28.633 [info] > git rev-parse --show-toplevel [32ms]
2024-11-05 14:17:28.673 [info] [Model][doInitialScan] Initial repository scan completed - repositories (1), closed repositories (0), parent repositories (0), unsafe repositories (0)
2024-11-05 14:17:28.696 [info] > git for-each-ref --format=%(refname)%00%(upstream:short)%00%(objectname)%00%(upstream:track)%00%(upstream:remotename)%00%(upstream:remoteref) refs/heads/main refs/remotes/main [640ms]
2024-11-05 14:17:28.921 [info] > git check-ignore -v -z --stdin [227ms]
2024-11-05 14:17:28.952 [info] > git for-each-ref --sort -committerdate --format %(refname) %(objectname) %(*objectname) [202ms]
2024-11-05 14:17:36.628 [info] > git status -z -uall [7890ms]
2024-11-05 14:17:39.647 [info] > git for-each-ref --format=%(refname)%00%(upstream:short)%00%(objectname)%00%(upstream:track)%00%(upstream:remotename)%00%(upstream:remoteref) refs/heads/main refs/remotes/main [2633ms]
2024-11-05 14:17:39.730 [info] > git config --local branch.main.vscode-merge-base [70ms]
2024-11-05 14:17:39.776 [info] > git config --get commit.template [149ms]
2024-11-05 14:17:40.396 [info] > git for-each-ref --format=%(refname)%00%(upstream:short)%00%(objectname)%00%(upstream:track)%00%(upstream:remotename)%00%(upstream:remoteref) refs/heads/origin/main refs/remotes/origin/main [622ms]
2024-11-05 14:17:41.391 [info] > git merge-base refs/heads/main refs/remotes/origin/main [979ms]
2024-11-05 14:17:41.399 [info] > git for-each-ref --format=%(refname)%00%(upstream:short)%00%(objectname)%00%(upstream:track)%00%(upstream:remotename)%00%(upstream:remoteref) refs/heads/main refs/remotes/main [1543ms]
2024-11-05 14:17:41.588 [info] > git diff --name-status -z --diff-filter=ADMR f4cd97e60797a5517d1119594431e03d7080a69c...refs/remotes/origin/main [190ms]
2024-11-05 14:17:41.608 [info] > git for-each-ref --sort -committerdate --format %(refname) %(objectname) %(*objectname) [177ms]
2024-11-05 14:17:45.701 [info] > git status -z -uall [4274ms]
2024-11-05 14:18:00.693 [info] > git config --get commit.template [3018ms]
2024-11-05 14:18:02.369 [info] > git for-each-ref --format=%(refname)%00%(upstream:short)%00%(objectname)%00%(upstream:track)%00%(upstream:remotename)%00%(upstream:remoteref) refs/heads/main refs/remotes/main [1678ms]
2024-11-05 14:18:03.144 [info] > git for-each-ref --sort -committerdate --format %(refname) %(objectname) %(*objectname) [161ms]
2024-11-05 14:18:09.146 [info] > git status -z -uall [6235ms]
2024-11-05 14:18:20.288 [info] > git config --get commit.template [264ms]
2024-11-05 14:18:20.673 [info] > git for-each-ref --format=%(refname)%00%(upstream:short)%00%(objectname)%00%(upstream:track)%00%(upstream:remotename)%00%(upstream:remoteref) refs/heads/main refs/remotes/main [586ms]
2024-11-05 14:18:20.952 [info] > git for-each-ref --sort -committerdate --format %(refname) %(objectname) %(*objectname) [254ms]
2024-11-05 14:18:28.569 [info] > git status -z -uall [7880ms]
2024-11-05 14:18:37.509 [info] > git config --get commit.template [280ms]
2024-11-05 14:18:37.899 [info] > git for-each-ref --format=%(refname)%00%(upstream:short)%00%(objectname)%00%(upstream:track)%00%(upstream:remotename)%00%(upstream:remoteref) refs/heads/main refs/remotes/main [604ms]
2024-11-05 14:18:38.239 [info] > git for-each-ref --sort -committerdate --format %(refname) %(objectname) %(*objectname) [292ms]
2024-11-05 14:19:05.515 [info] > git status -z -uall [27586ms]
2024-11-05 14:19:23.427 [info] > git config --get commit.template [8310ms]
2024-11-05 14:19:24.519 [info] > git for-each-ref --format=%(refname)%00%(upstream:short)%00%(objectname)%00%(upstream:track)%00%(upstream:remotename)%00%(upstream:remoteref) refs/heads/main refs/remotes/main [9252ms]
2024-11-05 14:19:24.842 [info] > git for-each-ref --sort -committerdate --format %(refname) %(objectname) %(*objectname) [293ms]
2024-11-05 14:19:41.583 [info] > git status -z -uall [17045ms]
2024-11-05 14:19:47.286 [info] > git config --get commit.template [64ms]
2024-11-05 14:19:48.116 [info] > git for-each-ref --format=%(refname)%00%(upstream:short)%00%(objectname)%00%(upstream:track)%00%(upstream:remotename)%00%(upstream:remoteref) refs/heads/main refs/remotes/main [880ms]
2024-11-05 14:19:49.210 [info] > git for-each-ref --sort -committerdate --format %(refname) %(objectname) %(*objectname) [1043ms]
2024-11-05 14:20:03.710 [info] > git status -z -uall [15554ms]
2024-11-05 14:20:58.141 [info] > git config --get commit.template [201ms]
2024-11-05 14:20:58.742 [info] > git for-each-ref --format=%(refname)%00%(upstream:short)%00%(objectname)%00%(upstream:track)%00%(upstream:remotename)%00%(upstream:remoteref) refs/heads/main refs/remotes/main [746ms]
2024-11-05 14:20:59.349 [info] > git for-each-ref --sort -committerdate --format %(refname) %(objectname) %(*objectname) [553ms]
2024-11-05 14:21:30.885 [info] > git status -z -uall [32098ms]
2024-11-05 14:22:13.692 [info] > git config --get commit.template [133ms]
2024-11-05 14:22:14.568 [info] > git for-each-ref --format=%(refname)%00%(upstream:short)%00%(objectname)%00%(upstream:track)%00%(upstream:remotename)%00%(upstream:remoteref) refs/heads/main refs/remotes/main [978ms]
2024-11-05 14:22:15.797 [info] > git for-each-ref --sort -committerdate --format %(refname) %(objectname) %(*objectname) [1136ms]
2024-11-05 14:22:52.981 [info] > git status -z -uall [38337ms]
2024-11-05 14:23:06.414 [info] > git config --get commit.template [112ms]
2024-11-05 14:23:07.180 [info] > git for-each-ref --format=%(refname)%00%(upstream:short)%00%(objectname)%00%(upstream:track)%00%(upstream:remotename)%00%(upstream:remoteref) refs/heads/main refs/remotes/main [834ms]
2024-11-05 14:23:07.484 [info] > git for-each-ref --sort -committerdate --format %(refname) %(objectname) %(*objectname) [275ms]
2024-11-05 14:23:29.847 [info] > git status -z -uall [22650ms]
2024-11-05 14:23:37.973 [info] > git config --get commit.template [44ms]
2024-11-05 14:23:38.219 [info] > git for-each-ref --format=%(refname)%00%(upstream:short)%00%(objectname)%00%(upstream:track)%00%(upstream:remotename)%00%(upstream:remoteref) refs/heads/main refs/remotes/main [276ms]
2024-11-05 14:23:38.440 [info] > git for-each-ref --sort -committerdate --format %(refname) %(objectname) %(*objectname) [195ms]
2024-11-05 14:23:57.233 [info] > git status -z -uall [18998ms]
2024-11-05 14:24:03.078 [info] > git config --get commit.template [104ms]
2024-11-05 14:24:03.348 [info] > git for-each-ref --format=%(refname)%00%(upstream:short)%00%(objectname)%00%(upstream:track)%00%(upstream:remotename)%00%(upstream:remoteref) refs/heads/main refs/remotes/main [349ms]
2024-11-05 14:24:03.811 [info] > git for-each-ref --sort -committerdate --format %(refname) %(objectname) %(*objectname) [375ms]
2024-11-05 14:24:26.292 [info] > git status -z -uall [22871ms]
2024-11-05 14:24:38.166 [info] > git config --get commit.template [33ms]
2024-11-05 14:24:38.715 [info] > git for-each-ref --format=%(refname)%00%(upstream:short)%00%(objectname)%00%(upstream:track)%00%(upstream:remotename)%00%(upstream:remoteref) refs/heads/main refs/remotes/main [571ms]
2024-11-05 14:24:38.962 [info] > git for-each-ref --sort -committerdate --format %(refname) %(objectname) %(*objectname) [206ms]
2024-11-05 14:24:59.654 [info] > git status -z -uall [20912ms]
2024-11-05 14:25:05.273 [info] > git config --get commit.template [66ms]
2024-11-05 14:25:05.835 [info] > git for-each-ref --format=%(refname)%00%(upstream:short)%00%(objectname)%00%(upstream:track)%00%(upstream:remotename)%00%(upstream:remoteref) refs/heads/main refs/remotes/main [613ms]
2024-11-05 14:25:06.066 [info] > git for-each-ref --sort -committerdate --format %(refname) %(objectname) %(*objectname) [188ms]
2024-11-05 14:25:24.862 [info] > git status -z -uall [18995ms]
2024-11-05 14:25:32.283 [info] > git config --get commit.template [1169ms]
2024-11-05 14:25:32.936 [info] > git for-each-ref --format=%(refname)%00%(upstream:short)%00%(objectname)%00%(upstream:track)%00%(upstream:remotename)%00%(upstream:remoteref) refs/heads/main refs/remotes/main [669ms]
2024-11-05 14:25:33.312 [info] > git for-each-ref --sort -committerdate --format %(refname) %(objectname) %(*objectname) [306ms]
2024-11-05 14:25:56.651 [info] > git status -z -uall [23677ms]
2024-11-05 14:26:03.874 [info] > git config --get commit.template [100ms]
2024-11-05 14:26:04.316 [info] > git for-each-ref --format=%(refname)%00%(upstream:short)%00%(objectname)%00%(upstream:track)%00%(upstream:remotename)%00%(upstream:remoteref) refs/heads/main refs/remotes/main [514ms]
2024-11-05 14:26:04.701 [info] > git for-each-ref --sort -committerdate --format %(refname) %(objectname) %(*objectname) [332ms]
2024-11-05 14:26:24.248 [info] > git status -z -uall [19895ms] (cancelled)
