2024-11-20 17:10:26.072 [info] Name: isort
2024-11-20 17:10:26.073 [info] Module: isort
2024-11-20 17:10:26.074 [info] Python extension loading
2024-11-20 17:10:26.074 [info] Waiting for interpreter from python extension.
2024-11-20 17:10:26.753 [info] No interpreter found from setting isort.interpreter
2024-11-20 17:10:26.753 [info] Getting interpreter from ms-python.python extension for workspace /container/pyspark_workspace
2024-11-20 17:10:26.754 [info] Python extension loaded
2024-11-20 17:10:40.813 [info] No interpreter found for /container/pyspark_workspace in settings or from ms-python.python extension
2024-11-20 17:10:40.817 [error] Python interpreter missing:
[Option 1] Select python interpreter using the ms-python.python.
[Option 2] Set an interpreter using "isort.interpreter" setting.
 Please use Python 3.7 or greater.
2024-11-20 17:10:45.089 [info] No interpreter found from setting isort.interpreter
2024-11-20 17:10:45.097 [info] Getting interpreter from ms-python.python extension for workspace /container/pyspark_workspace
2024-11-20 17:10:45.099 [info] No interpreter found from setting isort.interpreter
2024-11-20 17:10:45.108 [info] Getting interpreter from ms-python.python extension for workspace /container/pyspark_workspace
2024-11-20 17:10:45.363 [info] No interpreter found for /container/pyspark_workspace in settings or from ms-python.python extension
2024-11-20 17:10:45.368 [error] Python interpreter missing:
[Option 1] Select python interpreter using the ms-python.python.
[Option 2] Set an interpreter using "isort.interpreter" setting.
 Please use Python 3.7 or greater.
2024-11-20 17:10:45.377 [info] No interpreter found for /container/pyspark_workspace in settings or from ms-python.python extension
2024-11-20 17:10:45.380 [error] Python interpreter missing:
[Option 1] Select python interpreter using the ms-python.python.
[Option 2] Set an interpreter using "isort.interpreter" setting.
 Please use Python 3.7 or greater.
