2024-11-20 17:12:51.478 [error] Failed to find document for file:///container/pyspark_workspace/local_data_storage/.vscode-server/bin/65edc4939843c90c34d61f4ce11704f09d3e5cb6/package.json	
2024-11-20 17:12:51.684 [error] Failed to find document for file:///container/pyspark_workspace/local_data_storage/.vscode-server/bin/f1a4fb101478ce6ec82fe9627c43efbf9e98c813/package.json	
2024-11-20 17:12:51.709 [error] Failed to find document for file:///container/pyspark_workspace/local_data_storage/.vscode-server/bin/e8653663e8840adaf45af01eab5c627a5af81807/extensions/extension-editing/package.json	
2024-11-20 17:12:51.983 [error] Failed to find document for file:///container/pyspark_workspace/local_data_storage/.vscode-server/bin/65edc4939843c90c34d61f4ce11704f09d3e5cb6/extensions/simple-browser/package.json	
2024-11-20 17:12:51.990 [error] Failed to find document for file:///container/pyspark_workspace/local_data_storage/.vscode-server/bin/65edc4939843c90c34d61f4ce11704f09d3e5cb6/extensions/tunnel-forwarding/package.json	
2024-11-20 17:12:52.379 [error] Failed to find document for file:///container/pyspark_workspace/local_data_storage/.vscode-server/bin/65edc4939843c90c34d61f4ce11704f09d3e5cb6/extensions/php-language-features/package.json	
2024-11-20 17:12:52.445 [error] Failed to find document for file:///container/pyspark_workspace/local_data_storage/.vscode-server/bin/65edc4939843c90c34d61f4ce11704f09d3e5cb6/extensions/npm/package.json	
2024-11-20 17:12:53.774 [error] Failed to find document for file:///container/pyspark_workspace/local_data_storage/.vscode-server/bin/65edc4939843c90c34d61f4ce11704f09d3e5cb6/extensions/references-view/package.json	
2024-11-20 17:12:54.127 [error] Failed to find document for file:///container/pyspark_workspace/local_data_storage/.vscode-server/bin/65edc4939843c90c34d61f4ce11704f09d3e5cb6/extensions/merge-conflict/package.json	
2024-11-20 17:12:54.167 [error] Failed to find document for file:///container/pyspark_workspace/local_data_storage/.vscode-server/bin/65edc4939843c90c34d61f4ce11704f09d3e5cb6/extensions/microsoft-authentication/package.json	
2024-11-20 17:12:54.647 [error] Failed to find document for file:///container/pyspark_workspace/local_data_storage/.vscode-server/bin/65edc4939843c90c34d61f4ce11704f09d3e5cb6/extensions/ms-vscode.js-debug/package.json	
2024-11-20 17:12:54.868 [error] Failed to find document for file:///container/pyspark_workspace/local_data_storage/.vscode-server/bin/65edc4939843c90c34d61f4ce11704f09d3e5cb6/extensions/ms-vscode.js-debug-companion/package.json	
2024-11-20 17:12:55.031 [error] Failed to find document for file:///container/pyspark_workspace/local_data_storage/.vscode-server/bin/65edc4939843c90c34d61f4ce11704f09d3e5cb6/extensions/ms-vscode.vscode-js-profile-table/package.json	
2024-11-20 17:12:55.307 [error] Failed to find document for file:///container/pyspark_workspace/local_data_storage/.vscode-server/bin/65edc4939843c90c34d61f4ce11704f09d3e5cb6/extensions/media-preview/package.json	
2024-11-20 17:12:55.344 [error] Failed to find document for file:///container/pyspark_workspace/local_data_storage/.vscode-server/bin/65edc4939843c90c34d61f4ce11704f09d3e5cb6/extensions/jake/package.json	
2024-11-20 17:12:55.440 [error] Failed to find document for file:///container/pyspark_workspace/local_data_storage/.vscode-server/bin/65edc4939843c90c34d61f4ce11704f09d3e5cb6/extensions/json-language-features/package.json	
2024-11-20 17:12:56.099 [error] Failed to find document for file:///container/pyspark_workspace/local_data_storage/.vscode-server/bin/65edc4939843c90c34d61f4ce11704f09d3e5cb6/extensions/json-language-features/server/package.json	
2024-11-20 17:12:56.241 [error] Failed to find document for file:///container/pyspark_workspace/local_data_storage/.vscode-server/bin/65edc4939843c90c34d61f4ce11704f09d3e5cb6/extensions/markdown-language-features/package.json	
2024-11-20 17:12:56.271 [error] Failed to find document for file:///container/pyspark_workspace/local_data_storage/.vscode-server/bin/65edc4939843c90c34d61f4ce11704f09d3e5cb6/extensions/markdown-math/package.json	
2024-11-20 17:12:56.324 [error] Failed to find document for file:///container/pyspark_workspace/local_data_storage/.vscode-server/bin/65edc4939843c90c34d61f4ce11704f09d3e5cb6/extensions/ipynb/package.json	
2024-11-20 17:12:56.370 [error] Failed to find document for file:///container/pyspark_workspace/local_data_storage/.vscode-server/bin/65edc4939843c90c34d61f4ce11704f09d3e5cb6/extensions/gulp/package.json	
2024-11-20 17:12:56.418 [error] Failed to find document for file:///container/pyspark_workspace/local_data_storage/.vscode-server/bin/65edc4939843c90c34d61f4ce11704f09d3e5cb6/extensions/html-language-features/package.json	
2024-11-20 17:12:56.450 [error] Failed to find document for file:///container/pyspark_workspace/local_data_storage/.vscode-server/bin/65edc4939843c90c34d61f4ce11704f09d3e5cb6/extensions/html-language-features/server/package.json	
2024-11-20 17:12:56.466 [error] Failed to find document for file:///container/pyspark_workspace/local_data_storage/.vscode-server/bin/65edc4939843c90c34d61f4ce11704f09d3e5cb6/extensions/grunt/package.json	
2024-11-20 17:12:56.474 [error] Failed to find document for file:///container/pyspark_workspace/local_data_storage/.vscode-server/bin/65edc4939843c90c34d61f4ce11704f09d3e5cb6/extensions/github-authentication/package.json	
2024-11-20 17:12:56.493 [error] Failed to find document for file:///container/pyspark_workspace/local_data_storage/.vscode-server/bin/65edc4939843c90c34d61f4ce11704f09d3e5cb6/extensions/github/package.json	
2024-11-20 17:12:56.640 [error] Failed to find document for file:///container/pyspark_workspace/local_data_storage/.vscode-server/bin/65edc4939843c90c34d61f4ce11704f09d3e5cb6/extensions/git/package.json	
2024-11-20 17:12:56.648 [error] Failed to find document for file:///container/pyspark_workspace/local_data_storage/.vscode-server/bin/65edc4939843c90c34d61f4ce11704f09d3e5cb6/extensions/extension-editing/package.json	
2024-11-20 17:12:57.034 [error] Failed to find document for file:///container/pyspark_workspace/local_data_storage/.vscode-server/bin/65edc4939843c90c34d61f4ce11704f09d3e5cb6/extensions/emmet/package.json	
2024-11-20 17:12:57.467 [error] Failed to find document for file:///container/pyspark_workspace/local_data_storage/.vscode-server/bin/65edc4939843c90c34d61f4ce11704f09d3e5cb6/extensions/git-base/package.json	
2024-11-20 17:12:57.472 [error] Failed to find document for file:///container/pyspark_workspace/local_data_storage/.vscode-server/bin/65edc4939843c90c34d61f4ce11704f09d3e5cb6/extensions/css-language-features/package.json	
2024-11-20 17:12:57.501 [error] Failed to find document for file:///container/pyspark_workspace/local_data_storage/.vscode-server/bin/65edc4939843c90c34d61f4ce11704f09d3e5cb6/extensions/css-language-features/server/package.json	
2024-11-20 17:12:58.257 [error] Failed to find document for file:///container/pyspark_workspace/local_data_storage/.vscode-server/bin/65edc4939843c90c34d61f4ce11704f09d3e5cb6/extensions/configuration-editing/package.json	
2024-11-20 17:12:58.300 [error] Failed to find document for file:///container/pyspark_workspace/local_data_storage/.vscode-server/bin/65edc4939843c90c34d61f4ce11704f09d3e5cb6/extensions/debug-server-ready/package.json	
2024-11-20 17:12:58.555 [error] Failed to find document for file:///container/pyspark_workspace/local_data_storage/.vscode-server/bin/65edc4939843c90c34d61f4ce11704f09d3e5cb6/extensions/debug-auto-launch/package.json	
2024-11-20 17:12:58.907 [error] Failed to find document for file:///container/pyspark_workspace/local_data_storage/.vscode-server/bin/f1a4fb101478ce6ec82fe9627c43efbf9e98c813/extensions/npm/package.json	
2024-11-20 17:12:59.817 [error] Failed to find document for file:///container/pyspark_workspace/local_data_storage/.vscode-server/bin/f1a4fb101478ce6ec82fe9627c43efbf9e98c813/extensions/php-language-features/package.json	
2024-11-20 17:12:59.921 [error] Failed to find document for file:///container/pyspark_workspace/local_data_storage/.vscode-server/bin/f1a4fb101478ce6ec82fe9627c43efbf9e98c813/extensions/search-result/package.json	
2024-11-20 17:13:00.047 [error] Failed to find document for file:///container/pyspark_workspace/local_data_storage/.vscode-server/bin/f1a4fb101478ce6ec82fe9627c43efbf9e98c813/extensions/simple-browser/package.json	
2024-11-20 17:13:00.199 [error] Failed to find document for file:///container/pyspark_workspace/local_data_storage/.vscode-server/bin/f1a4fb101478ce6ec82fe9627c43efbf9e98c813/extensions/references-view/package.json	
2024-11-20 17:13:00.365 [error] Failed to find document for file:///container/pyspark_workspace/local_data_storage/.vscode-server/bin/f1a4fb101478ce6ec82fe9627c43efbf9e98c813/extensions/typescript-language-features/package.json	
2024-11-20 17:13:00.604 [error] Failed to find document for file:///container/pyspark_workspace/local_data_storage/.vscode-server/bin/f1a4fb101478ce6ec82fe9627c43efbf9e98c813/extensions/tunnel-forwarding/package.json	
2024-11-20 17:13:00.847 [error] Failed to find document for file:///container/pyspark_workspace/local_data_storage/.vscode-server/bin/f1a4fb101478ce6ec82fe9627c43efbf9e98c813/extensions/ms-vscode.js-debug-companion/package.json	
2024-11-20 17:13:00.956 [error] Failed to find document for file:///container/pyspark_workspace/local_data_storage/.vscode-server/bin/f1a4fb101478ce6ec82fe9627c43efbf9e98c813/extensions/ms-vscode.vscode-js-profile-table/package.json	
2024-11-20 17:13:01.078 [error] Failed to find document for file:///container/pyspark_workspace/local_data_storage/.vscode-server/bin/f1a4fb101478ce6ec82fe9627c43efbf9e98c813/extensions/microsoft-authentication/package.json	
2024-11-20 17:13:01.099 [error] Failed to find document for file:///container/pyspark_workspace/local_data_storage/.vscode-server/bin/f1a4fb101478ce6ec82fe9627c43efbf9e98c813/extensions/merge-conflict/package.json	
2024-11-20 17:13:01.104 [error] Failed to find document for file:///container/pyspark_workspace/local_data_storage/.vscode-server/bin/f1a4fb101478ce6ec82fe9627c43efbf9e98c813/extensions/ms-vscode.js-debug/package.json	
2024-11-20 17:13:01.128 [error] Failed to find document for file:///container/pyspark_workspace/local_data_storage/.vscode-server/bin/f1a4fb101478ce6ec82fe9627c43efbf9e98c813/extensions/json-language-features/package.json	
2024-11-20 17:13:01.147 [error] Failed to find document for file:///container/pyspark_workspace/local_data_storage/.vscode-server/bin/f1a4fb101478ce6ec82fe9627c43efbf9e98c813/extensions/jake/package.json	
2024-11-20 17:13:01.176 [error] Failed to find document for file:///container/pyspark_workspace/local_data_storage/.vscode-server/bin/f1a4fb101478ce6ec82fe9627c43efbf9e98c813/extensions/json-language-features/server/package.json	
2024-11-20 17:13:01.177 [error] Failed to find document for file:///container/pyspark_workspace/local_data_storage/.vscode-server/bin/f1a4fb101478ce6ec82fe9627c43efbf9e98c813/extensions/markdown-language-features/package.json	
2024-11-20 17:13:01.188 [error] Failed to find document for file:///container/pyspark_workspace/local_data_storage/.vscode-server/bin/f1a4fb101478ce6ec82fe9627c43efbf9e98c813/extensions/markdown-math/package.json	
