[2024-11-23T12:02:30.669+0000] {processor.py:157} INFO - Started process (PID=965) to work on /opt/airflow/dags/sample_dag_2.py
[2024-11-23T12:02:30.673+0000] {processor.py:829} INFO - Processing file /opt/airflow/dags/sample_dag_2.py for tasks to queue
[2024-11-23T12:02:30.678+0000] {logging_mixin.py:151} INFO - [2024-11-23T12:02:30.677+0000] {dagbag.py:539} INFO - Filling up the DagBag from /opt/airflow/dags/sample_dag_2.py
[2024-11-23T12:02:31.291+0000] {processor.py:839} INFO - DAG(s) dict_keys(['my_dag']) retrieved from /opt/airflow/dags/sample_dag_2.py
[2024-11-23T12:02:43.030+0000] {logging_mixin.py:151} INFO - [2024-11-23T12:02:43.029+0000] {dag.py:2907} INFO - Sync 1 DAGs
[2024-11-23T12:02:43.215+0000] {logging_mixin.py:151} INFO - [2024-11-23T12:02:43.213+0000] {dag.py:3677} INFO - Setting next_dagrun for my_dag to 2024-11-22T00:00:00+00:00, run_after=2024-11-23T00:00:00+00:00
[2024-11-23T12:02:43.520+0000] {processor.py:179} INFO - Processing /opt/airflow/dags/sample_dag_2.py took 12.871 seconds
[2024-11-23T12:03:14.021+0000] {processor.py:157} INFO - Started process (PID=976) to work on /opt/airflow/dags/sample_dag_2.py
[2024-11-23T12:03:14.025+0000] {processor.py:829} INFO - Processing file /opt/airflow/dags/sample_dag_2.py for tasks to queue
[2024-11-23T12:03:14.028+0000] {logging_mixin.py:151} INFO - [2024-11-23T12:03:14.027+0000] {dagbag.py:539} INFO - Filling up the DagBag from /opt/airflow/dags/sample_dag_2.py
[2024-11-23T12:03:14.095+0000] {processor.py:839} INFO - DAG(s) dict_keys(['my_dag']) retrieved from /opt/airflow/dags/sample_dag_2.py
[2024-11-23T12:03:14.222+0000] {logging_mixin.py:151} INFO - [2024-11-23T12:03:14.221+0000] {dag.py:2907} INFO - Sync 1 DAGs
[2024-11-23T12:03:14.299+0000] {logging_mixin.py:151} INFO - [2024-11-23T12:03:14.299+0000] {dag.py:3677} INFO - Setting next_dagrun for my_dag to 2024-11-22T00:00:00+00:00, run_after=2024-11-23T00:00:00+00:00
[2024-11-23T12:03:14.391+0000] {processor.py:179} INFO - Processing /opt/airflow/dags/sample_dag_2.py took 0.378 seconds
[2024-11-23T12:03:44.773+0000] {processor.py:157} INFO - Started process (PID=986) to work on /opt/airflow/dags/sample_dag_2.py
[2024-11-23T12:03:44.775+0000] {processor.py:829} INFO - Processing file /opt/airflow/dags/sample_dag_2.py for tasks to queue
[2024-11-23T12:03:44.777+0000] {logging_mixin.py:151} INFO - [2024-11-23T12:03:44.777+0000] {dagbag.py:539} INFO - Filling up the DagBag from /opt/airflow/dags/sample_dag_2.py
[2024-11-23T12:03:44.839+0000] {processor.py:839} INFO - DAG(s) dict_keys(['my_dag']) retrieved from /opt/airflow/dags/sample_dag_2.py
[2024-11-23T12:03:45.024+0000] {logging_mixin.py:151} INFO - [2024-11-23T12:03:45.023+0000] {dag.py:2907} INFO - Sync 1 DAGs
[2024-11-23T12:03:45.166+0000] {logging_mixin.py:151} INFO - [2024-11-23T12:03:45.166+0000] {dag.py:3677} INFO - Setting next_dagrun for my_dag to 2024-11-22T00:00:00+00:00, run_after=2024-11-23T00:00:00+00:00
[2024-11-23T12:03:45.281+0000] {processor.py:179} INFO - Processing /opt/airflow/dags/sample_dag_2.py took 0.514 seconds
[2024-11-23T12:04:15.767+0000] {processor.py:157} INFO - Started process (PID=996) to work on /opt/airflow/dags/sample_dag_2.py
[2024-11-23T12:04:15.770+0000] {processor.py:829} INFO - Processing file /opt/airflow/dags/sample_dag_2.py for tasks to queue
[2024-11-23T12:04:15.778+0000] {logging_mixin.py:151} INFO - [2024-11-23T12:04:15.774+0000] {dagbag.py:539} INFO - Filling up the DagBag from /opt/airflow/dags/sample_dag_2.py
[2024-11-23T12:04:15.877+0000] {processor.py:839} INFO - DAG(s) dict_keys(['my_dag']) retrieved from /opt/airflow/dags/sample_dag_2.py
[2024-11-23T12:04:16.041+0000] {logging_mixin.py:151} INFO - [2024-11-23T12:04:16.040+0000] {dag.py:2907} INFO - Sync 1 DAGs
[2024-11-23T12:04:16.127+0000] {logging_mixin.py:151} INFO - [2024-11-23T12:04:16.127+0000] {dag.py:3677} INFO - Setting next_dagrun for my_dag to 2024-11-22T00:00:00+00:00, run_after=2024-11-23T00:00:00+00:00
[2024-11-23T12:04:16.233+0000] {processor.py:179} INFO - Processing /opt/airflow/dags/sample_dag_2.py took 0.481 seconds
[2024-11-23T12:04:46.556+0000] {processor.py:157} INFO - Started process (PID=1006) to work on /opt/airflow/dags/sample_dag_2.py
[2024-11-23T12:04:46.557+0000] {processor.py:829} INFO - Processing file /opt/airflow/dags/sample_dag_2.py for tasks to queue
[2024-11-23T12:04:46.558+0000] {logging_mixin.py:151} INFO - [2024-11-23T12:04:46.558+0000] {dagbag.py:539} INFO - Filling up the DagBag from /opt/airflow/dags/sample_dag_2.py
[2024-11-23T12:04:46.610+0000] {processor.py:839} INFO - DAG(s) dict_keys(['my_dag']) retrieved from /opt/airflow/dags/sample_dag_2.py
[2024-11-23T12:04:46.714+0000] {logging_mixin.py:151} INFO - [2024-11-23T12:04:46.714+0000] {dag.py:2907} INFO - Sync 1 DAGs
[2024-11-23T12:04:46.791+0000] {logging_mixin.py:151} INFO - [2024-11-23T12:04:46.791+0000] {dag.py:3677} INFO - Setting next_dagrun for my_dag to 2024-11-22T00:00:00+00:00, run_after=2024-11-23T00:00:00+00:00
[2024-11-23T12:04:46.883+0000] {processor.py:179} INFO - Processing /opt/airflow/dags/sample_dag_2.py took 0.333 seconds
[2024-11-23T12:05:17.171+0000] {processor.py:157} INFO - Started process (PID=1016) to work on /opt/airflow/dags/sample_dag_2.py
[2024-11-23T12:05:17.173+0000] {processor.py:829} INFO - Processing file /opt/airflow/dags/sample_dag_2.py for tasks to queue
[2024-11-23T12:05:17.175+0000] {logging_mixin.py:151} INFO - [2024-11-23T12:05:17.174+0000] {dagbag.py:539} INFO - Filling up the DagBag from /opt/airflow/dags/sample_dag_2.py
[2024-11-23T12:05:17.249+0000] {processor.py:839} INFO - DAG(s) dict_keys(['my_dag']) retrieved from /opt/airflow/dags/sample_dag_2.py
[2024-11-23T12:05:17.385+0000] {logging_mixin.py:151} INFO - [2024-11-23T12:05:17.385+0000] {dag.py:2907} INFO - Sync 1 DAGs
[2024-11-23T12:05:17.462+0000] {logging_mixin.py:151} INFO - [2024-11-23T12:05:17.462+0000] {dag.py:3677} INFO - Setting next_dagrun for my_dag to 2024-11-22T00:00:00+00:00, run_after=2024-11-23T00:00:00+00:00
[2024-11-23T12:05:18.680+0000] {processor.py:179} INFO - Processing /opt/airflow/dags/sample_dag_2.py took 1.516 seconds
[2024-11-23T12:05:49.117+0000] {processor.py:157} INFO - Started process (PID=1026) to work on /opt/airflow/dags/sample_dag_2.py
[2024-11-23T12:05:49.119+0000] {processor.py:829} INFO - Processing file /opt/airflow/dags/sample_dag_2.py for tasks to queue
[2024-11-23T12:05:49.120+0000] {logging_mixin.py:151} INFO - [2024-11-23T12:05:49.120+0000] {dagbag.py:539} INFO - Filling up the DagBag from /opt/airflow/dags/sample_dag_2.py
[2024-11-23T12:05:49.167+0000] {processor.py:839} INFO - DAG(s) dict_keys(['my_dag']) retrieved from /opt/airflow/dags/sample_dag_2.py
[2024-11-23T12:05:49.294+0000] {logging_mixin.py:151} INFO - [2024-11-23T12:05:49.293+0000] {dag.py:2907} INFO - Sync 1 DAGs
[2024-11-23T12:05:49.363+0000] {logging_mixin.py:151} INFO - [2024-11-23T12:05:49.362+0000] {dag.py:3677} INFO - Setting next_dagrun for my_dag to 2024-11-22T00:00:00+00:00, run_after=2024-11-23T00:00:00+00:00
[2024-11-23T12:05:49.450+0000] {processor.py:179} INFO - Processing /opt/airflow/dags/sample_dag_2.py took 0.338 seconds
[2024-11-23T12:06:20.659+0000] {processor.py:157} INFO - Started process (PID=1036) to work on /opt/airflow/dags/sample_dag_2.py
[2024-11-23T12:06:20.679+0000] {processor.py:829} INFO - Processing file /opt/airflow/dags/sample_dag_2.py for tasks to queue
[2024-11-23T12:06:20.686+0000] {logging_mixin.py:151} INFO - [2024-11-23T12:06:20.685+0000] {dagbag.py:539} INFO - Filling up the DagBag from /opt/airflow/dags/sample_dag_2.py
[2024-11-23T12:06:20.853+0000] {processor.py:839} INFO - DAG(s) dict_keys(['my_dag']) retrieved from /opt/airflow/dags/sample_dag_2.py
[2024-11-23T12:06:21.172+0000] {logging_mixin.py:151} INFO - [2024-11-23T12:06:21.171+0000] {dag.py:2907} INFO - Sync 1 DAGs
[2024-11-23T12:06:21.505+0000] {logging_mixin.py:151} INFO - [2024-11-23T12:06:21.504+0000] {dag.py:3677} INFO - Setting next_dagrun for my_dag to 2024-11-22T00:00:00+00:00, run_after=2024-11-23T00:00:00+00:00
[2024-11-23T12:06:21.842+0000] {processor.py:179} INFO - Processing /opt/airflow/dags/sample_dag_2.py took 1.203 seconds
[2024-11-23T12:06:52.200+0000] {processor.py:157} INFO - Started process (PID=1046) to work on /opt/airflow/dags/sample_dag_2.py
[2024-11-23T12:06:52.202+0000] {processor.py:829} INFO - Processing file /opt/airflow/dags/sample_dag_2.py for tasks to queue
[2024-11-23T12:06:52.203+0000] {logging_mixin.py:151} INFO - [2024-11-23T12:06:52.203+0000] {dagbag.py:539} INFO - Filling up the DagBag from /opt/airflow/dags/sample_dag_2.py
[2024-11-23T12:06:52.247+0000] {processor.py:839} INFO - DAG(s) dict_keys(['my_dag']) retrieved from /opt/airflow/dags/sample_dag_2.py
[2024-11-23T12:06:52.337+0000] {logging_mixin.py:151} INFO - [2024-11-23T12:06:52.336+0000] {dag.py:2907} INFO - Sync 1 DAGs
[2024-11-23T12:06:52.399+0000] {logging_mixin.py:151} INFO - [2024-11-23T12:06:52.399+0000] {dag.py:3677} INFO - Setting next_dagrun for my_dag to 2024-11-22T00:00:00+00:00, run_after=2024-11-23T00:00:00+00:00
[2024-11-23T12:06:52.503+0000] {processor.py:179} INFO - Processing /opt/airflow/dags/sample_dag_2.py took 0.309 seconds
[2024-11-23T12:07:22.938+0000] {processor.py:157} INFO - Started process (PID=1056) to work on /opt/airflow/dags/sample_dag_2.py
[2024-11-23T12:07:22.940+0000] {processor.py:829} INFO - Processing file /opt/airflow/dags/sample_dag_2.py for tasks to queue
[2024-11-23T12:07:22.942+0000] {logging_mixin.py:151} INFO - [2024-11-23T12:07:22.941+0000] {dagbag.py:539} INFO - Filling up the DagBag from /opt/airflow/dags/sample_dag_2.py
[2024-11-23T12:07:22.995+0000] {processor.py:839} INFO - DAG(s) dict_keys(['my_dag']) retrieved from /opt/airflow/dags/sample_dag_2.py
[2024-11-23T12:07:23.118+0000] {logging_mixin.py:151} INFO - [2024-11-23T12:07:23.118+0000] {dag.py:2907} INFO - Sync 1 DAGs
[2024-11-23T12:07:23.184+0000] {logging_mixin.py:151} INFO - [2024-11-23T12:07:23.184+0000] {dag.py:3677} INFO - Setting next_dagrun for my_dag to 2024-11-22T00:00:00+00:00, run_after=2024-11-23T00:00:00+00:00
[2024-11-23T12:07:23.340+0000] {processor.py:179} INFO - Processing /opt/airflow/dags/sample_dag_2.py took 0.410 seconds
[2024-11-23T12:07:53.760+0000] {processor.py:157} INFO - Started process (PID=1066) to work on /opt/airflow/dags/sample_dag_2.py
[2024-11-23T12:07:53.761+0000] {processor.py:829} INFO - Processing file /opt/airflow/dags/sample_dag_2.py for tasks to queue
[2024-11-23T12:07:53.763+0000] {logging_mixin.py:151} INFO - [2024-11-23T12:07:53.763+0000] {dagbag.py:539} INFO - Filling up the DagBag from /opt/airflow/dags/sample_dag_2.py
[2024-11-23T12:07:53.808+0000] {processor.py:839} INFO - DAG(s) dict_keys(['my_dag']) retrieved from /opt/airflow/dags/sample_dag_2.py
[2024-11-23T12:07:53.922+0000] {logging_mixin.py:151} INFO - [2024-11-23T12:07:53.922+0000] {dag.py:2907} INFO - Sync 1 DAGs
[2024-11-23T12:07:53.993+0000] {logging_mixin.py:151} INFO - [2024-11-23T12:07:53.992+0000] {dag.py:3677} INFO - Setting next_dagrun for my_dag to 2024-11-22T00:00:00+00:00, run_after=2024-11-23T00:00:00+00:00
[2024-11-23T12:07:54.144+0000] {processor.py:179} INFO - Processing /opt/airflow/dags/sample_dag_2.py took 0.389 seconds
[2024-11-23T12:08:24.449+0000] {processor.py:157} INFO - Started process (PID=1076) to work on /opt/airflow/dags/sample_dag_2.py
[2024-11-23T12:08:24.450+0000] {processor.py:829} INFO - Processing file /opt/airflow/dags/sample_dag_2.py for tasks to queue
[2024-11-23T12:08:24.452+0000] {logging_mixin.py:151} INFO - [2024-11-23T12:08:24.451+0000] {dagbag.py:539} INFO - Filling up the DagBag from /opt/airflow/dags/sample_dag_2.py
[2024-11-23T12:08:24.491+0000] {processor.py:839} INFO - DAG(s) dict_keys(['my_dag']) retrieved from /opt/airflow/dags/sample_dag_2.py
[2024-11-23T12:08:24.572+0000] {logging_mixin.py:151} INFO - [2024-11-23T12:08:24.571+0000] {dag.py:2907} INFO - Sync 1 DAGs
[2024-11-23T12:08:24.621+0000] {logging_mixin.py:151} INFO - [2024-11-23T12:08:24.621+0000] {dag.py:3677} INFO - Setting next_dagrun for my_dag to 2024-11-22T00:00:00+00:00, run_after=2024-11-23T00:00:00+00:00
[2024-11-23T12:08:24.701+0000] {processor.py:179} INFO - Processing /opt/airflow/dags/sample_dag_2.py took 0.259 seconds
[2024-11-23T12:08:55.077+0000] {processor.py:157} INFO - Started process (PID=1086) to work on /opt/airflow/dags/sample_dag_2.py
[2024-11-23T12:08:55.079+0000] {processor.py:829} INFO - Processing file /opt/airflow/dags/sample_dag_2.py for tasks to queue
[2024-11-23T12:08:55.081+0000] {logging_mixin.py:151} INFO - [2024-11-23T12:08:55.080+0000] {dagbag.py:539} INFO - Filling up the DagBag from /opt/airflow/dags/sample_dag_2.py
[2024-11-23T12:08:55.120+0000] {processor.py:839} INFO - DAG(s) dict_keys(['my_dag']) retrieved from /opt/airflow/dags/sample_dag_2.py
[2024-11-23T12:08:55.209+0000] {logging_mixin.py:151} INFO - [2024-11-23T12:08:55.209+0000] {dag.py:2907} INFO - Sync 1 DAGs
[2024-11-23T12:08:55.273+0000] {logging_mixin.py:151} INFO - [2024-11-23T12:08:55.273+0000] {dag.py:3677} INFO - Setting next_dagrun for my_dag to 2024-11-22T00:00:00+00:00, run_after=2024-11-23T00:00:00+00:00
[2024-11-23T12:08:55.426+0000] {processor.py:179} INFO - Processing /opt/airflow/dags/sample_dag_2.py took 0.355 seconds
[2024-11-23T12:09:25.685+0000] {processor.py:157} INFO - Started process (PID=1096) to work on /opt/airflow/dags/sample_dag_2.py
[2024-11-23T12:09:25.688+0000] {processor.py:829} INFO - Processing file /opt/airflow/dags/sample_dag_2.py for tasks to queue
[2024-11-23T12:09:25.691+0000] {logging_mixin.py:151} INFO - [2024-11-23T12:09:25.690+0000] {dagbag.py:539} INFO - Filling up the DagBag from /opt/airflow/dags/sample_dag_2.py
[2024-11-23T12:09:25.759+0000] {processor.py:839} INFO - DAG(s) dict_keys(['my_dag']) retrieved from /opt/airflow/dags/sample_dag_2.py
[2024-11-23T12:09:26.016+0000] {logging_mixin.py:151} INFO - [2024-11-23T12:09:26.015+0000] {dag.py:2907} INFO - Sync 1 DAGs
[2024-11-23T12:09:26.162+0000] {logging_mixin.py:151} INFO - [2024-11-23T12:09:26.161+0000] {dag.py:3677} INFO - Setting next_dagrun for my_dag to 2024-11-22T00:00:00+00:00, run_after=2024-11-23T00:00:00+00:00
[2024-11-23T12:09:26.309+0000] {processor.py:179} INFO - Processing /opt/airflow/dags/sample_dag_2.py took 0.632 seconds
[2024-11-23T12:09:56.669+0000] {processor.py:157} INFO - Started process (PID=1106) to work on /opt/airflow/dags/sample_dag_2.py
[2024-11-23T12:09:56.672+0000] {processor.py:829} INFO - Processing file /opt/airflow/dags/sample_dag_2.py for tasks to queue
[2024-11-23T12:09:56.678+0000] {logging_mixin.py:151} INFO - [2024-11-23T12:09:56.677+0000] {dagbag.py:539} INFO - Filling up the DagBag from /opt/airflow/dags/sample_dag_2.py
[2024-11-23T12:09:56.785+0000] {processor.py:839} INFO - DAG(s) dict_keys(['my_dag']) retrieved from /opt/airflow/dags/sample_dag_2.py
[2024-11-23T12:09:57.027+0000] {logging_mixin.py:151} INFO - [2024-11-23T12:09:57.026+0000] {dag.py:2907} INFO - Sync 1 DAGs
[2024-11-23T12:09:57.167+0000] {logging_mixin.py:151} INFO - [2024-11-23T12:09:57.167+0000] {dag.py:3677} INFO - Setting next_dagrun for my_dag to 2024-11-22T00:00:00+00:00, run_after=2024-11-23T00:00:00+00:00
[2024-11-23T12:09:57.326+0000] {processor.py:179} INFO - Processing /opt/airflow/dags/sample_dag_2.py took 0.676 seconds
[2024-11-23T12:10:27.581+0000] {processor.py:157} INFO - Started process (PID=1116) to work on /opt/airflow/dags/sample_dag_2.py
[2024-11-23T12:10:27.583+0000] {processor.py:829} INFO - Processing file /opt/airflow/dags/sample_dag_2.py for tasks to queue
[2024-11-23T12:10:27.585+0000] {logging_mixin.py:151} INFO - [2024-11-23T12:10:27.584+0000] {dagbag.py:539} INFO - Filling up the DagBag from /opt/airflow/dags/sample_dag_2.py
[2024-11-23T12:10:27.614+0000] {processor.py:839} INFO - DAG(s) dict_keys(['my_dag']) retrieved from /opt/airflow/dags/sample_dag_2.py
[2024-11-23T12:10:27.687+0000] {logging_mixin.py:151} INFO - [2024-11-23T12:10:27.686+0000] {dag.py:2907} INFO - Sync 1 DAGs
[2024-11-23T12:10:27.743+0000] {logging_mixin.py:151} INFO - [2024-11-23T12:10:27.742+0000] {dag.py:3677} INFO - Setting next_dagrun for my_dag to 2024-11-22T00:00:00+00:00, run_after=2024-11-23T00:00:00+00:00
[2024-11-23T12:10:27.862+0000] {processor.py:179} INFO - Processing /opt/airflow/dags/sample_dag_2.py took 0.284 seconds
[2024-11-23T12:10:58.147+0000] {processor.py:157} INFO - Started process (PID=1126) to work on /opt/airflow/dags/sample_dag_2.py
[2024-11-23T12:10:58.148+0000] {processor.py:829} INFO - Processing file /opt/airflow/dags/sample_dag_2.py for tasks to queue
[2024-11-23T12:10:58.149+0000] {logging_mixin.py:151} INFO - [2024-11-23T12:10:58.149+0000] {dagbag.py:539} INFO - Filling up the DagBag from /opt/airflow/dags/sample_dag_2.py
[2024-11-23T12:10:58.180+0000] {processor.py:839} INFO - DAG(s) dict_keys(['my_dag']) retrieved from /opt/airflow/dags/sample_dag_2.py
[2024-11-23T12:10:58.252+0000] {logging_mixin.py:151} INFO - [2024-11-23T12:10:58.252+0000] {dag.py:2907} INFO - Sync 1 DAGs
[2024-11-23T12:10:58.297+0000] {logging_mixin.py:151} INFO - [2024-11-23T12:10:58.296+0000] {dag.py:3677} INFO - Setting next_dagrun for my_dag to 2024-11-22T00:00:00+00:00, run_after=2024-11-23T00:00:00+00:00
[2024-11-23T12:10:58.371+0000] {processor.py:179} INFO - Processing /opt/airflow/dags/sample_dag_2.py took 0.229 seconds
[2024-11-23T12:11:28.648+0000] {processor.py:157} INFO - Started process (PID=1136) to work on /opt/airflow/dags/sample_dag_2.py
[2024-11-23T12:11:28.649+0000] {processor.py:829} INFO - Processing file /opt/airflow/dags/sample_dag_2.py for tasks to queue
[2024-11-23T12:11:28.650+0000] {logging_mixin.py:151} INFO - [2024-11-23T12:11:28.649+0000] {dagbag.py:539} INFO - Filling up the DagBag from /opt/airflow/dags/sample_dag_2.py
[2024-11-23T12:11:28.674+0000] {processor.py:839} INFO - DAG(s) dict_keys(['my_dag']) retrieved from /opt/airflow/dags/sample_dag_2.py
[2024-11-23T12:11:28.732+0000] {logging_mixin.py:151} INFO - [2024-11-23T12:11:28.732+0000] {dag.py:2907} INFO - Sync 1 DAGs
[2024-11-23T12:11:28.773+0000] {logging_mixin.py:151} INFO - [2024-11-23T12:11:28.773+0000] {dag.py:3677} INFO - Setting next_dagrun for my_dag to 2024-11-22T00:00:00+00:00, run_after=2024-11-23T00:00:00+00:00
[2024-11-23T12:11:28.863+0000] {processor.py:179} INFO - Processing /opt/airflow/dags/sample_dag_2.py took 0.219 seconds
[2024-11-23T12:11:59.144+0000] {processor.py:157} INFO - Started process (PID=1146) to work on /opt/airflow/dags/sample_dag_2.py
[2024-11-23T12:11:59.145+0000] {processor.py:829} INFO - Processing file /opt/airflow/dags/sample_dag_2.py for tasks to queue
[2024-11-23T12:11:59.146+0000] {logging_mixin.py:151} INFO - [2024-11-23T12:11:59.145+0000] {dagbag.py:539} INFO - Filling up the DagBag from /opt/airflow/dags/sample_dag_2.py
[2024-11-23T12:11:59.170+0000] {processor.py:839} INFO - DAG(s) dict_keys(['my_dag']) retrieved from /opt/airflow/dags/sample_dag_2.py
[2024-11-23T12:11:59.221+0000] {logging_mixin.py:151} INFO - [2024-11-23T12:11:59.221+0000] {dag.py:2907} INFO - Sync 1 DAGs
[2024-11-23T12:11:59.257+0000] {logging_mixin.py:151} INFO - [2024-11-23T12:11:59.257+0000] {dag.py:3677} INFO - Setting next_dagrun for my_dag to 2024-11-22T00:00:00+00:00, run_after=2024-11-23T00:00:00+00:00
[2024-11-23T12:11:59.327+0000] {processor.py:179} INFO - Processing /opt/airflow/dags/sample_dag_2.py took 0.186 seconds
[2024-11-23T12:12:29.788+0000] {processor.py:157} INFO - Started process (PID=1156) to work on /opt/airflow/dags/sample_dag_2.py
[2024-11-23T12:12:29.790+0000] {processor.py:829} INFO - Processing file /opt/airflow/dags/sample_dag_2.py for tasks to queue
[2024-11-23T12:12:29.792+0000] {logging_mixin.py:151} INFO - [2024-11-23T12:12:29.792+0000] {dagbag.py:539} INFO - Filling up the DagBag from /opt/airflow/dags/sample_dag_2.py
[2024-11-23T12:12:29.851+0000] {processor.py:839} INFO - DAG(s) dict_keys(['my_dag']) retrieved from /opt/airflow/dags/sample_dag_2.py
[2024-11-23T12:12:29.982+0000] {logging_mixin.py:151} INFO - [2024-11-23T12:12:29.981+0000] {dag.py:2907} INFO - Sync 1 DAGs
[2024-11-23T12:12:30.057+0000] {logging_mixin.py:151} INFO - [2024-11-23T12:12:30.056+0000] {dag.py:3677} INFO - Setting next_dagrun for my_dag to 2024-11-22T00:00:00+00:00, run_after=2024-11-23T00:00:00+00:00
[2024-11-23T12:12:30.153+0000] {processor.py:179} INFO - Processing /opt/airflow/dags/sample_dag_2.py took 0.373 seconds
[2024-11-23T12:13:00.485+0000] {processor.py:157} INFO - Started process (PID=1166) to work on /opt/airflow/dags/sample_dag_2.py
[2024-11-23T12:13:00.487+0000] {processor.py:829} INFO - Processing file /opt/airflow/dags/sample_dag_2.py for tasks to queue
[2024-11-23T12:13:00.489+0000] {logging_mixin.py:151} INFO - [2024-11-23T12:13:00.488+0000] {dagbag.py:539} INFO - Filling up the DagBag from /opt/airflow/dags/sample_dag_2.py
[2024-11-23T12:13:00.558+0000] {processor.py:839} INFO - DAG(s) dict_keys(['my_dag']) retrieved from /opt/airflow/dags/sample_dag_2.py
[2024-11-23T12:13:00.680+0000] {logging_mixin.py:151} INFO - [2024-11-23T12:13:00.680+0000] {dag.py:2907} INFO - Sync 1 DAGs
[2024-11-23T12:13:00.746+0000] {logging_mixin.py:151} INFO - [2024-11-23T12:13:00.745+0000] {dag.py:3677} INFO - Setting next_dagrun for my_dag to 2024-11-22T00:00:00+00:00, run_after=2024-11-23T00:00:00+00:00
[2024-11-23T12:13:00.832+0000] {processor.py:179} INFO - Processing /opt/airflow/dags/sample_dag_2.py took 0.352 seconds
[2024-11-23T12:13:31.124+0000] {processor.py:157} INFO - Started process (PID=1176) to work on /opt/airflow/dags/sample_dag_2.py
[2024-11-23T12:13:31.125+0000] {processor.py:829} INFO - Processing file /opt/airflow/dags/sample_dag_2.py for tasks to queue
[2024-11-23T12:13:31.126+0000] {logging_mixin.py:151} INFO - [2024-11-23T12:13:31.126+0000] {dagbag.py:539} INFO - Filling up the DagBag from /opt/airflow/dags/sample_dag_2.py
[2024-11-23T12:13:31.155+0000] {processor.py:839} INFO - DAG(s) dict_keys(['my_dag']) retrieved from /opt/airflow/dags/sample_dag_2.py
[2024-11-23T12:13:31.218+0000] {logging_mixin.py:151} INFO - [2024-11-23T12:13:31.218+0000] {dag.py:2907} INFO - Sync 1 DAGs
[2024-11-23T12:13:31.264+0000] {logging_mixin.py:151} INFO - [2024-11-23T12:13:31.263+0000] {dag.py:3677} INFO - Setting next_dagrun for my_dag to 2024-11-22T00:00:00+00:00, run_after=2024-11-23T00:00:00+00:00
[2024-11-23T12:13:31.356+0000] {processor.py:179} INFO - Processing /opt/airflow/dags/sample_dag_2.py took 0.235 seconds
[2024-11-23T12:14:01.618+0000] {processor.py:157} INFO - Started process (PID=1186) to work on /opt/airflow/dags/sample_dag_2.py
[2024-11-23T12:14:01.619+0000] {processor.py:829} INFO - Processing file /opt/airflow/dags/sample_dag_2.py for tasks to queue
[2024-11-23T12:14:01.621+0000] {logging_mixin.py:151} INFO - [2024-11-23T12:14:01.620+0000] {dagbag.py:539} INFO - Filling up the DagBag from /opt/airflow/dags/sample_dag_2.py
[2024-11-23T12:14:01.643+0000] {processor.py:839} INFO - DAG(s) dict_keys(['my_dag']) retrieved from /opt/airflow/dags/sample_dag_2.py
[2024-11-23T12:14:01.698+0000] {logging_mixin.py:151} INFO - [2024-11-23T12:14:01.698+0000] {dag.py:2907} INFO - Sync 1 DAGs
[2024-11-23T12:14:01.734+0000] {logging_mixin.py:151} INFO - [2024-11-23T12:14:01.734+0000] {dag.py:3677} INFO - Setting next_dagrun for my_dag to 2024-11-22T00:00:00+00:00, run_after=2024-11-23T00:00:00+00:00
[2024-11-23T12:14:01.813+0000] {processor.py:179} INFO - Processing /opt/airflow/dags/sample_dag_2.py took 0.198 seconds
[2024-11-23T12:14:31.929+0000] {processor.py:157} INFO - Started process (PID=1196) to work on /opt/airflow/dags/sample_dag_2.py
[2024-11-23T12:14:31.930+0000] {processor.py:829} INFO - Processing file /opt/airflow/dags/sample_dag_2.py for tasks to queue
[2024-11-23T12:14:31.932+0000] {logging_mixin.py:151} INFO - [2024-11-23T12:14:31.931+0000] {dagbag.py:539} INFO - Filling up the DagBag from /opt/airflow/dags/sample_dag_2.py
[2024-11-23T12:14:31.961+0000] {processor.py:839} INFO - DAG(s) dict_keys(['my_dag']) retrieved from /opt/airflow/dags/sample_dag_2.py
[2024-11-23T12:14:32.043+0000] {logging_mixin.py:151} INFO - [2024-11-23T12:14:32.043+0000] {dag.py:2907} INFO - Sync 1 DAGs
[2024-11-23T12:14:32.097+0000] {logging_mixin.py:151} INFO - [2024-11-23T12:14:32.097+0000] {dag.py:3677} INFO - Setting next_dagrun for my_dag to 2024-11-22T00:00:00+00:00, run_after=2024-11-23T00:00:00+00:00
[2024-11-23T12:14:32.206+0000] {processor.py:179} INFO - Processing /opt/airflow/dags/sample_dag_2.py took 0.282 seconds
[2024-11-23T12:15:02.524+0000] {processor.py:157} INFO - Started process (PID=1206) to work on /opt/airflow/dags/sample_dag_2.py
[2024-11-23T12:15:02.525+0000] {processor.py:829} INFO - Processing file /opt/airflow/dags/sample_dag_2.py for tasks to queue
[2024-11-23T12:15:02.527+0000] {logging_mixin.py:151} INFO - [2024-11-23T12:15:02.527+0000] {dagbag.py:539} INFO - Filling up the DagBag from /opt/airflow/dags/sample_dag_2.py
[2024-11-23T12:15:02.581+0000] {processor.py:839} INFO - DAG(s) dict_keys(['my_dag']) retrieved from /opt/airflow/dags/sample_dag_2.py
[2024-11-23T12:15:02.688+0000] {logging_mixin.py:151} INFO - [2024-11-23T12:15:02.687+0000] {dag.py:2907} INFO - Sync 1 DAGs
[2024-11-23T12:15:02.766+0000] {logging_mixin.py:151} INFO - [2024-11-23T12:15:02.765+0000] {dag.py:3677} INFO - Setting next_dagrun for my_dag to 2024-11-22T00:00:00+00:00, run_after=2024-11-23T00:00:00+00:00
[2024-11-23T12:15:02.904+0000] {processor.py:179} INFO - Processing /opt/airflow/dags/sample_dag_2.py took 0.385 seconds
[2024-11-23T12:15:33.215+0000] {processor.py:157} INFO - Started process (PID=1216) to work on /opt/airflow/dags/sample_dag_2.py
[2024-11-23T12:15:33.216+0000] {processor.py:829} INFO - Processing file /opt/airflow/dags/sample_dag_2.py for tasks to queue
[2024-11-23T12:15:33.217+0000] {logging_mixin.py:151} INFO - [2024-11-23T12:15:33.217+0000] {dagbag.py:539} INFO - Filling up the DagBag from /opt/airflow/dags/sample_dag_2.py
[2024-11-23T12:15:33.245+0000] {processor.py:839} INFO - DAG(s) dict_keys(['my_dag']) retrieved from /opt/airflow/dags/sample_dag_2.py
[2024-11-23T12:15:33.307+0000] {logging_mixin.py:151} INFO - [2024-11-23T12:15:33.307+0000] {dag.py:2907} INFO - Sync 1 DAGs
[2024-11-23T12:15:33.352+0000] {logging_mixin.py:151} INFO - [2024-11-23T12:15:33.351+0000] {dag.py:3677} INFO - Setting next_dagrun for my_dag to 2024-11-22T00:00:00+00:00, run_after=2024-11-23T00:00:00+00:00
[2024-11-23T12:15:33.435+0000] {processor.py:179} INFO - Processing /opt/airflow/dags/sample_dag_2.py took 0.224 seconds
[2024-11-23T12:16:03.697+0000] {processor.py:157} INFO - Started process (PID=1226) to work on /opt/airflow/dags/sample_dag_2.py
[2024-11-23T12:16:03.699+0000] {processor.py:829} INFO - Processing file /opt/airflow/dags/sample_dag_2.py for tasks to queue
[2024-11-23T12:16:03.700+0000] {logging_mixin.py:151} INFO - [2024-11-23T12:16:03.700+0000] {dagbag.py:539} INFO - Filling up the DagBag from /opt/airflow/dags/sample_dag_2.py
[2024-11-23T12:16:03.731+0000] {processor.py:839} INFO - DAG(s) dict_keys(['my_dag']) retrieved from /opt/airflow/dags/sample_dag_2.py
[2024-11-23T12:16:03.787+0000] {logging_mixin.py:151} INFO - [2024-11-23T12:16:03.786+0000] {dag.py:2907} INFO - Sync 1 DAGs
[2024-11-23T12:16:03.823+0000] {logging_mixin.py:151} INFO - [2024-11-23T12:16:03.823+0000] {dag.py:3677} INFO - Setting next_dagrun for my_dag to 2024-11-22T00:00:00+00:00, run_after=2024-11-23T00:00:00+00:00
[2024-11-23T12:16:03.909+0000] {processor.py:179} INFO - Processing /opt/airflow/dags/sample_dag_2.py took 0.216 seconds
[2024-11-23T12:16:34.571+0000] {processor.py:157} INFO - Started process (PID=1236) to work on /opt/airflow/dags/sample_dag_2.py
[2024-11-23T12:16:34.572+0000] {processor.py:829} INFO - Processing file /opt/airflow/dags/sample_dag_2.py for tasks to queue
[2024-11-23T12:16:34.573+0000] {logging_mixin.py:151} INFO - [2024-11-23T12:16:34.573+0000] {dagbag.py:539} INFO - Filling up the DagBag from /opt/airflow/dags/sample_dag_2.py
[2024-11-23T12:16:34.599+0000] {processor.py:839} INFO - DAG(s) dict_keys(['my_dag']) retrieved from /opt/airflow/dags/sample_dag_2.py
[2024-11-23T12:16:34.665+0000] {logging_mixin.py:151} INFO - [2024-11-23T12:16:34.665+0000] {dag.py:2907} INFO - Sync 1 DAGs
[2024-11-23T12:16:34.704+0000] {logging_mixin.py:151} INFO - [2024-11-23T12:16:34.704+0000] {dag.py:3677} INFO - Setting next_dagrun for my_dag to 2024-11-22T00:00:00+00:00, run_after=2024-11-23T00:00:00+00:00
[2024-11-23T12:16:34.832+0000] {processor.py:179} INFO - Processing /opt/airflow/dags/sample_dag_2.py took 0.266 seconds
[2024-11-23T12:17:05.126+0000] {processor.py:157} INFO - Started process (PID=1246) to work on /opt/airflow/dags/sample_dag_2.py
[2024-11-23T12:17:05.127+0000] {processor.py:829} INFO - Processing file /opt/airflow/dags/sample_dag_2.py for tasks to queue
[2024-11-23T12:17:05.129+0000] {logging_mixin.py:151} INFO - [2024-11-23T12:17:05.128+0000] {dagbag.py:539} INFO - Filling up the DagBag from /opt/airflow/dags/sample_dag_2.py
[2024-11-23T12:17:05.152+0000] {processor.py:839} INFO - DAG(s) dict_keys(['my_dag']) retrieved from /opt/airflow/dags/sample_dag_2.py
[2024-11-23T12:17:05.199+0000] {logging_mixin.py:151} INFO - [2024-11-23T12:17:05.199+0000] {dag.py:2907} INFO - Sync 1 DAGs
[2024-11-23T12:17:05.237+0000] {logging_mixin.py:151} INFO - [2024-11-23T12:17:05.237+0000] {dag.py:3677} INFO - Setting next_dagrun for my_dag to 2024-11-22T00:00:00+00:00, run_after=2024-11-23T00:00:00+00:00
[2024-11-23T12:17:05.468+0000] {processor.py:179} INFO - Processing /opt/airflow/dags/sample_dag_2.py took 0.345 seconds
[2024-11-23T12:17:35.780+0000] {processor.py:157} INFO - Started process (PID=1256) to work on /opt/airflow/dags/sample_dag_2.py
[2024-11-23T12:17:35.781+0000] {processor.py:829} INFO - Processing file /opt/airflow/dags/sample_dag_2.py for tasks to queue
[2024-11-23T12:17:35.783+0000] {logging_mixin.py:151} INFO - [2024-11-23T12:17:35.782+0000] {dagbag.py:539} INFO - Filling up the DagBag from /opt/airflow/dags/sample_dag_2.py
[2024-11-23T12:17:35.810+0000] {processor.py:839} INFO - DAG(s) dict_keys(['my_dag']) retrieved from /opt/airflow/dags/sample_dag_2.py
[2024-11-23T12:17:35.875+0000] {logging_mixin.py:151} INFO - [2024-11-23T12:17:35.875+0000] {dag.py:2907} INFO - Sync 1 DAGs
[2024-11-23T12:17:35.913+0000] {logging_mixin.py:151} INFO - [2024-11-23T12:17:35.913+0000] {dag.py:3677} INFO - Setting next_dagrun for my_dag to 2024-11-22T00:00:00+00:00, run_after=2024-11-23T00:00:00+00:00
[2024-11-23T12:17:35.981+0000] {processor.py:179} INFO - Processing /opt/airflow/dags/sample_dag_2.py took 0.204 seconds
[2024-11-23T12:18:06.319+0000] {processor.py:157} INFO - Started process (PID=1266) to work on /opt/airflow/dags/sample_dag_2.py
[2024-11-23T12:18:06.320+0000] {processor.py:829} INFO - Processing file /opt/airflow/dags/sample_dag_2.py for tasks to queue
[2024-11-23T12:18:06.322+0000] {logging_mixin.py:151} INFO - [2024-11-23T12:18:06.321+0000] {dagbag.py:539} INFO - Filling up the DagBag from /opt/airflow/dags/sample_dag_2.py
[2024-11-23T12:18:06.359+0000] {processor.py:839} INFO - DAG(s) dict_keys(['my_dag']) retrieved from /opt/airflow/dags/sample_dag_2.py
[2024-11-23T12:18:06.432+0000] {logging_mixin.py:151} INFO - [2024-11-23T12:18:06.431+0000] {dag.py:2907} INFO - Sync 1 DAGs
[2024-11-23T12:18:06.478+0000] {logging_mixin.py:151} INFO - [2024-11-23T12:18:06.478+0000] {dag.py:3677} INFO - Setting next_dagrun for my_dag to 2024-11-22T00:00:00+00:00, run_after=2024-11-23T00:00:00+00:00
[2024-11-23T12:18:06.605+0000] {processor.py:179} INFO - Processing /opt/airflow/dags/sample_dag_2.py took 0.291 seconds
[2024-11-23T12:18:36.923+0000] {processor.py:157} INFO - Started process (PID=1276) to work on /opt/airflow/dags/sample_dag_2.py
[2024-11-23T12:18:36.924+0000] {processor.py:829} INFO - Processing file /opt/airflow/dags/sample_dag_2.py for tasks to queue
[2024-11-23T12:18:36.925+0000] {logging_mixin.py:151} INFO - [2024-11-23T12:18:36.924+0000] {dagbag.py:539} INFO - Filling up the DagBag from /opt/airflow/dags/sample_dag_2.py
[2024-11-23T12:18:36.948+0000] {processor.py:839} INFO - DAG(s) dict_keys(['my_dag']) retrieved from /opt/airflow/dags/sample_dag_2.py
[2024-11-23T12:18:37.008+0000] {logging_mixin.py:151} INFO - [2024-11-23T12:18:37.008+0000] {dag.py:2907} INFO - Sync 1 DAGs
[2024-11-23T12:18:37.050+0000] {logging_mixin.py:151} INFO - [2024-11-23T12:18:37.050+0000] {dag.py:3677} INFO - Setting next_dagrun for my_dag to 2024-11-22T00:00:00+00:00, run_after=2024-11-23T00:00:00+00:00
[2024-11-23T12:18:37.182+0000] {processor.py:179} INFO - Processing /opt/airflow/dags/sample_dag_2.py took 0.262 seconds
[2024-11-23T12:19:07.491+0000] {processor.py:157} INFO - Started process (PID=1286) to work on /opt/airflow/dags/sample_dag_2.py
[2024-11-23T12:19:07.492+0000] {processor.py:829} INFO - Processing file /opt/airflow/dags/sample_dag_2.py for tasks to queue
[2024-11-23T12:19:07.493+0000] {logging_mixin.py:151} INFO - [2024-11-23T12:19:07.493+0000] {dagbag.py:539} INFO - Filling up the DagBag from /opt/airflow/dags/sample_dag_2.py
[2024-11-23T12:19:07.522+0000] {processor.py:839} INFO - DAG(s) dict_keys(['my_dag']) retrieved from /opt/airflow/dags/sample_dag_2.py
[2024-11-23T12:19:07.593+0000] {logging_mixin.py:151} INFO - [2024-11-23T12:19:07.593+0000] {dag.py:2907} INFO - Sync 1 DAGs
[2024-11-23T12:19:07.646+0000] {logging_mixin.py:151} INFO - [2024-11-23T12:19:07.646+0000] {dag.py:3677} INFO - Setting next_dagrun for my_dag to 2024-11-22T00:00:00+00:00, run_after=2024-11-23T00:00:00+00:00
[2024-11-23T12:19:07.724+0000] {processor.py:179} INFO - Processing /opt/airflow/dags/sample_dag_2.py took 0.236 seconds
[2024-11-23T12:19:38.005+0000] {processor.py:157} INFO - Started process (PID=1296) to work on /opt/airflow/dags/sample_dag_2.py
[2024-11-23T12:19:38.006+0000] {processor.py:829} INFO - Processing file /opt/airflow/dags/sample_dag_2.py for tasks to queue
[2024-11-23T12:19:38.007+0000] {logging_mixin.py:151} INFO - [2024-11-23T12:19:38.007+0000] {dagbag.py:539} INFO - Filling up the DagBag from /opt/airflow/dags/sample_dag_2.py
[2024-11-23T12:19:38.049+0000] {processor.py:839} INFO - DAG(s) dict_keys(['my_dag']) retrieved from /opt/airflow/dags/sample_dag_2.py
[2024-11-23T12:19:38.138+0000] {logging_mixin.py:151} INFO - [2024-11-23T12:19:38.138+0000] {dag.py:2907} INFO - Sync 1 DAGs
[2024-11-23T12:19:38.186+0000] {logging_mixin.py:151} INFO - [2024-11-23T12:19:38.186+0000] {dag.py:3677} INFO - Setting next_dagrun for my_dag to 2024-11-22T00:00:00+00:00, run_after=2024-11-23T00:00:00+00:00
[2024-11-23T12:19:38.259+0000] {processor.py:179} INFO - Processing /opt/airflow/dags/sample_dag_2.py took 0.259 seconds
[2024-11-23T12:20:08.548+0000] {processor.py:157} INFO - Started process (PID=1306) to work on /opt/airflow/dags/sample_dag_2.py
[2024-11-23T12:20:08.550+0000] {processor.py:829} INFO - Processing file /opt/airflow/dags/sample_dag_2.py for tasks to queue
[2024-11-23T12:20:08.552+0000] {logging_mixin.py:151} INFO - [2024-11-23T12:20:08.551+0000] {dagbag.py:539} INFO - Filling up the DagBag from /opt/airflow/dags/sample_dag_2.py
[2024-11-23T12:20:08.608+0000] {processor.py:839} INFO - DAG(s) dict_keys(['my_dag']) retrieved from /opt/airflow/dags/sample_dag_2.py
[2024-11-23T12:20:08.717+0000] {logging_mixin.py:151} INFO - [2024-11-23T12:20:08.716+0000] {dag.py:2907} INFO - Sync 1 DAGs
[2024-11-23T12:20:08.785+0000] {logging_mixin.py:151} INFO - [2024-11-23T12:20:08.785+0000] {dag.py:3677} INFO - Setting next_dagrun for my_dag to 2024-11-22T00:00:00+00:00, run_after=2024-11-23T00:00:00+00:00
[2024-11-23T12:20:08.875+0000] {processor.py:179} INFO - Processing /opt/airflow/dags/sample_dag_2.py took 0.334 seconds
[2024-11-23T12:20:39.150+0000] {processor.py:157} INFO - Started process (PID=1316) to work on /opt/airflow/dags/sample_dag_2.py
[2024-11-23T12:20:39.152+0000] {processor.py:829} INFO - Processing file /opt/airflow/dags/sample_dag_2.py for tasks to queue
[2024-11-23T12:20:39.153+0000] {logging_mixin.py:151} INFO - [2024-11-23T12:20:39.153+0000] {dagbag.py:539} INFO - Filling up the DagBag from /opt/airflow/dags/sample_dag_2.py
[2024-11-23T12:20:39.188+0000] {processor.py:839} INFO - DAG(s) dict_keys(['my_dag']) retrieved from /opt/airflow/dags/sample_dag_2.py
[2024-11-23T12:20:39.260+0000] {logging_mixin.py:151} INFO - [2024-11-23T12:20:39.260+0000] {dag.py:2907} INFO - Sync 1 DAGs
[2024-11-23T12:20:39.308+0000] {logging_mixin.py:151} INFO - [2024-11-23T12:20:39.308+0000] {dag.py:3677} INFO - Setting next_dagrun for my_dag to 2024-11-22T00:00:00+00:00, run_after=2024-11-23T00:00:00+00:00
[2024-11-23T12:20:39.457+0000] {processor.py:179} INFO - Processing /opt/airflow/dags/sample_dag_2.py took 0.310 seconds
[2024-11-23T12:21:09.799+0000] {processor.py:157} INFO - Started process (PID=1326) to work on /opt/airflow/dags/sample_dag_2.py
[2024-11-23T12:21:09.800+0000] {processor.py:829} INFO - Processing file /opt/airflow/dags/sample_dag_2.py for tasks to queue
[2024-11-23T12:21:09.802+0000] {logging_mixin.py:151} INFO - [2024-11-23T12:21:09.802+0000] {dagbag.py:539} INFO - Filling up the DagBag from /opt/airflow/dags/sample_dag_2.py
[2024-11-23T12:21:09.870+0000] {processor.py:839} INFO - DAG(s) dict_keys(['my_dag']) retrieved from /opt/airflow/dags/sample_dag_2.py
[2024-11-23T12:21:10.280+0000] {logging_mixin.py:151} INFO - [2024-11-23T12:21:10.280+0000] {dag.py:2907} INFO - Sync 1 DAGs
[2024-11-23T12:21:10.896+0000] {logging_mixin.py:151} INFO - [2024-11-23T12:21:10.895+0000] {dag.py:3677} INFO - Setting next_dagrun for my_dag to 2024-11-22T00:00:00+00:00, run_after=2024-11-23T00:00:00+00:00
[2024-11-23T12:21:11.039+0000] {processor.py:179} INFO - Processing /opt/airflow/dags/sample_dag_2.py took 1.246 seconds
[2024-11-23T12:21:41.374+0000] {processor.py:157} INFO - Started process (PID=1336) to work on /opt/airflow/dags/sample_dag_2.py
[2024-11-23T12:21:41.375+0000] {processor.py:829} INFO - Processing file /opt/airflow/dags/sample_dag_2.py for tasks to queue
[2024-11-23T12:21:41.376+0000] {logging_mixin.py:151} INFO - [2024-11-23T12:21:41.376+0000] {dagbag.py:539} INFO - Filling up the DagBag from /opt/airflow/dags/sample_dag_2.py
[2024-11-23T12:21:41.406+0000] {processor.py:839} INFO - DAG(s) dict_keys(['my_dag']) retrieved from /opt/airflow/dags/sample_dag_2.py
[2024-11-23T12:21:41.489+0000] {logging_mixin.py:151} INFO - [2024-11-23T12:21:41.488+0000] {dag.py:2907} INFO - Sync 1 DAGs
[2024-11-23T12:21:41.540+0000] {logging_mixin.py:151} INFO - [2024-11-23T12:21:41.540+0000] {dag.py:3677} INFO - Setting next_dagrun for my_dag to 2024-11-22T00:00:00+00:00, run_after=2024-11-23T00:00:00+00:00
[2024-11-23T12:21:41.644+0000] {processor.py:179} INFO - Processing /opt/airflow/dags/sample_dag_2.py took 0.275 seconds
[2024-11-23T12:22:11.933+0000] {processor.py:157} INFO - Started process (PID=1346) to work on /opt/airflow/dags/sample_dag_2.py
[2024-11-23T12:22:11.934+0000] {processor.py:829} INFO - Processing file /opt/airflow/dags/sample_dag_2.py for tasks to queue
[2024-11-23T12:22:11.936+0000] {logging_mixin.py:151} INFO - [2024-11-23T12:22:11.935+0000] {dagbag.py:539} INFO - Filling up the DagBag from /opt/airflow/dags/sample_dag_2.py
[2024-11-23T12:22:11.967+0000] {processor.py:839} INFO - DAG(s) dict_keys(['my_dag']) retrieved from /opt/airflow/dags/sample_dag_2.py
[2024-11-23T12:22:12.036+0000] {logging_mixin.py:151} INFO - [2024-11-23T12:22:12.036+0000] {dag.py:2907} INFO - Sync 1 DAGs
[2024-11-23T12:22:12.086+0000] {logging_mixin.py:151} INFO - [2024-11-23T12:22:12.085+0000] {dag.py:3677} INFO - Setting next_dagrun for my_dag to 2024-11-22T00:00:00+00:00, run_after=2024-11-23T00:00:00+00:00
[2024-11-23T12:22:12.147+0000] {processor.py:179} INFO - Processing /opt/airflow/dags/sample_dag_2.py took 0.219 seconds
[2024-11-23T12:22:42.611+0000] {processor.py:157} INFO - Started process (PID=1356) to work on /opt/airflow/dags/sample_dag_2.py
[2024-11-23T12:22:42.613+0000] {processor.py:829} INFO - Processing file /opt/airflow/dags/sample_dag_2.py for tasks to queue
[2024-11-23T12:22:42.616+0000] {logging_mixin.py:151} INFO - [2024-11-23T12:22:42.615+0000] {dagbag.py:539} INFO - Filling up the DagBag from /opt/airflow/dags/sample_dag_2.py
[2024-11-23T12:22:42.727+0000] {processor.py:839} INFO - DAG(s) dict_keys(['my_dag']) retrieved from /opt/airflow/dags/sample_dag_2.py
[2024-11-23T12:22:42.887+0000] {logging_mixin.py:151} INFO - [2024-11-23T12:22:42.886+0000] {dag.py:2907} INFO - Sync 1 DAGs
[2024-11-23T12:22:43.033+0000] {logging_mixin.py:151} INFO - [2024-11-23T12:22:43.032+0000] {dag.py:3677} INFO - Setting next_dagrun for my_dag to 2024-11-22T00:00:00+00:00, run_after=2024-11-23T00:00:00+00:00
[2024-11-23T12:22:43.195+0000] {processor.py:179} INFO - Processing /opt/airflow/dags/sample_dag_2.py took 0.594 seconds
[2024-11-23T12:23:13.538+0000] {processor.py:157} INFO - Started process (PID=1366) to work on /opt/airflow/dags/sample_dag_2.py
[2024-11-23T12:23:13.539+0000] {processor.py:829} INFO - Processing file /opt/airflow/dags/sample_dag_2.py for tasks to queue
[2024-11-23T12:23:13.540+0000] {logging_mixin.py:151} INFO - [2024-11-23T12:23:13.540+0000] {dagbag.py:539} INFO - Filling up the DagBag from /opt/airflow/dags/sample_dag_2.py
[2024-11-23T12:23:13.573+0000] {processor.py:839} INFO - DAG(s) dict_keys(['my_dag']) retrieved from /opt/airflow/dags/sample_dag_2.py
[2024-11-23T12:23:13.650+0000] {logging_mixin.py:151} INFO - [2024-11-23T12:23:13.650+0000] {dag.py:2907} INFO - Sync 1 DAGs
[2024-11-23T12:23:13.694+0000] {logging_mixin.py:151} INFO - [2024-11-23T12:23:13.694+0000] {dag.py:3677} INFO - Setting next_dagrun for my_dag to 2024-11-22T00:00:00+00:00, run_after=2024-11-23T00:00:00+00:00
[2024-11-23T12:23:13.771+0000] {processor.py:179} INFO - Processing /opt/airflow/dags/sample_dag_2.py took 0.238 seconds
[2024-11-23T12:23:44.143+0000] {processor.py:157} INFO - Started process (PID=1376) to work on /opt/airflow/dags/sample_dag_2.py
[2024-11-23T12:23:44.147+0000] {processor.py:829} INFO - Processing file /opt/airflow/dags/sample_dag_2.py for tasks to queue
[2024-11-23T12:23:44.164+0000] {logging_mixin.py:151} INFO - [2024-11-23T12:23:44.163+0000] {dagbag.py:539} INFO - Filling up the DagBag from /opt/airflow/dags/sample_dag_2.py
[2024-11-23T12:23:44.260+0000] {processor.py:839} INFO - DAG(s) dict_keys(['my_dag']) retrieved from /opt/airflow/dags/sample_dag_2.py
[2024-11-23T12:23:44.559+0000] {logging_mixin.py:151} INFO - [2024-11-23T12:23:44.558+0000] {dag.py:2907} INFO - Sync 1 DAGs
[2024-11-23T12:23:44.869+0000] {logging_mixin.py:151} INFO - [2024-11-23T12:23:44.868+0000] {dag.py:3677} INFO - Setting next_dagrun for my_dag to 2024-11-22T00:00:00+00:00, run_after=2024-11-23T00:00:00+00:00
[2024-11-23T12:23:45.169+0000] {processor.py:179} INFO - Processing /opt/airflow/dags/sample_dag_2.py took 1.036 seconds
[2024-11-23T12:24:15.555+0000] {processor.py:157} INFO - Started process (PID=1386) to work on /opt/airflow/dags/sample_dag_2.py
[2024-11-23T12:24:15.556+0000] {processor.py:829} INFO - Processing file /opt/airflow/dags/sample_dag_2.py for tasks to queue
[2024-11-23T12:24:15.557+0000] {logging_mixin.py:151} INFO - [2024-11-23T12:24:15.557+0000] {dagbag.py:539} INFO - Filling up the DagBag from /opt/airflow/dags/sample_dag_2.py
[2024-11-23T12:24:15.590+0000] {processor.py:839} INFO - DAG(s) dict_keys(['my_dag']) retrieved from /opt/airflow/dags/sample_dag_2.py
[2024-11-23T12:24:15.659+0000] {logging_mixin.py:151} INFO - [2024-11-23T12:24:15.659+0000] {dag.py:2907} INFO - Sync 1 DAGs
[2024-11-23T12:24:15.707+0000] {logging_mixin.py:151} INFO - [2024-11-23T12:24:15.707+0000] {dag.py:3677} INFO - Setting next_dagrun for my_dag to 2024-11-22T00:00:00+00:00, run_after=2024-11-23T00:00:00+00:00
[2024-11-23T12:24:15.785+0000] {processor.py:179} INFO - Processing /opt/airflow/dags/sample_dag_2.py took 0.234 seconds
[2024-11-23T12:24:46.116+0000] {processor.py:157} INFO - Started process (PID=1396) to work on /opt/airflow/dags/sample_dag_2.py
[2024-11-23T12:24:46.118+0000] {processor.py:829} INFO - Processing file /opt/airflow/dags/sample_dag_2.py for tasks to queue
[2024-11-23T12:24:46.121+0000] {logging_mixin.py:151} INFO - [2024-11-23T12:24:46.120+0000] {dagbag.py:539} INFO - Filling up the DagBag from /opt/airflow/dags/sample_dag_2.py
[2024-11-23T12:24:46.176+0000] {processor.py:839} INFO - DAG(s) dict_keys(['my_dag']) retrieved from /opt/airflow/dags/sample_dag_2.py
[2024-11-23T12:24:47.062+0000] {logging_mixin.py:151} INFO - [2024-11-23T12:24:47.059+0000] {dag.py:2907} INFO - Sync 1 DAGs
[2024-11-23T12:24:47.226+0000] {logging_mixin.py:151} INFO - [2024-11-23T12:24:47.225+0000] {dag.py:3677} INFO - Setting next_dagrun for my_dag to 2024-11-22T00:00:00+00:00, run_after=2024-11-23T00:00:00+00:00
[2024-11-23T12:24:47.375+0000] {processor.py:179} INFO - Processing /opt/airflow/dags/sample_dag_2.py took 1.273 seconds
[2024-11-23T12:25:18.370+0000] {processor.py:157} INFO - Started process (PID=1406) to work on /opt/airflow/dags/sample_dag_2.py
[2024-11-23T12:25:18.372+0000] {processor.py:829} INFO - Processing file /opt/airflow/dags/sample_dag_2.py for tasks to queue
[2024-11-23T12:25:18.374+0000] {logging_mixin.py:151} INFO - [2024-11-23T12:25:18.373+0000] {dagbag.py:539} INFO - Filling up the DagBag from /opt/airflow/dags/sample_dag_2.py
[2024-11-23T12:25:18.429+0000] {processor.py:839} INFO - DAG(s) dict_keys(['my_dag']) retrieved from /opt/airflow/dags/sample_dag_2.py
[2024-11-23T12:25:18.641+0000] {logging_mixin.py:151} INFO - [2024-11-23T12:25:18.640+0000] {dag.py:2907} INFO - Sync 1 DAGs
[2024-11-23T12:25:18.730+0000] {logging_mixin.py:151} INFO - [2024-11-23T12:25:18.730+0000] {dag.py:3677} INFO - Setting next_dagrun for my_dag to 2024-11-22T00:00:00+00:00, run_after=2024-11-23T00:00:00+00:00
[2024-11-23T12:25:18.857+0000] {processor.py:179} INFO - Processing /opt/airflow/dags/sample_dag_2.py took 0.498 seconds
[2024-11-23T12:25:49.258+0000] {processor.py:157} INFO - Started process (PID=1416) to work on /opt/airflow/dags/sample_dag_2.py
[2024-11-23T12:25:49.261+0000] {processor.py:829} INFO - Processing file /opt/airflow/dags/sample_dag_2.py for tasks to queue
[2024-11-23T12:25:49.265+0000] {logging_mixin.py:151} INFO - [2024-11-23T12:25:49.263+0000] {dagbag.py:539} INFO - Filling up the DagBag from /opt/airflow/dags/sample_dag_2.py
[2024-11-23T12:25:49.364+0000] {processor.py:839} INFO - DAG(s) dict_keys(['my_dag']) retrieved from /opt/airflow/dags/sample_dag_2.py
[2024-11-23T12:25:49.564+0000] {logging_mixin.py:151} INFO - [2024-11-23T12:25:49.563+0000] {dag.py:2907} INFO - Sync 1 DAGs
[2024-11-23T12:25:49.696+0000] {logging_mixin.py:151} INFO - [2024-11-23T12:25:49.695+0000] {dag.py:3677} INFO - Setting next_dagrun for my_dag to 2024-11-22T00:00:00+00:00, run_after=2024-11-23T00:00:00+00:00
[2024-11-23T12:25:49.854+0000] {processor.py:179} INFO - Processing /opt/airflow/dags/sample_dag_2.py took 0.608 seconds
[2024-11-23T12:26:20.235+0000] {processor.py:157} INFO - Started process (PID=1426) to work on /opt/airflow/dags/sample_dag_2.py
[2024-11-23T12:26:20.237+0000] {processor.py:829} INFO - Processing file /opt/airflow/dags/sample_dag_2.py for tasks to queue
[2024-11-23T12:26:20.239+0000] {logging_mixin.py:151} INFO - [2024-11-23T12:26:20.239+0000] {dagbag.py:539} INFO - Filling up the DagBag from /opt/airflow/dags/sample_dag_2.py
[2024-11-23T12:26:20.316+0000] {processor.py:839} INFO - DAG(s) dict_keys(['my_dag']) retrieved from /opt/airflow/dags/sample_dag_2.py
[2024-11-23T12:26:20.511+0000] {logging_mixin.py:151} INFO - [2024-11-23T12:26:20.510+0000] {dag.py:2907} INFO - Sync 1 DAGs
[2024-11-23T12:26:20.608+0000] {logging_mixin.py:151} INFO - [2024-11-23T12:26:20.608+0000] {dag.py:3677} INFO - Setting next_dagrun for my_dag to 2024-11-22T00:00:00+00:00, run_after=2024-11-23T00:00:00+00:00
[2024-11-23T12:26:20.744+0000] {processor.py:179} INFO - Processing /opt/airflow/dags/sample_dag_2.py took 0.517 seconds
[2024-11-23T12:26:51.309+0000] {processor.py:157} INFO - Started process (PID=1436) to work on /opt/airflow/dags/sample_dag_2.py
[2024-11-23T12:26:51.311+0000] {processor.py:829} INFO - Processing file /opt/airflow/dags/sample_dag_2.py for tasks to queue
[2024-11-23T12:26:51.313+0000] {logging_mixin.py:151} INFO - [2024-11-23T12:26:51.312+0000] {dagbag.py:539} INFO - Filling up the DagBag from /opt/airflow/dags/sample_dag_2.py
[2024-11-23T12:26:51.383+0000] {processor.py:839} INFO - DAG(s) dict_keys(['my_dag']) retrieved from /opt/airflow/dags/sample_dag_2.py
[2024-11-23T12:26:51.789+0000] {logging_mixin.py:151} INFO - [2024-11-23T12:26:51.788+0000] {dag.py:2907} INFO - Sync 1 DAGs
[2024-11-23T12:26:51.884+0000] {logging_mixin.py:151} INFO - [2024-11-23T12:26:51.884+0000] {dag.py:3677} INFO - Setting next_dagrun for my_dag to 2024-11-22T00:00:00+00:00, run_after=2024-11-23T00:00:00+00:00
[2024-11-23T12:26:52.008+0000] {processor.py:179} INFO - Processing /opt/airflow/dags/sample_dag_2.py took 0.708 seconds
[2024-11-23T12:27:22.319+0000] {processor.py:157} INFO - Started process (PID=1446) to work on /opt/airflow/dags/sample_dag_2.py
[2024-11-23T12:27:22.322+0000] {processor.py:829} INFO - Processing file /opt/airflow/dags/sample_dag_2.py for tasks to queue
[2024-11-23T12:27:22.325+0000] {logging_mixin.py:151} INFO - [2024-11-23T12:27:22.324+0000] {dagbag.py:539} INFO - Filling up the DagBag from /opt/airflow/dags/sample_dag_2.py
[2024-11-23T12:27:22.372+0000] {processor.py:839} INFO - DAG(s) dict_keys(['my_dag']) retrieved from /opt/airflow/dags/sample_dag_2.py
[2024-11-23T12:27:22.499+0000] {logging_mixin.py:151} INFO - [2024-11-23T12:27:22.498+0000] {dag.py:2907} INFO - Sync 1 DAGs
[2024-11-23T12:27:22.561+0000] {logging_mixin.py:151} INFO - [2024-11-23T12:27:22.561+0000] {dag.py:3677} INFO - Setting next_dagrun for my_dag to 2024-11-22T00:00:00+00:00, run_after=2024-11-23T00:00:00+00:00
[2024-11-23T12:27:22.661+0000] {processor.py:179} INFO - Processing /opt/airflow/dags/sample_dag_2.py took 0.349 seconds
[2024-11-23T12:27:53.080+0000] {processor.py:157} INFO - Started process (PID=1456) to work on /opt/airflow/dags/sample_dag_2.py
[2024-11-23T12:27:53.082+0000] {processor.py:829} INFO - Processing file /opt/airflow/dags/sample_dag_2.py for tasks to queue
[2024-11-23T12:27:53.084+0000] {logging_mixin.py:151} INFO - [2024-11-23T12:27:53.083+0000] {dagbag.py:539} INFO - Filling up the DagBag from /opt/airflow/dags/sample_dag_2.py
[2024-11-23T12:27:53.142+0000] {processor.py:839} INFO - DAG(s) dict_keys(['my_dag']) retrieved from /opt/airflow/dags/sample_dag_2.py
[2024-11-23T12:27:53.281+0000] {logging_mixin.py:151} INFO - [2024-11-23T12:27:53.280+0000] {dag.py:2907} INFO - Sync 1 DAGs
[2024-11-23T12:27:53.375+0000] {logging_mixin.py:151} INFO - [2024-11-23T12:27:53.374+0000] {dag.py:3677} INFO - Setting next_dagrun for my_dag to 2024-11-22T00:00:00+00:00, run_after=2024-11-23T00:00:00+00:00
[2024-11-23T12:27:53.566+0000] {processor.py:179} INFO - Processing /opt/airflow/dags/sample_dag_2.py took 0.496 seconds
[2024-11-23T12:28:23.940+0000] {processor.py:157} INFO - Started process (PID=1466) to work on /opt/airflow/dags/sample_dag_2.py
[2024-11-23T12:28:23.942+0000] {processor.py:829} INFO - Processing file /opt/airflow/dags/sample_dag_2.py for tasks to queue
[2024-11-23T12:28:23.944+0000] {logging_mixin.py:151} INFO - [2024-11-23T12:28:23.943+0000] {dagbag.py:539} INFO - Filling up the DagBag from /opt/airflow/dags/sample_dag_2.py
[2024-11-23T12:28:24.011+0000] {processor.py:839} INFO - DAG(s) dict_keys(['my_dag']) retrieved from /opt/airflow/dags/sample_dag_2.py
[2024-11-23T12:28:24.150+0000] {logging_mixin.py:151} INFO - [2024-11-23T12:28:24.150+0000] {dag.py:2907} INFO - Sync 1 DAGs
[2024-11-23T12:28:24.229+0000] {logging_mixin.py:151} INFO - [2024-11-23T12:28:24.229+0000] {dag.py:3677} INFO - Setting next_dagrun for my_dag to 2024-11-22T00:00:00+00:00, run_after=2024-11-23T00:00:00+00:00
[2024-11-23T12:28:24.321+0000] {processor.py:179} INFO - Processing /opt/airflow/dags/sample_dag_2.py took 0.389 seconds
[2024-11-23T12:28:54.654+0000] {processor.py:157} INFO - Started process (PID=1476) to work on /opt/airflow/dags/sample_dag_2.py
[2024-11-23T12:28:54.656+0000] {processor.py:829} INFO - Processing file /opt/airflow/dags/sample_dag_2.py for tasks to queue
[2024-11-23T12:28:54.659+0000] {logging_mixin.py:151} INFO - [2024-11-23T12:28:54.658+0000] {dagbag.py:539} INFO - Filling up the DagBag from /opt/airflow/dags/sample_dag_2.py
[2024-11-23T12:28:54.769+0000] {processor.py:839} INFO - DAG(s) dict_keys(['my_dag']) retrieved from /opt/airflow/dags/sample_dag_2.py
[2024-11-23T12:28:54.937+0000] {logging_mixin.py:151} INFO - [2024-11-23T12:28:54.937+0000] {dag.py:2907} INFO - Sync 1 DAGs
[2024-11-23T12:28:55.071+0000] {logging_mixin.py:151} INFO - [2024-11-23T12:28:55.070+0000] {dag.py:3677} INFO - Setting next_dagrun for my_dag to 2024-11-22T00:00:00+00:00, run_after=2024-11-23T00:00:00+00:00
[2024-11-23T12:28:55.229+0000] {processor.py:179} INFO - Processing /opt/airflow/dags/sample_dag_2.py took 0.584 seconds
[2024-11-23T12:29:25.610+0000] {processor.py:157} INFO - Started process (PID=1486) to work on /opt/airflow/dags/sample_dag_2.py
[2024-11-23T12:29:25.615+0000] {processor.py:829} INFO - Processing file /opt/airflow/dags/sample_dag_2.py for tasks to queue
[2024-11-23T12:29:25.624+0000] {logging_mixin.py:151} INFO - [2024-11-23T12:29:25.620+0000] {dagbag.py:539} INFO - Filling up the DagBag from /opt/airflow/dags/sample_dag_2.py
[2024-11-23T12:29:25.870+0000] {processor.py:839} INFO - DAG(s) dict_keys(['my_dag']) retrieved from /opt/airflow/dags/sample_dag_2.py
[2024-11-23T12:29:26.605+0000] {logging_mixin.py:151} INFO - [2024-11-23T12:29:26.604+0000] {dag.py:2907} INFO - Sync 1 DAGs
[2024-11-23T12:29:26.778+0000] {logging_mixin.py:151} INFO - [2024-11-23T12:29:26.777+0000] {dag.py:3677} INFO - Setting next_dagrun for my_dag to 2024-11-22T00:00:00+00:00, run_after=2024-11-23T00:00:00+00:00
[2024-11-23T12:29:26.962+0000] {processor.py:179} INFO - Processing /opt/airflow/dags/sample_dag_2.py took 1.364 seconds
[2024-11-23T12:29:57.307+0000] {processor.py:157} INFO - Started process (PID=1496) to work on /opt/airflow/dags/sample_dag_2.py
[2024-11-23T12:29:57.316+0000] {processor.py:829} INFO - Processing file /opt/airflow/dags/sample_dag_2.py for tasks to queue
[2024-11-23T12:29:57.320+0000] {logging_mixin.py:151} INFO - [2024-11-23T12:29:57.319+0000] {dagbag.py:539} INFO - Filling up the DagBag from /opt/airflow/dags/sample_dag_2.py
[2024-11-23T12:29:57.402+0000] {processor.py:839} INFO - DAG(s) dict_keys(['my_dag']) retrieved from /opt/airflow/dags/sample_dag_2.py
[2024-11-23T12:29:57.536+0000] {logging_mixin.py:151} INFO - [2024-11-23T12:29:57.536+0000] {dag.py:2907} INFO - Sync 1 DAGs
[2024-11-23T12:29:57.647+0000] {logging_mixin.py:151} INFO - [2024-11-23T12:29:57.646+0000] {dag.py:3677} INFO - Setting next_dagrun for my_dag to 2024-11-22T00:00:00+00:00, run_after=2024-11-23T00:00:00+00:00
[2024-11-23T12:29:57.923+0000] {processor.py:179} INFO - Processing /opt/airflow/dags/sample_dag_2.py took 0.630 seconds
[2024-11-23T12:30:28.278+0000] {processor.py:157} INFO - Started process (PID=1506) to work on /opt/airflow/dags/sample_dag_2.py
[2024-11-23T12:30:28.280+0000] {processor.py:829} INFO - Processing file /opt/airflow/dags/sample_dag_2.py for tasks to queue
[2024-11-23T12:30:28.282+0000] {logging_mixin.py:151} INFO - [2024-11-23T12:30:28.281+0000] {dagbag.py:539} INFO - Filling up the DagBag from /opt/airflow/dags/sample_dag_2.py
[2024-11-23T12:30:28.334+0000] {processor.py:839} INFO - DAG(s) dict_keys(['my_dag']) retrieved from /opt/airflow/dags/sample_dag_2.py
[2024-11-23T12:30:28.553+0000] {logging_mixin.py:151} INFO - [2024-11-23T12:30:28.552+0000] {dag.py:2907} INFO - Sync 1 DAGs
[2024-11-23T12:30:28.694+0000] {logging_mixin.py:151} INFO - [2024-11-23T12:30:28.694+0000] {dag.py:3677} INFO - Setting next_dagrun for my_dag to 2024-11-22T00:00:00+00:00, run_after=2024-11-23T00:00:00+00:00
[2024-11-23T12:30:29.058+0000] {processor.py:179} INFO - Processing /opt/airflow/dags/sample_dag_2.py took 0.791 seconds
[2024-11-23T12:30:59.412+0000] {processor.py:157} INFO - Started process (PID=1516) to work on /opt/airflow/dags/sample_dag_2.py
[2024-11-23T12:30:59.417+0000] {processor.py:829} INFO - Processing file /opt/airflow/dags/sample_dag_2.py for tasks to queue
[2024-11-23T12:30:59.419+0000] {logging_mixin.py:151} INFO - [2024-11-23T12:30:59.419+0000] {dagbag.py:539} INFO - Filling up the DagBag from /opt/airflow/dags/sample_dag_2.py
[2024-11-23T12:30:59.471+0000] {processor.py:839} INFO - DAG(s) dict_keys(['my_dag']) retrieved from /opt/airflow/dags/sample_dag_2.py
[2024-11-23T12:30:59.644+0000] {logging_mixin.py:151} INFO - [2024-11-23T12:30:59.644+0000] {dag.py:2907} INFO - Sync 1 DAGs
[2024-11-23T12:30:59.772+0000] {logging_mixin.py:151} INFO - [2024-11-23T12:30:59.771+0000] {dag.py:3677} INFO - Setting next_dagrun for my_dag to 2024-11-22T00:00:00+00:00, run_after=2024-11-23T00:00:00+00:00
[2024-11-23T12:30:59.925+0000] {processor.py:179} INFO - Processing /opt/airflow/dags/sample_dag_2.py took 0.524 seconds
[2024-11-23T12:31:30.201+0000] {processor.py:157} INFO - Started process (PID=1526) to work on /opt/airflow/dags/sample_dag_2.py
[2024-11-23T12:31:30.203+0000] {processor.py:829} INFO - Processing file /opt/airflow/dags/sample_dag_2.py for tasks to queue
[2024-11-23T12:31:30.204+0000] {logging_mixin.py:151} INFO - [2024-11-23T12:31:30.204+0000] {dagbag.py:539} INFO - Filling up the DagBag from /opt/airflow/dags/sample_dag_2.py
[2024-11-23T12:31:30.248+0000] {processor.py:839} INFO - DAG(s) dict_keys(['my_dag']) retrieved from /opt/airflow/dags/sample_dag_2.py
[2024-11-23T12:31:30.366+0000] {logging_mixin.py:151} INFO - [2024-11-23T12:31:30.366+0000] {dag.py:2907} INFO - Sync 1 DAGs
[2024-11-23T12:31:30.440+0000] {logging_mixin.py:151} INFO - [2024-11-23T12:31:30.439+0000] {dag.py:3677} INFO - Setting next_dagrun for my_dag to 2024-11-22T00:00:00+00:00, run_after=2024-11-23T00:00:00+00:00
[2024-11-23T12:31:30.542+0000] {processor.py:179} INFO - Processing /opt/airflow/dags/sample_dag_2.py took 0.347 seconds
[2024-11-23T12:32:01.047+0000] {processor.py:157} INFO - Started process (PID=1536) to work on /opt/airflow/dags/sample_dag_2.py
[2024-11-23T12:32:01.049+0000] {processor.py:829} INFO - Processing file /opt/airflow/dags/sample_dag_2.py for tasks to queue
[2024-11-23T12:32:01.052+0000] {logging_mixin.py:151} INFO - [2024-11-23T12:32:01.051+0000] {dagbag.py:539} INFO - Filling up the DagBag from /opt/airflow/dags/sample_dag_2.py
[2024-11-23T12:32:01.123+0000] {processor.py:839} INFO - DAG(s) dict_keys(['my_dag']) retrieved from /opt/airflow/dags/sample_dag_2.py
[2024-11-23T12:32:01.304+0000] {logging_mixin.py:151} INFO - [2024-11-23T12:32:01.303+0000] {dag.py:2907} INFO - Sync 1 DAGs
[2024-11-23T12:32:01.460+0000] {logging_mixin.py:151} INFO - [2024-11-23T12:32:01.459+0000] {dag.py:3677} INFO - Setting next_dagrun for my_dag to 2024-11-22T00:00:00+00:00, run_after=2024-11-23T00:00:00+00:00
[2024-11-23T12:32:01.605+0000] {processor.py:179} INFO - Processing /opt/airflow/dags/sample_dag_2.py took 0.566 seconds
[2024-11-23T12:32:31.992+0000] {processor.py:157} INFO - Started process (PID=1546) to work on /opt/airflow/dags/sample_dag_2.py
[2024-11-23T12:32:31.993+0000] {processor.py:829} INFO - Processing file /opt/airflow/dags/sample_dag_2.py for tasks to queue
[2024-11-23T12:32:31.995+0000] {logging_mixin.py:151} INFO - [2024-11-23T12:32:31.994+0000] {dagbag.py:539} INFO - Filling up the DagBag from /opt/airflow/dags/sample_dag_2.py
[2024-11-23T12:32:32.052+0000] {processor.py:839} INFO - DAG(s) dict_keys(['my_dag']) retrieved from /opt/airflow/dags/sample_dag_2.py
[2024-11-23T12:32:32.289+0000] {logging_mixin.py:151} INFO - [2024-11-23T12:32:32.288+0000] {dag.py:2907} INFO - Sync 1 DAGs
[2024-11-23T12:32:32.366+0000] {logging_mixin.py:151} INFO - [2024-11-23T12:32:32.366+0000] {dag.py:3677} INFO - Setting next_dagrun for my_dag to 2024-11-22T00:00:00+00:00, run_after=2024-11-23T00:00:00+00:00
[2024-11-23T12:32:32.455+0000] {processor.py:179} INFO - Processing /opt/airflow/dags/sample_dag_2.py took 0.470 seconds
[2024-11-23T12:33:02.878+0000] {processor.py:157} INFO - Started process (PID=1556) to work on /opt/airflow/dags/sample_dag_2.py
[2024-11-23T12:33:02.880+0000] {processor.py:829} INFO - Processing file /opt/airflow/dags/sample_dag_2.py for tasks to queue
[2024-11-23T12:33:02.883+0000] {logging_mixin.py:151} INFO - [2024-11-23T12:33:02.881+0000] {dagbag.py:539} INFO - Filling up the DagBag from /opt/airflow/dags/sample_dag_2.py
[2024-11-23T12:33:02.981+0000] {processor.py:839} INFO - DAG(s) dict_keys(['my_dag']) retrieved from /opt/airflow/dags/sample_dag_2.py
[2024-11-23T12:33:03.139+0000] {logging_mixin.py:151} INFO - [2024-11-23T12:33:03.138+0000] {dag.py:2907} INFO - Sync 1 DAGs
[2024-11-23T12:33:03.229+0000] {logging_mixin.py:151} INFO - [2024-11-23T12:33:03.228+0000] {dag.py:3677} INFO - Setting next_dagrun for my_dag to 2024-11-22T00:00:00+00:00, run_after=2024-11-23T00:00:00+00:00
[2024-11-23T12:33:03.356+0000] {processor.py:179} INFO - Processing /opt/airflow/dags/sample_dag_2.py took 0.485 seconds
[2024-11-23T12:33:33.671+0000] {processor.py:157} INFO - Started process (PID=1566) to work on /opt/airflow/dags/sample_dag_2.py
[2024-11-23T12:33:33.674+0000] {processor.py:829} INFO - Processing file /opt/airflow/dags/sample_dag_2.py for tasks to queue
[2024-11-23T12:33:33.676+0000] {logging_mixin.py:151} INFO - [2024-11-23T12:33:33.675+0000] {dagbag.py:539} INFO - Filling up the DagBag from /opt/airflow/dags/sample_dag_2.py
[2024-11-23T12:33:33.742+0000] {processor.py:839} INFO - DAG(s) dict_keys(['my_dag']) retrieved from /opt/airflow/dags/sample_dag_2.py
[2024-11-23T12:33:33.900+0000] {logging_mixin.py:151} INFO - [2024-11-23T12:33:33.899+0000] {dag.py:2907} INFO - Sync 1 DAGs
[2024-11-23T12:33:33.994+0000] {logging_mixin.py:151} INFO - [2024-11-23T12:33:33.993+0000] {dag.py:3677} INFO - Setting next_dagrun for my_dag to 2024-11-22T00:00:00+00:00, run_after=2024-11-23T00:00:00+00:00
[2024-11-23T12:33:34.117+0000] {processor.py:179} INFO - Processing /opt/airflow/dags/sample_dag_2.py took 0.458 seconds
[2024-11-23T12:34:04.433+0000] {processor.py:157} INFO - Started process (PID=1576) to work on /opt/airflow/dags/sample_dag_2.py
[2024-11-23T12:34:04.437+0000] {processor.py:829} INFO - Processing file /opt/airflow/dags/sample_dag_2.py for tasks to queue
[2024-11-23T12:34:04.441+0000] {logging_mixin.py:151} INFO - [2024-11-23T12:34:04.439+0000] {dagbag.py:539} INFO - Filling up the DagBag from /opt/airflow/dags/sample_dag_2.py
[2024-11-23T12:34:04.494+0000] {processor.py:839} INFO - DAG(s) dict_keys(['my_dag']) retrieved from /opt/airflow/dags/sample_dag_2.py
[2024-11-23T12:34:04.608+0000] {logging_mixin.py:151} INFO - [2024-11-23T12:34:04.608+0000] {dag.py:2907} INFO - Sync 1 DAGs
[2024-11-23T12:34:04.724+0000] {logging_mixin.py:151} INFO - [2024-11-23T12:34:04.723+0000] {dag.py:3677} INFO - Setting next_dagrun for my_dag to 2024-11-22T00:00:00+00:00, run_after=2024-11-23T00:00:00+00:00
[2024-11-23T12:34:04.842+0000] {processor.py:179} INFO - Processing /opt/airflow/dags/sample_dag_2.py took 0.419 seconds
[2024-11-23T12:34:35.097+0000] {processor.py:157} INFO - Started process (PID=1586) to work on /opt/airflow/dags/sample_dag_2.py
[2024-11-23T12:34:35.100+0000] {processor.py:829} INFO - Processing file /opt/airflow/dags/sample_dag_2.py for tasks to queue
[2024-11-23T12:34:35.102+0000] {logging_mixin.py:151} INFO - [2024-11-23T12:34:35.102+0000] {dagbag.py:539} INFO - Filling up the DagBag from /opt/airflow/dags/sample_dag_2.py
[2024-11-23T12:34:35.158+0000] {processor.py:839} INFO - DAG(s) dict_keys(['my_dag']) retrieved from /opt/airflow/dags/sample_dag_2.py
[2024-11-23T12:34:35.247+0000] {logging_mixin.py:151} INFO - [2024-11-23T12:34:35.246+0000] {dag.py:2907} INFO - Sync 1 DAGs
[2024-11-23T12:34:35.311+0000] {logging_mixin.py:151} INFO - [2024-11-23T12:34:35.311+0000] {dag.py:3677} INFO - Setting next_dagrun for my_dag to 2024-11-22T00:00:00+00:00, run_after=2024-11-23T00:00:00+00:00
[2024-11-23T12:34:35.417+0000] {processor.py:179} INFO - Processing /opt/airflow/dags/sample_dag_2.py took 0.332 seconds
[2024-11-23T12:35:05.819+0000] {processor.py:157} INFO - Started process (PID=1596) to work on /opt/airflow/dags/sample_dag_2.py
[2024-11-23T12:35:05.821+0000] {processor.py:829} INFO - Processing file /opt/airflow/dags/sample_dag_2.py for tasks to queue
[2024-11-23T12:35:05.823+0000] {logging_mixin.py:151} INFO - [2024-11-23T12:35:05.823+0000] {dagbag.py:539} INFO - Filling up the DagBag from /opt/airflow/dags/sample_dag_2.py
[2024-11-23T12:35:05.884+0000] {processor.py:839} INFO - DAG(s) dict_keys(['my_dag']) retrieved from /opt/airflow/dags/sample_dag_2.py
[2024-11-23T12:35:06.042+0000] {logging_mixin.py:151} INFO - [2024-11-23T12:35:06.042+0000] {dag.py:2907} INFO - Sync 1 DAGs
[2024-11-23T12:35:06.200+0000] {logging_mixin.py:151} INFO - [2024-11-23T12:35:06.199+0000] {dag.py:3677} INFO - Setting next_dagrun for my_dag to 2024-11-22T00:00:00+00:00, run_after=2024-11-23T00:00:00+00:00
[2024-11-23T12:35:06.463+0000] {processor.py:179} INFO - Processing /opt/airflow/dags/sample_dag_2.py took 0.653 seconds
[2024-11-23T12:35:36.788+0000] {processor.py:157} INFO - Started process (PID=1606) to work on /opt/airflow/dags/sample_dag_2.py
[2024-11-23T12:35:36.792+0000] {processor.py:829} INFO - Processing file /opt/airflow/dags/sample_dag_2.py for tasks to queue
[2024-11-23T12:35:36.797+0000] {logging_mixin.py:151} INFO - [2024-11-23T12:35:36.796+0000] {dagbag.py:539} INFO - Filling up the DagBag from /opt/airflow/dags/sample_dag_2.py
[2024-11-23T12:35:36.929+0000] {processor.py:839} INFO - DAG(s) dict_keys(['my_dag']) retrieved from /opt/airflow/dags/sample_dag_2.py
[2024-11-23T12:35:37.181+0000] {logging_mixin.py:151} INFO - [2024-11-23T12:35:37.180+0000] {dag.py:2907} INFO - Sync 1 DAGs
[2024-11-23T12:35:37.307+0000] {logging_mixin.py:151} INFO - [2024-11-23T12:35:37.306+0000] {dag.py:3677} INFO - Setting next_dagrun for my_dag to 2024-11-22T00:00:00+00:00, run_after=2024-11-23T00:00:00+00:00
[2024-11-23T12:35:37.466+0000] {processor.py:179} INFO - Processing /opt/airflow/dags/sample_dag_2.py took 0.687 seconds
[2024-11-23T12:36:07.853+0000] {processor.py:157} INFO - Started process (PID=1616) to work on /opt/airflow/dags/sample_dag_2.py
[2024-11-23T12:36:07.855+0000] {processor.py:829} INFO - Processing file /opt/airflow/dags/sample_dag_2.py for tasks to queue
[2024-11-23T12:36:07.857+0000] {logging_mixin.py:151} INFO - [2024-11-23T12:36:07.856+0000] {dagbag.py:539} INFO - Filling up the DagBag from /opt/airflow/dags/sample_dag_2.py
[2024-11-23T12:36:07.904+0000] {processor.py:839} INFO - DAG(s) dict_keys(['my_dag']) retrieved from /opt/airflow/dags/sample_dag_2.py
[2024-11-23T12:36:08.046+0000] {logging_mixin.py:151} INFO - [2024-11-23T12:36:08.045+0000] {dag.py:2907} INFO - Sync 1 DAGs
[2024-11-23T12:36:08.120+0000] {logging_mixin.py:151} INFO - [2024-11-23T12:36:08.120+0000] {dag.py:3677} INFO - Setting next_dagrun for my_dag to 2024-11-22T00:00:00+00:00, run_after=2024-11-23T00:00:00+00:00
[2024-11-23T12:36:08.187+0000] {processor.py:179} INFO - Processing /opt/airflow/dags/sample_dag_2.py took 0.341 seconds
[2024-11-23T12:36:38.589+0000] {processor.py:157} INFO - Started process (PID=1626) to work on /opt/airflow/dags/sample_dag_2.py
[2024-11-23T12:36:38.591+0000] {processor.py:829} INFO - Processing file /opt/airflow/dags/sample_dag_2.py for tasks to queue
[2024-11-23T12:36:38.594+0000] {logging_mixin.py:151} INFO - [2024-11-23T12:36:38.593+0000] {dagbag.py:539} INFO - Filling up the DagBag from /opt/airflow/dags/sample_dag_2.py
[2024-11-23T12:36:38.645+0000] {processor.py:839} INFO - DAG(s) dict_keys(['my_dag']) retrieved from /opt/airflow/dags/sample_dag_2.py
[2024-11-23T12:36:38.739+0000] {logging_mixin.py:151} INFO - [2024-11-23T12:36:38.739+0000] {dag.py:2907} INFO - Sync 1 DAGs
[2024-11-23T12:36:38.793+0000] {logging_mixin.py:151} INFO - [2024-11-23T12:36:38.793+0000] {dag.py:3677} INFO - Setting next_dagrun for my_dag to 2024-11-22T00:00:00+00:00, run_after=2024-11-23T00:00:00+00:00
[2024-11-23T12:36:38.911+0000] {processor.py:179} INFO - Processing /opt/airflow/dags/sample_dag_2.py took 0.329 seconds
[2024-11-23T12:37:09.261+0000] {processor.py:157} INFO - Started process (PID=1636) to work on /opt/airflow/dags/sample_dag_2.py
[2024-11-23T12:37:09.262+0000] {processor.py:829} INFO - Processing file /opt/airflow/dags/sample_dag_2.py for tasks to queue
[2024-11-23T12:37:09.264+0000] {logging_mixin.py:151} INFO - [2024-11-23T12:37:09.264+0000] {dagbag.py:539} INFO - Filling up the DagBag from /opt/airflow/dags/sample_dag_2.py
[2024-11-23T12:37:09.313+0000] {processor.py:839} INFO - DAG(s) dict_keys(['my_dag']) retrieved from /opt/airflow/dags/sample_dag_2.py
[2024-11-23T12:37:09.414+0000] {logging_mixin.py:151} INFO - [2024-11-23T12:37:09.413+0000] {dag.py:2907} INFO - Sync 1 DAGs
[2024-11-23T12:37:09.479+0000] {logging_mixin.py:151} INFO - [2024-11-23T12:37:09.478+0000] {dag.py:3677} INFO - Setting next_dagrun for my_dag to 2024-11-22T00:00:00+00:00, run_after=2024-11-23T00:00:00+00:00
[2024-11-23T12:37:09.641+0000] {processor.py:179} INFO - Processing /opt/airflow/dags/sample_dag_2.py took 0.385 seconds
[2024-11-23T12:37:40.113+0000] {processor.py:157} INFO - Started process (PID=1646) to work on /opt/airflow/dags/sample_dag_2.py
[2024-11-23T12:37:40.115+0000] {processor.py:829} INFO - Processing file /opt/airflow/dags/sample_dag_2.py for tasks to queue
[2024-11-23T12:37:40.117+0000] {logging_mixin.py:151} INFO - [2024-11-23T12:37:40.117+0000] {dagbag.py:539} INFO - Filling up the DagBag from /opt/airflow/dags/sample_dag_2.py
[2024-11-23T12:37:40.176+0000] {processor.py:839} INFO - DAG(s) dict_keys(['my_dag']) retrieved from /opt/airflow/dags/sample_dag_2.py
[2024-11-23T12:37:40.601+0000] {logging_mixin.py:151} INFO - [2024-11-23T12:37:40.600+0000] {dag.py:2907} INFO - Sync 1 DAGs
[2024-11-23T12:37:40.751+0000] {logging_mixin.py:151} INFO - [2024-11-23T12:37:40.751+0000] {dag.py:3677} INFO - Setting next_dagrun for my_dag to 2024-11-22T00:00:00+00:00, run_after=2024-11-23T00:00:00+00:00
[2024-11-23T12:37:40.917+0000] {processor.py:179} INFO - Processing /opt/airflow/dags/sample_dag_2.py took 0.815 seconds
[2024-11-23T12:38:11.598+0000] {processor.py:157} INFO - Started process (PID=1663) to work on /opt/airflow/dags/sample_dag_2.py
[2024-11-23T12:38:11.600+0000] {processor.py:829} INFO - Processing file /opt/airflow/dags/sample_dag_2.py for tasks to queue
[2024-11-23T12:38:11.601+0000] {logging_mixin.py:151} INFO - [2024-11-23T12:38:11.601+0000] {dagbag.py:539} INFO - Filling up the DagBag from /opt/airflow/dags/sample_dag_2.py
[2024-11-23T12:38:11.641+0000] {processor.py:839} INFO - DAG(s) dict_keys(['my_dag']) retrieved from /opt/airflow/dags/sample_dag_2.py
[2024-11-23T12:38:11.722+0000] {logging_mixin.py:151} INFO - [2024-11-23T12:38:11.721+0000] {dag.py:2907} INFO - Sync 1 DAGs
[2024-11-23T12:38:11.772+0000] {logging_mixin.py:151} INFO - [2024-11-23T12:38:11.772+0000] {dag.py:3677} INFO - Setting next_dagrun for my_dag to 2024-11-22T00:00:00+00:00, run_after=2024-11-23T00:00:00+00:00
[2024-11-23T12:38:11.880+0000] {processor.py:179} INFO - Processing /opt/airflow/dags/sample_dag_2.py took 0.286 seconds
[2024-11-23T12:38:42.228+0000] {processor.py:157} INFO - Started process (PID=1673) to work on /opt/airflow/dags/sample_dag_2.py
[2024-11-23T12:38:42.229+0000] {processor.py:829} INFO - Processing file /opt/airflow/dags/sample_dag_2.py for tasks to queue
[2024-11-23T12:38:42.232+0000] {logging_mixin.py:151} INFO - [2024-11-23T12:38:42.231+0000] {dagbag.py:539} INFO - Filling up the DagBag from /opt/airflow/dags/sample_dag_2.py
[2024-11-23T12:38:42.288+0000] {processor.py:839} INFO - DAG(s) dict_keys(['my_dag']) retrieved from /opt/airflow/dags/sample_dag_2.py
[2024-11-23T12:38:42.390+0000] {logging_mixin.py:151} INFO - [2024-11-23T12:38:42.389+0000] {dag.py:2907} INFO - Sync 1 DAGs
[2024-11-23T12:38:42.444+0000] {logging_mixin.py:151} INFO - [2024-11-23T12:38:42.444+0000] {dag.py:3677} INFO - Setting next_dagrun for my_dag to 2024-11-22T00:00:00+00:00, run_after=2024-11-23T00:00:00+00:00
[2024-11-23T12:38:42.540+0000] {processor.py:179} INFO - Processing /opt/airflow/dags/sample_dag_2.py took 0.321 seconds
[2024-11-23T12:39:13.382+0000] {processor.py:157} INFO - Started process (PID=1688) to work on /opt/airflow/dags/sample_dag_2.py
[2024-11-23T12:39:13.385+0000] {processor.py:829} INFO - Processing file /opt/airflow/dags/sample_dag_2.py for tasks to queue
[2024-11-23T12:39:13.390+0000] {logging_mixin.py:151} INFO - [2024-11-23T12:39:13.388+0000] {dagbag.py:539} INFO - Filling up the DagBag from /opt/airflow/dags/sample_dag_2.py
[2024-11-23T12:39:13.657+0000] {processor.py:839} INFO - DAG(s) dict_keys(['my_dag']) retrieved from /opt/airflow/dags/sample_dag_2.py
[2024-11-23T12:39:14.082+0000] {logging_mixin.py:151} INFO - [2024-11-23T12:39:14.082+0000] {dag.py:2907} INFO - Sync 1 DAGs
[2024-11-23T12:39:14.355+0000] {logging_mixin.py:151} INFO - [2024-11-23T12:39:14.354+0000] {dag.py:3677} INFO - Setting next_dagrun for my_dag to 2024-11-22T00:00:00+00:00, run_after=2024-11-23T00:00:00+00:00
[2024-11-23T12:39:14.506+0000] {processor.py:179} INFO - Processing /opt/airflow/dags/sample_dag_2.py took 1.143 seconds
[2024-11-23T12:39:44.795+0000] {processor.py:157} INFO - Started process (PID=1693) to work on /opt/airflow/dags/sample_dag_2.py
[2024-11-23T12:39:44.805+0000] {processor.py:829} INFO - Processing file /opt/airflow/dags/sample_dag_2.py for tasks to queue
[2024-11-23T12:39:44.812+0000] {logging_mixin.py:151} INFO - [2024-11-23T12:39:44.810+0000] {dagbag.py:539} INFO - Filling up the DagBag from /opt/airflow/dags/sample_dag_2.py
[2024-11-23T12:39:44.946+0000] {processor.py:839} INFO - DAG(s) dict_keys(['my_dag']) retrieved from /opt/airflow/dags/sample_dag_2.py
[2024-11-23T12:39:45.138+0000] {logging_mixin.py:151} INFO - [2024-11-23T12:39:45.138+0000] {dag.py:2907} INFO - Sync 1 DAGs
[2024-11-23T12:39:45.274+0000] {logging_mixin.py:151} INFO - [2024-11-23T12:39:45.273+0000] {dag.py:3677} INFO - Setting next_dagrun for my_dag to 2024-11-22T00:00:00+00:00, run_after=2024-11-23T00:00:00+00:00
[2024-11-23T12:39:45.536+0000] {processor.py:179} INFO - Processing /opt/airflow/dags/sample_dag_2.py took 0.782 seconds
[2024-11-23T12:40:15.905+0000] {processor.py:157} INFO - Started process (PID=1698) to work on /opt/airflow/dags/sample_dag_2.py
[2024-11-23T12:40:15.909+0000] {processor.py:829} INFO - Processing file /opt/airflow/dags/sample_dag_2.py for tasks to queue
[2024-11-23T12:40:15.912+0000] {logging_mixin.py:151} INFO - [2024-11-23T12:40:15.911+0000] {dagbag.py:539} INFO - Filling up the DagBag from /opt/airflow/dags/sample_dag_2.py
[2024-11-23T12:40:15.994+0000] {processor.py:839} INFO - DAG(s) dict_keys(['my_dag']) retrieved from /opt/airflow/dags/sample_dag_2.py
[2024-11-23T12:40:16.682+0000] {logging_mixin.py:151} INFO - [2024-11-23T12:40:16.682+0000] {dag.py:2907} INFO - Sync 1 DAGs
[2024-11-23T12:40:16.737+0000] {logging_mixin.py:151} INFO - [2024-11-23T12:40:16.736+0000] {dag.py:2929} INFO - Creating ORM DAG for my_dag
[2024-11-23T12:40:16.813+0000] {logging_mixin.py:151} INFO - [2024-11-23T12:40:16.812+0000] {dag.py:3677} INFO - Setting next_dagrun for my_dag to 2024-11-22T00:00:00+00:00, run_after=2024-11-23T00:00:00+00:00
[2024-11-23T12:40:16.933+0000] {processor.py:179} INFO - Processing /opt/airflow/dags/sample_dag_2.py took 1.036 seconds
[2024-11-23T12:40:47.373+0000] {processor.py:157} INFO - Started process (PID=1703) to work on /opt/airflow/dags/sample_dag_2.py
[2024-11-23T12:40:47.390+0000] {processor.py:829} INFO - Processing file /opt/airflow/dags/sample_dag_2.py for tasks to queue
[2024-11-23T12:40:47.688+0000] {logging_mixin.py:151} INFO - [2024-11-23T12:40:47.394+0000] {dagbag.py:539} INFO - Filling up the DagBag from /opt/airflow/dags/sample_dag_2.py
[2024-11-23T12:40:47.767+0000] {processor.py:839} INFO - DAG(s) dict_keys(['my_dag']) retrieved from /opt/airflow/dags/sample_dag_2.py
[2024-11-23T12:40:47.890+0000] {logging_mixin.py:151} INFO - [2024-11-23T12:40:47.889+0000] {dag.py:2907} INFO - Sync 1 DAGs
[2024-11-23T12:40:48.005+0000] {logging_mixin.py:151} INFO - [2024-11-23T12:40:48.003+0000] {dag.py:3677} INFO - Setting next_dagrun for my_dag to 2024-11-22T00:00:00+00:00, run_after=2024-11-23T00:00:00+00:00
[2024-11-23T12:40:48.115+0000] {processor.py:179} INFO - Processing /opt/airflow/dags/sample_dag_2.py took 0.802 seconds
