2024-11-13 07:59:30.793 [info] (Client) Pylance async client (2024.11.1) started with python extension (2024.20.0)
2024-11-13 07:59:41.398 [info] [Info  - 7:59:40 AM] (1491) Server root directory: file:///root/.vscode-server/extensions/ms-python.vscode-pylance-2024.11.1/dist
2024-11-13 07:59:41.527 [info] [Info  - 7:59:41 AM] (1491) Pylance language server 2024.11.1 (pyright version 1.1.386, commit 4180fa21) starting
2024-11-13 07:59:41.529 [info] [Info  - 7:59:41 AM] (1491) Starting service instance "pyspark_workspace"
2024-11-13 07:59:41.910 [info] [Info  - 7:59:41 AM] (1491) Setting environmentName for service "pyspark_workspace": "D:\Program Files\Python\python.exe"
2024-11-13 07:59:41.912 [info] [Info  - 7:59:41 AM] (1491) No include entries specified; assuming /container/pyspark_workspace
2024-11-13 07:59:41.915 [info] [Info  - 7:59:41 AM] (1491) Auto-excluding **/node_modules
2024-11-13 07:59:41.916 [info] [Info  - 7:59:41 AM] (1491) Auto-excluding **/__pycache__
2024-11-13 07:59:41.917 [info] [Info  - 7:59:41 AM] (1491) Auto-excluding **/.*
2024-11-13 07:59:45.391 [info] [Info  - 7:59:45 AM] (1491) Found 2 source files
2024-11-13 07:59:45.486 [info] [Info  - 7:59:45 AM] (1491) Background analysis(1) root directory: file:///root/.vscode-server/extensions/ms-python.vscode-pylance-2024.11.1/dist
2024-11-13 07:59:45.487 [info] [Info  - 7:59:45 AM] (1491) Background analysis(1) started
2024-11-13 07:59:45.570 [info] [Info  - 7:59:45 AM] (1491) Starting service instance "pyspark_workspace"
2024-11-13 07:59:45.948 [info] [Info  - 7:59:45 AM] (1491) Setting environmentName for service "pyspark_workspace": "D:\Program Files\Python\python.exe"
2024-11-13 07:59:45.951 [info] [Info  - 7:59:45 AM] (1491) Setting pythonPath for service "pyspark_workspace": "/container/pyspark_workspace"
2024-11-13 07:59:45.952 [info] [Info  - 7:59:45 AM] (1491) No include entries specified; assuming /container/pyspark_workspace
2024-11-13 07:59:45.955 [info] [Info  - 7:59:45 AM] (1491) Auto-excluding **/node_modules
2024-11-13 07:59:45.959 [info] [Info  - 7:59:45 AM] (1491) Auto-excluding **/__pycache__
2024-11-13 07:59:45.961 [info] [Info  - 7:59:45 AM] (1491) Auto-excluding **/.*
2024-11-13 07:59:48.446 [info] [Info  - 7:59:48 AM] (1491) Found 2 source files
2024-11-13 07:59:48.545 [info] [Info  - 7:59:48 AM] (1491) Background analysis(2) root directory: file:///root/.vscode-server/extensions/ms-python.vscode-pylance-2024.11.1/dist
2024-11-13 07:59:48.546 [info] [Info  - 7:59:48 AM] (1491) Background analysis(2) started
2024-11-13 07:59:51.728 [info] [Info  - 7:59:51 AM] (1491) Indexer background runner(3) root directory: file:///root/.vscode-server/extensions/ms-python.vscode-pylance-2024.11.1/dist (index)
2024-11-13 07:59:51.729 [info] [Info  - 7:59:51 AM] (1491) Indexing(3) started
2024-11-13 07:59:53.314 [info] [Info  - 7:59:53 AM] (1491) [BG(2)] Long operation: parsing: file:///container/pyspark_workspace/source_code/sample_code/Test_Kafka.ipynb.py#W3sdnNjb2RlLXJlbW90ZQ%3D%3D (2216ms)
2024-11-13 07:59:55.102 [info] [Info  - 7:59:55 AM] (1491) [BG(2)] Long operation: SemanticTokens range 0:0 - 8:41 at file:///container/pyspark_workspace/source_code/sample_code/Test_Kafka.ipynb.py#W3sdnNjb2RlLXJlbW90ZQ%3D%3D (4013ms)
2024-11-13 08:00:14.774 [info] [Info  - 8:00:14 AM] (1491) [IDX(3)] Long operation: scan packages file:///container/pyspark_workspace (20167ms)
2024-11-13 08:00:14.775 [info] [Info  - 8:00:14 AM] (1491) scanned(3) 1 files over 1 exec env
2024-11-13 08:00:15.283 [info] [Info  - 8:00:15 AM] (1491) indexed(3) 1 files over 1 exec env
2024-11-13 08:00:15.340 [info] [Info  - 8:00:15 AM] (1491) Indexing finished(3).
2024-11-13 08:00:41.402 [info] [Info  - 8:00:41 AM] (1491) Starting service instance "pyspark_workspace"
2024-11-13 08:00:42.178 [info] [Info  - 8:00:42 AM] (1491) Setting environmentName for service "pyspark_workspace": "D:\Program Files\Python\python.exe"
2024-11-13 08:00:42.237 [info] [Info  - 8:00:42 AM] (1491) Setting pythonPath for service "pyspark_workspace": "/usr/local/bin/python"
2024-11-13 08:00:42.583 [info] [Info  - 8:00:42 AM] (1491) No include entries specified; assuming /container/pyspark_workspace
2024-11-13 08:00:42.587 [info] [Info  - 8:00:42 AM] (1491) Auto-excluding **/node_modules
2024-11-13 08:00:42.590 [info] [Info  - 8:00:42 AM] (1491) Auto-excluding **/__pycache__
2024-11-13 08:00:42.591 [info] [Info  - 8:00:42 AM] (1491) Auto-excluding **/.*
2024-11-13 08:00:42.593 [info] [Info  - 8:00:42 AM] (1491) Assuming Python version 3.11.9.final.0
2024-11-13 08:00:46.142 [info] [Info  - 8:00:46 AM] (1491) Found 2 source files
2024-11-13 08:00:46.559 [info] [Info  - 8:00:46 AM] (1491) Background analysis(4) root directory: file:///root/.vscode-server/extensions/ms-python.vscode-pylance-2024.11.1/dist
2024-11-13 08:00:46.561 [info] [Info  - 8:00:46 AM] (1491) Background analysis(4) started
2024-11-13 08:00:46.762 [info] [Info  - 8:00:46 AM] (1491) Setting environmentName for service "pyspark_workspace": "D:\Program Files\Python\python.exe"
2024-11-13 08:00:46.766 [info] [Info  - 8:00:46 AM] (1491) No include entries specified; assuming /container/pyspark_workspace
2024-11-13 08:00:46.782 [info] [Info  - 8:00:46 AM] (1491) Auto-excluding **/node_modules
2024-11-13 08:00:46.784 [info] [Info  - 8:00:46 AM] (1491) Auto-excluding **/__pycache__
2024-11-13 08:00:46.797 [info] [Info  - 8:00:46 AM] (1491) Auto-excluding **/.*
2024-11-13 08:00:51.708 [info] [Info  - 8:00:51 AM] (1491) Found 2 source files
2024-11-13 08:00:51.780 [info] [Info  - 8:00:51 AM] (1491) Indexer background runner(5) root directory: file:///root/.vscode-server/extensions/ms-python.vscode-pylance-2024.11.1/dist (index)
2024-11-13 08:00:51.801 [info] [Info  - 8:00:51 AM] (1491) Indexing(5) started
2024-11-13 08:00:51.861 [info] [Info  - 8:00:51 AM] (1491) Setting environmentName for service "pyspark_workspace": "D:\Program Files\Python\python.exe"
2024-11-13 08:00:51.869 [info] [Info  - 8:00:51 AM] (1491) Setting pythonPath for service "pyspark_workspace": "/container/pyspark_workspace"
2024-11-13 08:00:51.874 [info] [Info  - 8:00:51 AM] (1491) No include entries specified; assuming /container/pyspark_workspace
2024-11-13 08:00:51.882 [info] [Info  - 8:00:51 AM] (1491) Auto-excluding **/node_modules
2024-11-13 08:00:51.887 [info] [Info  - 8:00:51 AM] (1491) Auto-excluding **/__pycache__
2024-11-13 08:00:51.889 [info] [Info  - 8:00:51 AM] (1491) Auto-excluding **/.*
2024-11-13 08:00:56.697 [info] [Info  - 8:00:56 AM] (1491) Found 2 source files
2024-11-13 08:00:56.704 [info] [Info  - 8:00:56 AM] (1491) [BG(4)] Long operation: parsing: file:///container/pyspark_workspace/source_code/sample_code/Test_Project_1.py (3739ms)
2024-11-13 08:00:56.705 [info] [Info  - 8:00:56 AM] (1491) [BG(4)] Long operation: indexing: file:///container/pyspark_workspace/source_code/sample_code/Test_Project_1.py (4528ms)
2024-11-13 08:00:56.711 [info] [Info  - 8:00:56 AM] (1491) [BG(4)] Long operation: checking: file:///container/pyspark_workspace/source_code/sample_code/Test_Kafka.ipynb.py#X15sdnNjb2RlLXJlbW90ZQ%3D%3D (2998ms)
2024-11-13 08:00:56.712 [info] [Info  - 8:00:56 AM] (1491) [BG(4)] Long operation: analyzing: file:///container/pyspark_workspace/source_code/sample_code/Test_Kafka.ipynb.py#X15sdnNjb2RlLXJlbW90ZQ%3D%3D (3068ms)
2024-11-13 08:00:56.712 [info] [Info  - 8:00:56 AM] (1491) scanned(5) 90 files over 1 exec env
2024-11-13 08:00:57.618 [info] [Info  - 8:00:57 AM] (1491) Setting environmentName for service "pyspark_workspace": "D:\Program Files\Python\python.exe"
2024-11-13 08:00:57.620 [info] [Info  - 8:00:57 AM] (1491) Setting pythonPath for service "pyspark_workspace": "/usr/local/bin/python"
2024-11-13 08:00:57.623 [info] [Info  - 8:00:57 AM] (1491) No include entries specified; assuming /container/pyspark_workspace
2024-11-13 08:00:57.624 [info] [Info  - 8:00:57 AM] (1491) Auto-excluding **/node_modules
2024-11-13 08:00:57.625 [info] [Info  - 8:00:57 AM] (1491) Auto-excluding **/__pycache__
2024-11-13 08:00:57.626 [info] [Info  - 8:00:57 AM] (1491) Auto-excluding **/.*
2024-11-13 08:00:57.755 [info] [Info  - 8:00:57 AM] (1491) Assuming Python version 3.11.9.final.0
2024-11-13 08:01:02.147 [info] [Info  - 8:01:02 AM] (1491) Found 15 source files
2024-11-13 08:01:02.158 [info] [Info  - 8:01:02 AM] (1491) [BG(4)] Long operation: analyzing: file:///container/pyspark_workspace/source_code/sample_code/Test_Kafka.ipynb.py#pylancePrefixCell (5115ms)
2024-11-13 08:01:02.165 [info] [Info  - 8:01:02 AM] (1491) Setting environmentName for service "pyspark_workspace": "D:\Program Files\Python\python.exe"
2024-11-13 08:01:02.167 [info] [Info  - 8:01:02 AM] (1491) No include entries specified; assuming /container/pyspark_workspace
2024-11-13 08:01:02.174 [info] [Info  - 8:01:02 AM] (1491) Auto-excluding **/node_modules
2024-11-13 08:01:02.175 [info] [Info  - 8:01:02 AM] (1491) Auto-excluding **/__pycache__
2024-11-13 08:01:02.176 [info] [Info  - 8:01:02 AM] (1491) Auto-excluding **/.*
2024-11-13 08:01:06.216 [info] [Info  - 8:01:06 AM] (1491) Found 2 source files
2024-11-13 08:01:06.252 [info] [Info  - 8:01:06 AM] (1491) [BG(4)] Long operation: parsing: file:///container/pyspark_workspace/source_code/sample_code/Test_Project_1.py (2816ms)
2024-11-13 08:01:06.253 [info] [Info  - 8:01:06 AM] (1491) [BG(4)] Long operation: indexing: file:///container/pyspark_workspace/source_code/sample_code/Test_Project_1.py (3123ms)
2024-11-13 08:01:06.258 [info] [Info  - 8:01:06 AM] (1491) [IDX(5)] Long operation: index execution environment file:///container/pyspark_workspace (2494ms)
2024-11-13 08:01:06.259 [info] [Info  - 8:01:06 AM] (1491) [IDX(5)] Long operation: index packages file:///container/pyspark_workspace (5167ms)
2024-11-13 08:01:06.260 [info] [Info  - 8:01:06 AM] (1491) indexed(5) 90 files over 1 exec env
2024-11-13 08:01:06.620 [info] [Info  - 8:01:06 AM] (1491) Indexing finished(5).
2024-11-13 08:01:06.653 [info] [Info  - 8:01:06 AM] (1491) Setting environmentName for service "pyspark_workspace": "D:\Program Files\Python\python.exe"
2024-11-13 08:01:06.654 [info] [Info  - 8:01:06 AM] (1491) Setting pythonPath for service "pyspark_workspace": "/container/pyspark_workspace"
2024-11-13 08:01:06.656 [info] [Info  - 8:01:06 AM] (1491) No include entries specified; assuming /container/pyspark_workspace
2024-11-13 08:01:06.657 [info] [Info  - 8:01:06 AM] (1491) Auto-excluding **/node_modules
2024-11-13 08:01:06.658 [info] [Info  - 8:01:06 AM] (1491) Auto-excluding **/__pycache__
2024-11-13 08:01:06.659 [info] [Info  - 8:01:06 AM] (1491) Auto-excluding **/.*
2024-11-13 08:01:11.667 [info] [Info  - 8:01:11 AM] (1491) Found 2 source files
2024-11-13 08:01:11.672 [info] [Info  - 8:01:11 AM] (1491) [BG(4)] Long operation: analyzing: file:///container/pyspark_workspace/source_code/sample_code/Test_Kafka.ipynb.py#X15sdnNjb2RlLXJlbW90ZQ%3D%3D (2011ms)
2024-11-13 08:01:11.677 [info] [Info  - 8:01:11 AM] (1491) [BG(4)] Long operation: analyzing: file:///container/pyspark_workspace/source_code/sample_code/Test_Kafka.ipynb.py#pylancePrefixCell (3493ms)
2024-11-13 08:01:11.680 [info] [Info  - 8:01:11 AM] (1491) Setting environmentName for service "pyspark_workspace": "D:\Program Files\Python\python.exe"
2024-11-13 08:01:11.681 [info] [Info  - 8:01:11 AM] (1491) Setting pythonPath for service "pyspark_workspace": "/usr/local/bin/python"
2024-11-13 08:01:11.682 [info] [Info  - 8:01:11 AM] (1491) No include entries specified; assuming /container/pyspark_workspace
2024-11-13 08:01:11.683 [info] [Info  - 8:01:11 AM] (1491) Auto-excluding **/node_modules
2024-11-13 08:01:11.684 [info] [Info  - 8:01:11 AM] (1491) Auto-excluding **/__pycache__
2024-11-13 08:01:11.685 [info] [Info  - 8:01:11 AM] (1491) Auto-excluding **/.*
2024-11-13 08:01:11.760 [info] [Info  - 8:01:11 AM] (1491) Assuming Python version 3.11.9.final.0
2024-11-13 08:01:13.704 [info] [Info  - 8:01:13 AM] (1491) Found 15 source files
2024-11-13 08:01:16.573 [info] [Info  - 8:01:16 AM] (1491) [BG(4)] Long operation: parsing: file:///container/pyspark_workspace/source_code/sample_code/Test_Project_1.py (2846ms)
2024-11-13 08:01:16.759 [info] [Info  - 8:01:16 AM] (1491) [BG(4)] Long operation: indexing: file:///container/pyspark_workspace/source_code/sample_code/Test_Project_1.py (3033ms)
2024-11-13 08:01:18.565 [info] [Info  - 8:01:18 AM] (1491) Indexer background runner(6) root directory: file:///root/.vscode-server/extensions/ms-python.vscode-pylance-2024.11.1/dist (index)
2024-11-13 08:01:18.567 [info] [Info  - 8:01:18 AM] (1491) Indexing(6) started
2024-11-13 08:01:20.320 [info] [Info  - 8:01:20 AM] (1491) [BG(4)] Long operation: analyzing: file:///container/pyspark_workspace/source_code/sample_code/Test_Kafka.ipynb.py#pylancePrefixCell (3063ms)
2024-11-13 08:01:25.455 [info] [Info  - 8:01:25 AM] (1491) scanned(6) 90 files over 1 exec env
2024-11-13 08:01:27.887 [info] [Info  - 8:01:27 AM] (1491) indexed(6) 90 files over 1 exec env
2024-11-13 08:01:28.143 [info] [Info  - 8:01:28 AM] (1491) Indexing finished(6).
