2024-11-21 02:23:38.553 [info] [main] Log level: Info
2024-11-21 02:23:38.555 [info] [main] Validating found git in: "git"
2024-11-21 02:23:38.555 [info] [main] Using git "2.39.2" from "git"
2024-11-21 02:23:38.559 [info] [Model][doInitialScan] Initial repository scan started
2024-11-21 02:23:38.560 [info] > git rev-parse --show-toplevel [138ms]
2024-11-21 02:23:38.561 [info] > git rev-parse --git-dir --git-common-dir [267ms]
2024-11-21 02:23:38.562 [info] [Model][openRepository] Opened repository: /container/pyspark_workspace
2024-11-21 02:23:38.562 [info] > git config --get commit.template [69ms]
2024-11-21 02:23:38.563 [info] > git rev-parse --show-toplevel [78ms]
2024-11-21 02:23:38.564 [info] > git rev-parse --show-toplevel [57ms]
2024-11-21 02:23:38.565 [info] > git rev-parse --show-toplevel [44ms]
2024-11-21 02:23:38.565 [info] > git rev-parse --show-toplevel [73ms]
2024-11-21 02:23:38.566 [info] > git rev-parse --show-toplevel [66ms]
2024-11-21 02:23:38.566 [info] > git rev-parse --show-toplevel [104ms]
2024-11-21 02:23:38.567 [info] [Model][doInitialScan] Initial repository scan completed - repositories (1), closed repositories (0), parent repositories (0), unsafe repositories (0)
2024-11-21 02:23:38.567 [info] > git for-each-ref --format=%(refname)%00%(upstream:short)%00%(objectname)%00%(upstream:track)%00%(upstream:remotename)%00%(upstream:remoteref) refs/heads/main refs/remotes/main [842ms]
2024-11-21 02:23:38.568 [info] > git for-each-ref --sort -committerdate --format %(refname) %(objectname) %(*objectname) [448ms]
2024-11-21 02:23:44.292 [info] > git check-ignore -v -z --stdin [5878ms]
2024-11-21 02:30:38.502 [info] > git check-ignore -v -z --stdin [3649ms]
2024-11-21 02:33:50.833 [info] > git ls-files --stage -- /container/pyspark_workspace/source_code/utils/download_spark_package.py [1592ms]
2024-11-21 02:33:50.843 [info] > git show --textconv :source_code/utils/download_spark_package.py [1655ms]
2024-11-21 02:33:50.844 [info] > git check-ignore -v -z --stdin [802ms]
2024-11-21 02:35:12.644 [info] > git show --textconv :source_code/utils/spark.py [892ms]
2024-11-21 02:35:12.645 [info] > git ls-files --stage -- /container/pyspark_workspace/source_code/utils/spark.py [845ms]
2024-11-21 02:35:16.711 [info] > git ls-files --stage -- /container/pyspark_workspace/source_code/generate_data/generate_dummy_data.py [1049ms]
2024-11-21 02:35:16.730 [info] > git show --textconv :source_code/generate_data/generate_dummy_data.py [1092ms]
2024-11-21 02:35:30.777 [info] > git show --textconv :source_code/generate_data/generate_csv_ids.py [515ms]
2024-11-21 02:35:30.779 [info] > git ls-files --stage -- /container/pyspark_workspace/source_code/generate_data/generate_csv_ids.py [501ms]
2024-11-21 02:36:30.725 [info] > git ls-files --stage -- /container/pyspark_workspace/source_code/utils/spark.py [1322ms]
2024-11-21 02:36:30.746 [info] > git show --textconv :source_code/utils/spark.py [1416ms]
2024-11-21 02:41:37.950 [info] > git ls-files --stage -- /container/pyspark_workspace/source_code/utils/spark.py [836ms]
2024-11-21 02:41:37.966 [info] > git show --textconv :source_code/utils/spark.py [893ms]
2024-11-21 02:44:16.218 [info] > git ls-files --stage -- /container/pyspark_workspace/source_code/utils/download_spark_package.py [628ms]
2024-11-21 02:44:16.226 [info] > git show --textconv :source_code/utils/download_spark_package.py [665ms]
2024-11-21 02:44:23.044 [info] > git show --textconv :source_code/generate_data/generate_dummy_data.py [549ms]
2024-11-21 02:44:23.045 [info] > git ls-files --stage -- /container/pyspark_workspace/source_code/generate_data/generate_dummy_data.py [532ms]
2024-11-21 02:44:24.948 [info] > git ls-files --stage -- /container/pyspark_workspace/source_code/utils/spark.py [915ms]
2024-11-21 02:44:24.956 [info] > git show --textconv :source_code/utils/spark.py [946ms]
2024-11-21 02:44:52.114 [info] > git check-ignore -v -z --stdin [639ms]
2024-11-21 02:44:56.298 [info] > git check-ignore -v -z --stdin [854ms]
2024-11-21 02:45:04.491 [info] > git ls-files --stage -- /container/pyspark_workspace/source_code/utils/spark.py [1266ms]
2024-11-21 02:45:04.499 [info] > git show --textconv :source_code/utils/spark.py [1298ms]
2024-11-21 02:45:15.258 [info] > git show --textconv :local_data_storage/spark/jars/mssql-jdbc-12.7.0.jar [553ms]
2024-11-21 02:45:15.260 [info] > git ls-files --stage -- /container/pyspark_workspace/local_data_storage/spark/jars/mssql-jdbc-12.7.0.jar [539ms]
2024-11-21 02:45:18.890 [info] > git ls-files --stage -- /container/pyspark_workspace/source_code/utils/spark.py [658ms]
2024-11-21 02:45:18.892 [info] > git show --textconv :source_code/utils/spark.py [675ms]
2024-11-21 02:49:39.820 [info] > git status -z -uall [1646360ms] (cancelled)
2024-11-21 02:54:06.600 [info] > git ls-files --stage -- /container/pyspark_workspace/source_code/utils/spark.py [495ms]
2024-11-21 02:54:06.607 [info] > git show --textconv :source_code/utils/spark.py [529ms]
2024-11-21 02:58:21.377 [info] > git show --textconv :local_data_storage/spark/jars/mssql-jdbc-12.7.0.jar [701ms]
2024-11-21 02:58:21.378 [info] > git ls-files --stage -- /container/pyspark_workspace/local_data_storage/spark/jars/mssql-jdbc-12.7.0.jar [669ms]
2024-11-21 02:58:30.859 [info] > git ls-files --stage -- /container/pyspark_workspace/local_data_storage/spark/jars/mssql-jdbc-12.7.0.jar [459ms]
2024-11-21 02:58:30.866 [info] > git show --textconv :local_data_storage/spark/jars/mssql-jdbc-12.7.0.jar [484ms]
2024-11-21 02:58:40.027 [info] > git ls-files --stage -- /container/pyspark_workspace/source_code/generate_data/generate_dummy_data.py [515ms]
2024-11-21 02:58:40.033 [info] > git show --textconv :source_code/generate_data/generate_dummy_data.py [543ms]
2024-11-21 02:58:41.022 [info] > git ls-files --stage -- /container/pyspark_workspace/source_code/generate_data/generate_csv_ids.py [395ms]
2024-11-21 02:58:41.023 [info] > git show --textconv :source_code/generate_data/generate_csv_ids.py [411ms]
2024-11-21 02:58:43.206 [info] > git ls-files --stage -- /container/pyspark_workspace/source_code/utils/download_spark_package.py [606ms]
2024-11-21 02:58:43.215 [info] > git show --textconv :source_code/utils/download_spark_package.py [630ms]
2024-11-21 02:59:31.063 [info] > git ls-files --stage -- /container/pyspark_workspace/local_data_storage/spark/jars/delta-core_2.12-2.1.0.jar [968ms]
2024-11-21 02:59:31.069 [info] > git show --textconv :local_data_storage/spark/jars/delta-core_2.12-2.1.0.jar [993ms]
2024-11-21 02:59:38.964 [info] > git show --textconv :source_code/utils/download_spark_package.py [572ms]
2024-11-21 02:59:38.965 [info] > git ls-files --stage -- /container/pyspark_workspace/source_code/utils/download_spark_package.py [554ms]
2024-11-21 03:00:12.672 [info] > git show --textconv :local_data_storage/spark/jars/mssql-jdbc-12.7.0.jar [968ms]
2024-11-21 03:00:12.674 [info] > git ls-files --stage -- /container/pyspark_workspace/local_data_storage/spark/jars/mssql-jdbc-12.7.0.jar [922ms]
2024-11-21 03:00:15.425 [info] > git show --textconv :source_code/utils/download_spark_package.py [647ms]
2024-11-21 03:00:15.425 [info] > git ls-files --stage -- /container/pyspark_workspace/source_code/utils/download_spark_package.py [633ms]
2024-11-21 03:00:21.619 [info] > git show --textconv :source_code/utils/download_spark_package.py [526ms]
2024-11-21 03:00:21.620 [info] > git ls-files --stage -- /container/pyspark_workspace/source_code/utils/download_spark_package.py [507ms]
2024-11-21 03:01:14.646 [info] > git check-ignore -v -z --stdin [722ms]
2024-11-21 03:01:21.256 [info] > git ls-files --stage -- /container/pyspark_workspace/source_code/utils/download_spark_package.py [581ms]
2024-11-21 03:01:21.267 [info] > git show --textconv :source_code/utils/download_spark_package.py [615ms]
2024-11-21 03:01:22.003 [info] > git show --textconv :source_code/generate_data/generate_dummy_data.py [609ms]
2024-11-21 03:01:22.005 [info] > git ls-files --stage -- /container/pyspark_workspace/source_code/generate_data/generate_dummy_data.py [593ms]
2024-11-21 03:01:23.429 [info] > git show --textconv :source_code/generate_data/generate_csv_ids.py [743ms]
2024-11-21 03:01:23.437 [info] > git ls-files --stage -- /container/pyspark_workspace/source_code/generate_data/generate_csv_ids.py [662ms]
2024-11-21 03:01:29.783 [info] > git show --textconv :local_data_storage/spark/jars/mssql-jdbc-12.8.1.jre11.jar [665ms]
2024-11-21 03:01:29.788 [info] > git ls-files --stage -- /container/pyspark_workspace/local_data_storage/spark/jars/mssql-jdbc-12.8.1.jre11.jar [654ms]
2024-11-21 03:01:33.300 [info] > git show --textconv :source_code/utils/spark.py [481ms]
2024-11-21 03:01:33.302 [info] > git ls-files --stage -- /container/pyspark_workspace/source_code/utils/spark.py [464ms]
2024-11-21 03:01:43.507 [info] > git ls-files --stage -- /container/pyspark_workspace/source_code/utils/spark.py [484ms]
2024-11-21 03:01:43.514 [info] > git show --textconv :source_code/utils/spark.py [514ms]
