2024-11-21 03:10:13.541 [info] [main] Log level: Info
2024-11-21 03:10:13.542 [info] [main] Validating found git in: "git"
2024-11-21 03:10:13.543 [info] [main] Using git "2.39.2" from "git"
2024-11-21 03:10:13.544 [info] [Model][doInitialScan] Initial repository scan started
2024-11-21 03:10:13.544 [info] > git rev-parse --show-toplevel [27371ms]
2024-11-21 03:10:13.545 [info] > git rev-parse --git-dir --git-common-dir [663ms]
2024-11-21 03:10:13.545 [info] [Model][openRepository] Opened repository: /container/pyspark_workspace
2024-11-21 03:10:15.863 [info] > git config --get commit.template [519ms]
2024-11-21 03:10:16.511 [info] > git rev-parse --show-toplevel [972ms]
2024-11-21 03:10:21.930 [info] > git check-ignore -v -z --stdin [5359ms]
2024-11-21 03:10:21.942 [info] > git rev-parse --show-toplevel [4977ms]
2024-11-21 03:10:23.162 [info] > git for-each-ref --format=%(refname)%00%(upstream:short)%00%(objectname)%00%(upstream:track)%00%(upstream:remotename)%00%(upstream:remoteref) refs/heads/main refs/remotes/main [6286ms]
2024-11-21 03:10:24.014 [info] > git rev-parse --show-toplevel [1701ms]
2024-11-21 03:10:25.748 [info] > git rev-parse --show-toplevel [564ms]
2024-11-21 03:10:26.146 [info] > git rev-parse --show-toplevel [236ms]
2024-11-21 03:10:26.148 [info] > git for-each-ref --sort -committerdate --format %(refname) %(objectname) %(*objectname) [342ms]
2024-11-21 03:10:26.534 [info] > git rev-parse --show-toplevel [357ms]
2024-11-21 03:10:26.552 [info] [Model][doInitialScan] Initial repository scan completed - repositories (1), closed repositories (0), parent repositories (0), unsafe repositories (0)
2024-11-21 03:13:14.750 [info] > git check-ignore -v -z --stdin [708ms]
2024-11-21 03:13:16.945 [info] > git check-ignore -v -z --stdin [708ms]
2024-11-21 03:13:17.961 [info] > git check-ignore -v -z --stdin [725ms]
2024-11-21 03:13:21.977 [info] > git check-ignore -v -z --stdin [3423ms]
2024-11-21 03:13:22.683 [info] > git ls-files --stage -- /container/pyspark_workspace/source_code/init_script/SQL_Server_1/init_DB_CreditStagingDB.sql [595ms]
2024-11-21 03:13:22.691 [info] > git show --textconv :source_code/init_script/SQL_Server_1/init_DB_CreditStagingDB.sql [628ms]
2024-11-21 03:13:30.617 [info] > git show --textconv :source_code/generate_data/generate_dummy_data.py [1398ms]
2024-11-21 03:13:30.628 [info] > git show --textconv :source_code/generate_data/generate_csv_ids.py [713ms]
2024-11-21 03:13:30.633 [info] > git ls-files --stage -- /container/pyspark_workspace/source_code/generate_data/generate_csv_ids.py [688ms]
2024-11-21 03:13:30.689 [info] > git ls-files --stage -- /container/pyspark_workspace/source_code/generate_data/generate_dummy_data.py [1398ms]
2024-11-21 03:13:56.567 [info] > git ls-files --stage -- /container/pyspark_workspace/source_code/generate_data/generate_dummy_data.py [1149ms]
2024-11-21 03:13:56.578 [info] > git show --textconv :source_code/generate_data/generate_dummy_data.py [1208ms]
2024-11-21 03:15:42.751 [info] > git check-ignore -v -z --stdin [1771ms]
