2024-11-20 15:52:28.642 [info] (Client) Pylance async client (2024.11.2) started with python extension (2024.20.0)
2024-11-20 15:52:39.125 [info] [Info  - 3:52:39 PM] (1720) Server root directory: file:///root/.vscode-server/extensions/ms-python.vscode-pylance-2024.11.2/dist
2024-11-20 15:52:39.131 [info] [Info  - 3:52:39 PM] (1720) Pylance language server 2024.11.2 (pyright version 1.1.386, commit 4180fa21) starting
2024-11-20 15:52:39.173 [info] [Info  - 3:52:39 PM] (1720) Starting service instance "pyspark_workspace"
2024-11-20 15:52:39.694 [info] [Info  - 3:52:39 PM] (1720) Setting environmentName for service "pyspark_workspace": "D:\Program Files\Python\python.exe"
2024-11-20 15:52:39.697 [info] [Info  - 3:52:39 PM] (1720) No include entries specified; assuming /container/pyspark_workspace
2024-11-20 15:52:39.704 [info] [Info  - 3:52:39 PM] (1720) Auto-excluding **/node_modules
2024-11-20 15:52:39.707 [info] [Info  - 3:52:39 PM] (1720) Auto-excluding **/__pycache__
2024-11-20 15:52:39.711 [info] [Info  - 3:52:39 PM] (1720) Auto-excluding **/.*
2024-11-20 15:53:05.713 [info] [Info  - 3:53:05 PM] (1720) Found 10 source files
2024-11-20 15:53:07.956 [info] [Info  - 3:53:07 PM] (1720) Background analysis(1) root directory: file:///root/.vscode-server/extensions/ms-python.vscode-pylance-2024.11.2/dist
2024-11-20 15:53:07.973 [info] [Info  - 3:53:07 PM] (1720) Background analysis(1) started
2024-11-20 15:53:08.071 [info] [Info  - 3:53:08 PM] (1720) Starting service instance "pyspark_workspace"
2024-11-20 15:53:08.610 [info] [Info  - 3:53:08 PM] (1720) Setting environmentName for service "pyspark_workspace": "D:\Program Files\Python\python.exe"
2024-11-20 15:53:08.614 [info] [Info  - 3:53:08 PM] (1720) Setting pythonPath for service "pyspark_workspace": "/container/pyspark_workspace"
2024-11-20 15:53:08.617 [info] [Info  - 3:53:08 PM] (1720) No include entries specified; assuming /container/pyspark_workspace
2024-11-20 15:53:08.620 [info] [Info  - 3:53:08 PM] (1720) Auto-excluding **/node_modules
2024-11-20 15:53:08.627 [info] [Info  - 3:53:08 PM] (1720) Auto-excluding **/__pycache__
2024-11-20 15:53:08.632 [info] [Info  - 3:53:08 PM] (1720) Auto-excluding **/.*
2024-11-20 15:53:18.613 [info] [Info  - 3:53:18 PM] (1720) Found 10 source files
2024-11-20 15:53:24.661 [info] [Info  - 3:53:24 PM] (1720) [FG] Long operation: parsing: vscode-notebook-cell://attached-container%2B7b22636f6e7461696e65724e616d65223a222f707974686f6e5f656e7669726f6e6d656e74222c2273657474696e6773223a7b22636f6e74657874223a226465736b746f702d6c696e7578227d7d/container/pyspark_workspace/source_code/sample_code/Test_Project_1.ipynb#W1sdnNjb2RlLXJlbW90ZQ%3D%3D (5900ms)
2024-11-20 15:53:27.258 [info] [Info  - 3:53:27 PM] (1720) Background analysis(2) root directory: file:///root/.vscode-server/extensions/ms-python.vscode-pylance-2024.11.2/dist
2024-11-20 15:53:27.259 [info] [Info  - 3:53:27 PM] (1720) Background analysis(2) started
2024-11-20 15:53:29.662 [info] [Info  - 3:53:29 PM] (1720) [BG(2)] Long operation: parsing: file:///container/pyspark_workspace/source_code/sample_code/Test_Project_1.ipynb.py#W3sdnNjb2RlLXJlbW90ZQ%3D%3D (8321ms)
2024-11-20 15:53:31.056 [info] [Info  - 3:53:31 PM] (1720) [BG(2)] Long operation: SemanticTokens full at file:///container/pyspark_workspace/source_code/sample_code/Test_Project_1.ipynb.py#W3sdnNjb2RlLXJlbW90ZQ%3D%3D (9729ms)
2024-11-20 15:53:32.509 [info] [Info  - 3:53:32 PM] (1720) Indexer background runner(3) root directory: file:///root/.vscode-server/extensions/ms-python.vscode-pylance-2024.11.2/dist (index)
2024-11-20 15:53:32.511 [info] [Info  - 3:53:32 PM] (1720) Indexing(3) started
2024-11-20 15:53:33.588 [info] [Info  - 3:53:33 PM] (1720) [BG(2)] Long operation: SemanticTokens full at file:///container/pyspark_workspace/source_code/sample_code/Test_Project_1.ipynb.py#W1sdnNjb2RlLXJlbW90ZQ%3D%3D (2374ms)
2024-11-20 15:53:41.408 [info] [Info  - 3:53:41 PM] (1720) [BG(2)] Long operation: checking: file:///container/pyspark_workspace/source_code/sample_code/Test_Project_1.ipynb.py#X15sdnNjb2RlLXJlbW90ZQ%3D%3D (4380ms)
2024-11-20 15:53:41.409 [info] [Info  - 3:53:41 PM] (1720) [BG(2)] Long operation: analyzing: file:///container/pyspark_workspace/source_code/sample_code/Test_Project_1.ipynb.py#X15sdnNjb2RlLXJlbW90ZQ%3D%3D (4381ms)
2024-11-20 15:53:41.605 [info] [Info  - 3:53:41 PM] (1720) [BG(2)] Long operation: analyzing: file:///container/pyspark_workspace/source_code/sample_code/Test_Project_1.ipynb.py#pylancePrefixCell (5150ms)
2024-11-20 15:53:57.843 [info] [Info  - 3:53:57 PM] (1720) [IDX(3)] Long operation: scan packages file:///container/pyspark_workspace (19623ms)
2024-11-20 15:53:57.844 [info] [Info  - 3:53:57 PM] (1720) scanned(3) 1 files over 1 exec env
2024-11-20 15:53:58.567 [info] [Info  - 3:53:58 PM] (1720) indexed(3) 1 files over 1 exec env
2024-11-20 15:53:58.642 [info] [Info  - 3:53:58 PM] (1720) Indexing finished(3).
2024-11-20 15:58:21.023 [info] [Info  - 3:58:21 PM] (1720) [BG(1)] Long operation: parsing: file:///container/pyspark_workspace/local_data_storage/airflow/dags/__init__.py (4443ms)
2024-11-20 15:58:21.114 [info] [Info  - 3:58:21 PM] (1720) Indexer background runner(4) root directory: file:///root/.vscode-server/extensions/ms-python.vscode-pylance-2024.11.2/dist (index)
2024-11-20 15:58:21.116 [info] [Info  - 3:58:21 PM] (1720) Indexing(4) started
2024-11-20 15:58:21.728 [info] [Info  - 3:58:21 PM] (1720) [BG(1)] Long operation: indexing: file:///container/pyspark_workspace/local_data_storage/airflow/dags/__init__.py (5150ms)
2024-11-20 15:58:26.977 [info] [Info  - 3:58:26 PM] (1720) [IDX(4)] Long operation: scan packages file:///container/pyspark_workspace (2665ms)
2024-11-20 15:58:26.977 [info] [Info  - 3:58:26 PM] (1720) scanned(4) 211 files over 1 exec env
2024-11-20 15:58:35.454 [info] [Info  - 3:58:35 PM] (1720) Setting environmentName for service "pyspark_workspace": "D:\Program Files\Python\python.exe"
2024-11-20 15:58:35.455 [info] [Info  - 3:58:35 PM] (1720) No include entries specified; assuming /container/pyspark_workspace
2024-11-20 15:58:35.456 [info] [Info  - 3:58:35 PM] (1720) Auto-excluding **/node_modules
2024-11-20 15:58:35.458 [info] [Info  - 3:58:35 PM] (1720) Auto-excluding **/__pycache__
2024-11-20 15:58:35.461 [info] [Info  - 3:58:35 PM] (1720) Auto-excluding **/.*
2024-11-20 15:58:37.753 [info] [Info  - 3:58:37 PM] (1720) Found 10 source files
2024-11-20 15:58:37.801 [info] [Info  - 3:58:37 PM] (1720) [IDX(4)] Long operation: index packages file:///container/pyspark_workspace (9017ms)
2024-11-20 15:58:37.802 [info] [Info  - 3:58:37 PM] (1720) indexed(4) 210 files over 1 exec env
2024-11-20 15:58:40.274 [info] [Info  - 3:58:40 PM] (1720) Indexing finished(4).
2024-11-20 15:58:40.295 [info] [Info  - 3:58:40 PM] (1720) Setting environmentName for service "pyspark_workspace": "D:\Program Files\Python\python.exe"
2024-11-20 15:58:40.345 [info] [Info  - 3:58:40 PM] (1720) Setting pythonPath for service "pyspark_workspace": "/container/pyspark_workspace"
2024-11-20 15:58:40.353 [info] [Info  - 3:58:40 PM] (1720) No include entries specified; assuming /container/pyspark_workspace
2024-11-20 15:58:40.354 [info] [Info  - 3:58:40 PM] (1720) Auto-excluding **/node_modules
2024-11-20 15:58:40.357 [info] [Info  - 3:58:40 PM] (1720) Auto-excluding **/__pycache__
2024-11-20 15:58:40.360 [info] [Info  - 3:58:40 PM] (1720) Auto-excluding **/.*
2024-11-20 15:58:42.453 [info] [Info  - 3:58:42 PM] (1720) Found 50 source files
2024-11-20 15:58:42.818 [info] [Info  - 3:58:42 PM] (1720) Setting environmentName for service "pyspark_workspace": "D:\Program Files\Python\python.exe"
2024-11-20 15:58:42.830 [info] [Info  - 3:58:42 PM] (1720) No include entries specified; assuming /container/pyspark_workspace
2024-11-20 15:58:42.841 [info] [Info  - 3:58:42 PM] (1720) Auto-excluding **/node_modules
2024-11-20 15:58:42.842 [info] [Info  - 3:58:42 PM] (1720) Auto-excluding **/__pycache__
2024-11-20 15:58:42.843 [info] [Info  - 3:58:42 PM] (1720) Auto-excluding **/.*
2024-11-20 15:58:46.905 [info] [Info  - 3:58:46 PM] (1720) Found 10 source files
2024-11-20 15:58:46.951 [info] [Info  - 3:58:46 PM] (1720) [BG(2)] Long operation: parsing: file:///container/pyspark_workspace/local_data_storage/airflow/dags/__init__.py (2545ms)
2024-11-20 15:58:46.952 [info] [Info  - 3:58:46 PM] (1720) [BG(2)] Long operation: indexing: file:///container/pyspark_workspace/local_data_storage/airflow/dags/__init__.py (2910ms)
2024-11-20 15:58:46.984 [info] [Info  - 3:58:46 PM] (1720) Indexer background runner(5) root directory: file:///root/.vscode-server/extensions/ms-python.vscode-pylance-2024.11.2/dist (index)
2024-11-20 15:58:46.985 [info] [Info  - 3:58:46 PM] (1720) Indexing(5) started
2024-11-20 15:58:46.992 [info] [Info  - 3:58:46 PM] (1720) Setting environmentName for service "pyspark_workspace": "D:\Program Files\Python\python.exe"
2024-11-20 15:58:46.994 [info] [Info  - 3:58:46 PM] (1720) Setting pythonPath for service "pyspark_workspace": "/container/pyspark_workspace"
2024-11-20 15:58:46.997 [info] [Info  - 3:58:46 PM] (1720) No include entries specified; assuming /container/pyspark_workspace
2024-11-20 15:58:46.998 [info] [Info  - 3:58:46 PM] (1720) Auto-excluding **/node_modules
2024-11-20 15:58:46.998 [info] [Info  - 3:58:46 PM] (1720) Auto-excluding **/__pycache__
2024-11-20 15:58:46.999 [info] [Info  - 3:58:46 PM] (1720) Auto-excluding **/.*
2024-11-20 15:58:56.881 [info] [Info  - 3:58:56 PM] (1720) Found 50 source files
2024-11-20 15:58:57.020 [info] [Info  - 3:58:57 PM] (1720) [BG(2)] Long operation: checking: file:///container/pyspark_workspace/source_code/sample_code/Test_Project_1.ipynb.py#X15sdnNjb2RlLXJlbW90ZQ%3D%3D (8091ms)
2024-11-20 15:58:57.034 [info] [Info  - 3:58:57 PM] (1720) [BG(2)] Long operation: analyzing: file:///container/pyspark_workspace/source_code/sample_code/Test_Project_1.ipynb.py#X15sdnNjb2RlLXJlbW90ZQ%3D%3D (8091ms)
2024-11-20 15:58:57.040 [info] [Info  - 3:58:57 PM] (1720) [BG(2)] Long operation: analyzing: file:///container/pyspark_workspace/source_code/sample_code/Test_Project_1.ipynb.py#pylancePrefixCell (9797ms)
2024-11-20 15:58:57.070 [info] [Info  - 3:58:57 PM] (1720) scanned(5) 1 files over 1 exec env
2024-11-20 15:59:00.459 [info] [Info  - 3:59:00 PM] (1720) [FG] Long operation: parsing: vscode-notebook-cell://attached-container%2B7b22636f6e7461696e65724e616d65223a222f707974686f6e5f656e7669726f6e6d656e74222c2273657474696e6773223a7b22636f6e74657874223a226465736b746f702d6c696e7578227d7d/container/pyspark_workspace/source_code/sample_code/Test_Project_1.ipynb#W4sdnNjb2RlLXJlbW90ZQ%3D%3D (2478ms)
2024-11-20 15:59:01.953 [info] [Info  - 3:59:01 PM] (1720) [IDX(5)] Long operation: scan packages file:///container/pyspark_workspace (3522ms)
2024-11-20 15:59:01.959 [info] [Info  - 3:59:01 PM] (1720) scanned(5) 1 files over 1 exec env
2024-11-20 15:59:04.222 [info] [Info  - 3:59:04 PM] (1720) Indexing finished(5).
2024-11-20 15:59:10.475 [info] [Info  - 3:59:10 PM] (1720) [BG(2)] Long operation: parsing: file:///container/pyspark_workspace/source_code/sample_code/Test_Project_1.ipynb.py#pylancePrefixCell (7594ms)
2024-11-20 15:59:11.571 [info] [Info  - 3:59:11 PM] (1720) [BG(2)] Long operation: analyzing: file:///container/pyspark_workspace/source_code/sample_code/Test_Project_1.ipynb.py#pylancePrefixCell (8694ms)
2024-11-20 15:59:15.760 [info] [Info  - 3:59:15 PM] (1720) [BG(2)] Long operation: checking: file:///container/pyspark_workspace/source_code/sample_code/Test_Project_1.ipynb.py#X15sdnNjb2RlLXJlbW90ZQ%3D%3D (2898ms)
2024-11-20 15:59:15.763 [info] [Info  - 3:59:15 PM] (1720) [BG(2)] Long operation: analyzing: file:///container/pyspark_workspace/source_code/sample_code/Test_Project_1.ipynb.py#X15sdnNjb2RlLXJlbW90ZQ%3D%3D (2908ms)
2024-11-20 15:59:16.286 [info] [Info  - 3:59:16 PM] (1720) [BG(2)] Long operation: analyzing: file:///container/pyspark_workspace/source_code/sample_code/Test_Project_1.ipynb.py#pylancePrefixCell (4126ms)
2024-11-20 15:59:26.956 [info] [Info  - 3:59:26 PM] (1720) Starting service instance "pyspark_workspace"
2024-11-20 15:59:27.045 [info] [Info  - 3:59:27 PM] (1720) Setting environmentName for service "pyspark_workspace": "D:\Program Files\Python\python.exe"
2024-11-20 15:59:27.047 [info] [Info  - 3:59:27 PM] (1720) Setting pythonPath for service "pyspark_workspace": "/usr/local/bin/python"
2024-11-20 15:59:27.049 [info] [Info  - 3:59:27 PM] (1720) No include entries specified; assuming /container/pyspark_workspace
2024-11-20 15:59:27.053 [info] [Info  - 3:59:27 PM] (1720) Auto-excluding **/node_modules
2024-11-20 15:59:27.054 [info] [Info  - 3:59:27 PM] (1720) Auto-excluding **/__pycache__
2024-11-20 15:59:27.054 [info] [Info  - 3:59:27 PM] (1720) Auto-excluding **/.*
2024-11-20 15:59:27.173 [info] [Info  - 3:59:27 PM] (1720) Assuming Python version 3.11.9.final.0
2024-11-20 15:59:41.583 [info] [Info  - 3:59:41 PM] (1720) Found 10 source files
2024-11-20 15:59:42.304 [info] [Info  - 3:59:42 PM] (1720) Background analysis(6) root directory: file:///root/.vscode-server/extensions/ms-python.vscode-pylance-2024.11.2/dist
2024-11-20 15:59:42.305 [info] [Info  - 3:59:42 PM] (1720) Background analysis(6) started
2024-11-20 15:59:46.735 [info] [Info  - 3:59:46 PM] (1720) [FG] Long operation: parsing: vscode-notebook-cell://attached-container%2B7b22636f6e7461696e65724e616d65223a222f707974686f6e5f656e7669726f6e6d656e74222c2273657474696e6773223a7b22636f6e74657874223a226465736b746f702d6c696e7578227d7d/container/pyspark_workspace/source_code/sample_code/Test_Kafka.ipynb#W6sdnNjb2RlLXJlbW90ZQ%3D%3D (4275ms)
2024-11-20 15:59:48.944 [info] [Info  - 3:59:48 PM] (1720) Indexer background runner(7) root directory: file:///root/.vscode-server/extensions/ms-python.vscode-pylance-2024.11.2/dist (index)
2024-11-20 15:59:48.959 [info] [Info  - 3:59:48 PM] (1720) Indexing(7) started
2024-11-20 15:59:52.592 [info] [Info  - 3:59:52 PM] (1720) [BG(6)] Long operation: parsing: file:///container/pyspark_workspace/local_data_storage/airflow/dags/__init__.py (6718ms)
2024-11-20 15:59:53.813 [info] [Info  - 3:59:53 PM] (1720) [BG(6)] Long operation: indexing: file:///container/pyspark_workspace/local_data_storage/airflow/dags/__init__.py (7940ms)
2024-11-20 15:59:57.589 [info] [Info  - 3:59:57 PM] (1720) [BG(6)] Long operation: SemanticTokens full at file:///container/pyspark_workspace/source_code/sample_code/Test_Kafka.ipynb.py#W6sdnNjb2RlLXJlbW90ZQ%3D%3D (3665ms)
2024-11-20 16:00:04.041 [info] [Info  - 4:00:04 PM] (1720) [BG(6)] Long operation: SemanticTokens full at file:///container/pyspark_workspace/source_code/sample_code/Test_Kafka.ipynb.py#W2sdnNjb2RlLXJlbW90ZQ%3D%3D (3355ms)
2024-11-20 16:00:04.070 [info] [Info  - 4:00:04 PM] (1720) [IDX(7)] Long operation: scan packages file:///container/pyspark_workspace (4256ms)
2024-11-20 16:00:04.106 [info] [Info  - 4:00:04 PM] (1720) scanned(7) 211 files over 1 exec env
2024-11-20 16:00:09.898 [info] [Info  - 4:00:09 PM] (1720) [BG(6)] Long operation: analyzing: file:///container/pyspark_workspace/source_code/sample_code/Test_Kafka.ipynb.py#pylancePrefixCell (4156ms)
2024-11-20 16:00:13.010 [info] [Info  - 4:00:13 PM] (1720) [IDX(7)] Long operation: index packages file:///container/pyspark_workspace (6412ms)
2024-11-20 16:00:13.012 [info] [Info  - 4:00:13 PM] (1720) indexed(7) 211 files over 1 exec env
2024-11-20 16:00:13.743 [info] [Info  - 4:00:13 PM] (1720) Indexing finished(7).
2024-11-20 16:03:43.998 [info] [Info  - 4:03:43 PM] (1720) Starting service instance "<default>"
2024-11-20 16:03:44.154 [info] [Info  - 4:03:44 PM] (1720) Setting environmentName for service "<default>": "D:\Program Files\Python\python.exe"
2024-11-20 16:03:44.167 [info] [Info  - 4:03:44 PM] (1720) No include entries specified; assuming /<default workspace root>
2024-11-20 16:03:44.184 [info] [Info  - 4:03:44 PM] (1720) Auto-excluding **/node_modules
2024-11-20 16:03:44.216 [info] [Info  - 4:03:44 PM] (1720) Auto-excluding **/__pycache__
2024-11-20 16:03:44.224 [info] [Info  - 4:03:44 PM] (1720) Auto-excluding **/.*
2024-11-20 16:03:48.639 [info] [Error - 4:03:48 PM] (1720) File or directory "/<default workspace root>" does not exist.
2024-11-20 16:03:48.639 [info] [Info  - 4:03:48 PM] (1720) No source files found.
2024-11-20 16:03:48.668 [info] [Info  - 4:03:48 PM] (1720) Background analysis(8) root directory: file:///root/.vscode-server/extensions/ms-python.vscode-pylance-2024.11.2/dist
2024-11-20 16:03:48.670 [info] [Info  - 4:03:48 PM] (1720) Background analysis(8) started
2024-11-20 16:03:51.200 [info] [Info  - 4:03:51 PM] (1720) [FG] Long operation: parsing: vscode-notebook-cell://attached-container%2B7b22636f6e7461696e65724e616d65223a222f707974686f6e5f656e7669726f6e6d656e74222c2273657474696e6773223a7b22636f6e74657874223a226465736b746f702d6c696e7578227d7d/container/pyspark_workspace/source_code/sample_code/Test_Project_1.ipynb#X56sdnNjb2RlLXJlbW90ZQ%3D%3D (2067ms)
2024-11-20 16:19:01.582 [info] [Info  - 4:19:01 PM] (1720) Indexer background runner(9) root directory: file:///root/.vscode-server/extensions/ms-python.vscode-pylance-2024.11.2/dist (index)
2024-11-20 16:19:01.583 [info] [Info  - 4:19:01 PM] (1720) Indexing(9) started
2024-11-20 16:19:02.031 [info] [Info  - 4:19:02 PM] (1720) [BG(1)] Long operation: parsing: file:///container/pyspark_workspace/local_data_storage/airflow/dags/__init__.py (5553ms)
2024-11-20 16:19:03.067 [info] [Info  - 4:19:03 PM] (1720) [BG(1)] Long operation: indexing: file:///container/pyspark_workspace/local_data_storage/airflow/dags/__init__.py (6560ms)
2024-11-20 16:19:10.485 [info] [Info  - 4:19:10 PM] (1720) scanned(9) 211 files over 1 exec env
2024-11-20 16:19:11.804 [info] [Info  - 4:19:11 PM] (1720) Indexing finished(9).
2024-11-20 16:23:35.975 [info] [Info  - 4:23:35 PM] (1720) [BG(1)] Long operation: parsing: file:///container/pyspark_workspace/source_code/utils/__init__.py (4608ms)
2024-11-20 16:23:35.976 [info] [Info  - 4:23:35 PM] (1720) [BG(1)] Long operation: SemanticTokens full at file:///container/pyspark_workspace/source_code/utils/__init__.py (4610ms)
2024-11-20 16:27:07.633 [info] [Info  - 4:27:02 PM] (1720) [FG] Long operation: parsing: vscode-notebook-cell://attached-container%2B7b22636f6e7461696e65724e616d65223a222f707974686f6e5f656e7669726f6e6d656e74222c2273657474696e6773223a7b22636f6e74657874223a226465736b746f702d6c696e7578227d7d/container/pyspark_workspace/source_code/sample_code/Test_Project_1.ipynb#X55sdnNjb2RlLXJlbW90ZQ%3D%3D (9765ms)
2024-11-20 16:34:55.676 [info] [Info  - 4:34:55 PM] (1720) virtual workspace: vscode-chat-code-block://0b4ba02a-2322-4f3b-b4ae-f9fbaca54f93/
2024-11-20 16:34:55.682 [info] [Info  - 4:34:55 PM] (1720) Starting service instance "<default>"
2024-11-20 16:34:55.880 [info] [Info  - 4:34:55 PM] (1720) Setting environmentName for service "<default>": "D:\Program Files\Python\python.exe"
2024-11-20 16:34:55.881 [info] [Info  - 4:34:55 PM] (1720) No include entries specified; assuming vscode-chat-code-block://0b4ba02a-2322-4f3b-b4ae-f9fbaca54f93/
2024-11-20 16:34:55.883 [info] [Info  - 4:34:55 PM] (1720) Auto-excluding **/node_modules
2024-11-20 16:34:55.884 [info] [Info  - 4:34:55 PM] (1720) Auto-excluding **/__pycache__
2024-11-20 16:34:55.885 [info] [Info  - 4:34:55 PM] (1720) Auto-excluding **/.*
2024-11-20 16:34:59.498 [info] [Error - 4:34:59 PM] (1720) File or directory "vscode-chat-code-block://0b4ba02a-2322-4f3b-b4ae-f9fbaca54f93/" does not exist.
2024-11-20 16:34:59.499 [info] [Info  - 4:34:59 PM] (1720) No source files found.
2024-11-20 16:35:04.511 [info] [Info  - 4:35:04 PM] (1720) [FG] Long operation: parsing: vscode-chat-code-block://0b4ba02a-2322-4f3b-b4ae-f9fbaca54f93/response_3/0#%7B%22references%22%3A%5B%5D%7D (3887ms)
2024-11-20 16:35:07.762 [info] [Info  - 4:35:07 PM] (1720) [FG] Long operation: checking: vscode-chat-code-block://0b4ba02a-2322-4f3b-b4ae-f9fbaca54f93/response_3/0#%7B%22references%22%3A%5B%5D%7D (2971ms)
2024-11-20 16:35:07.814 [info] [Info  - 4:35:07 PM] (1720) [FG] Long operation: analyzing: vscode-chat-code-block://0b4ba02a-2322-4f3b-b4ae-f9fbaca54f93/response_3/0#%7B%22references%22%3A%5B%5D%7D (7795ms)
2024-11-20 16:38:18.832 [info] [Info  - 4:38:17 PM] (1720) [FG] Long operation: analyzing: vscode-chat-code-block://0b4ba02a-2322-4f3b-b4ae-f9fbaca54f93/response_4/0#%7B%22references%22%3A%5B%5D%7D (2096ms)
2024-11-20 16:38:56.765 [info] [Info  - 4:38:55 PM] (1720) [FG] Long operation: analyzing: vscode-chat-code-block://0b4ba02a-2322-4f3b-b4ae-f9fbaca54f93/response_4/0#%7B%22references%22%3A%5B%5D%7D (2221ms)
