2024-11-20 16:45:03.065 [info] [main] Log level: Info
2024-11-20 16:45:03.066 [info] [main] Validating found git in: "git"
2024-11-20 16:45:03.066 [info] [main] Using git "2.39.2" from "git"
2024-11-20 16:45:03.067 [info] [Model][doInitialScan] Initial repository scan started
2024-11-20 16:45:03.067 [info] > git rev-parse --show-toplevel [8954ms]
2024-11-20 16:45:03.067 [info] > git rev-parse --git-dir --git-common-dir [466ms]
2024-11-20 16:45:03.068 [info] [Model][openRepository] Opened repository: /container/pyspark_workspace
2024-11-20 16:45:03.457 [info] > git rev-parse --show-toplevel [460ms]
2024-11-20 16:45:03.460 [info] > git config --get commit.template [483ms]
2024-11-20 16:45:05.002 [info] > git rev-parse --show-toplevel [502ms]
2024-11-20 16:45:05.992 [info] > git check-ignore -v -z --stdin [1223ms]
2024-11-20 16:45:06.000 [info] > git for-each-ref --format=%(refname)%00%(upstream:short)%00%(objectname)%00%(upstream:track)%00%(upstream:remotename)%00%(upstream:remoteref) refs/heads/main refs/remotes/main [1056ms]
2024-11-20 16:45:06.002 [info] > git rev-parse --show-toplevel [938ms]
2024-11-20 16:45:11.334 [info] > git rev-parse --show-toplevel [4331ms]
2024-11-20 16:45:11.922 [info] > git rev-parse --show-toplevel [559ms]
2024-11-20 16:45:12.385 [info] > git for-each-ref --sort -committerdate --format %(refname) %(objectname) %(*objectname) [538ms]
2024-11-20 16:45:12.392 [info] > git rev-parse --show-toplevel [422ms]
2024-11-20 16:45:12.606 [info] > git rev-parse --show-toplevel [157ms]
2024-11-20 16:45:12.621 [info] [Model][doInitialScan] Initial repository scan completed - repositories (1), closed repositories (0), parent repositories (0), unsafe repositories (0)
2024-11-20 16:45:13.167 [info] > git show --textconv :source_code/utils/spark.py [519ms]
2024-11-20 16:45:13.175 [info] > git ls-files --stage -- /container/pyspark_workspace/source_code/utils/spark.py [511ms]
2024-11-20 16:45:35.146 [info] > git ls-files --stage -- /container/pyspark_workspace/source_code/utils/download_spark_package.py [3850ms]
2024-11-20 16:45:35.185 [info] > git show --textconv :source_code/utils/download_spark_package.py [3956ms]
2024-11-20 16:45:35.246 [info] > git check-ignore -v -z --stdin [4398ms]
2024-11-20 16:45:53.362 [info] > git check-ignore -v -z --stdin [3427ms]
2024-11-20 16:46:03.309 [info] > git check-ignore -v -z --stdin [4728ms]
2024-11-20 16:46:13.522 [info] > git check-ignore -v -z --stdin [3739ms]
2024-11-20 16:46:36.043 [info] > git show --textconv :source_code/utils/download_spark_package.py [1166ms]
2024-11-20 16:46:36.046 [info] > git ls-files --stage -- /container/pyspark_workspace/source_code/utils/download_spark_package.py [1129ms]
2024-11-20 16:46:37.008 [info] > git show --textconv :source_code/utils/spark.py [1067ms]
2024-11-20 16:46:37.041 [info] > git ls-files --stage -- /container/pyspark_workspace/source_code/utils/spark.py [1061ms]
2024-11-20 16:46:41.845 [info] > git check-ignore -v -z --stdin [1294ms]
2024-11-20 16:46:46.867 [info] > git show --textconv :source_code/utils/download_spark_package.py [923ms]
2024-11-20 16:46:46.867 [info] > git ls-files --stage -- /container/pyspark_workspace/source_code/utils/download_spark_package.py [900ms]
2024-11-20 16:53:25.924 [info] > git status -z -uall [494090ms] (cancelled)
