2024-11-13 07:58:35.407 [info] [main] Log level: Info
2024-11-13 07:58:35.411 [info] [main] Validating found git in: "git"
2024-11-13 07:58:35.412 [info] [main] Using git "2.39.2" from "git"
2024-11-13 07:58:35.413 [info] [Model][doInitialScan] Initial repository scan started
2024-11-13 07:58:35.414 [info] > git rev-parse --show-toplevel [56ms]
2024-11-13 07:58:35.415 [info] > git rev-parse --git-dir --git-common-dir [36ms]
2024-11-13 07:58:35.416 [info] [Model][openRepository] Opened repository: /container/pyspark_workspace
2024-11-13 07:58:35.418 [info] > git config --get commit.template [30ms]
2024-11-13 07:58:35.419 [info] > git rev-parse --show-toplevel [30ms]
2024-11-13 07:58:35.420 [info] > git rev-parse --show-toplevel [27ms]
2024-11-13 07:58:35.422 [info] > git for-each-ref --format=%(refname)%00%(upstream:short)%00%(objectname)%00%(upstream:track)%00%(upstream:remotename)%00%(upstream:remoteref) refs/heads/main refs/remotes/main [1781ms]
2024-11-13 07:58:35.423 [info] > git rev-parse --show-toplevel [1719ms]
2024-11-13 07:58:35.424 [info] > git rev-parse --show-toplevel [238ms]
2024-11-13 07:59:08.361 [info] > git check-ignore -v -z --stdin [32971ms]
2024-11-13 07:59:08.370 [info] > git rev-parse --show-toplevel [32922ms]
2024-11-13 07:59:08.380 [info] > git for-each-ref --sort -committerdate --format %(refname) %(objectname) %(*objectname) [33010ms]
2024-11-13 07:59:09.196 [info] > git rev-parse --show-toplevel [375ms]
2024-11-13 07:59:09.211 [info] [Model][doInitialScan] Initial repository scan completed - repositories (1), closed repositories (0), parent repositories (0), unsafe repositories (0)
2024-11-13 09:23:07.280 [info] > git status -z -uall [5071945ms]
2024-11-13 09:23:11.618 [info] > git for-each-ref --format=%(refname)%00%(upstream:short)%00%(objectname)%00%(upstream:track)%00%(upstream:remotename)%00%(upstream:remoteref) refs/heads/main refs/remotes/main [2694ms]
2024-11-13 09:23:12.351 [info] > git config --local branch.main.vscode-merge-base [720ms]
2024-11-13 09:23:12.364 [info] > git config --get commit.template [769ms]
2024-11-13 09:23:12.449 [info] > git for-each-ref --format=%(refname)%00%(upstream:short)%00%(objectname)%00%(upstream:track)%00%(upstream:remotename)%00%(upstream:remoteref) refs/heads/origin/main refs/remotes/origin/main [86ms]
2024-11-13 09:23:13.151 [info] > git merge-base refs/heads/main refs/remotes/origin/main [648ms]
2024-11-13 09:23:13.192 [info] > git for-each-ref --format=%(refname)%00%(upstream:short)%00%(objectname)%00%(upstream:track)%00%(upstream:remotename)%00%(upstream:remoteref) refs/heads/main refs/remotes/main [810ms]
2024-11-13 09:23:13.620 [info] > git for-each-ref --sort -committerdate --format %(refname) %(objectname) %(*objectname) [348ms]
2024-11-13 09:23:13.695 [info] > git diff --name-status -z --diff-filter=ADMR 208c5dad9b9178707be6b39283c577722b6b955e...refs/remotes/origin/main [504ms]
2024-11-13 09:29:22.638 [info] > git status -z -uall [369382ms]
2024-11-13 09:36:40.736 [info] > git config --get commit.template [23ms]
2024-11-13 09:36:40.888 [info] > git for-each-ref --format=%(refname)%00%(upstream:short)%00%(objectname)%00%(upstream:track)%00%(upstream:remotename)%00%(upstream:remoteref) refs/heads/main refs/remotes/main [167ms]
2024-11-13 09:36:41.037 [info] > git for-each-ref --sort -committerdate --format %(refname) %(objectname) %(*objectname) [121ms]
