[2024-11-21T12:57:52.846+0000] {taskinstance.py:1159} INFO - Dependencies all met for dep_context=non-requeueable deps ti=<TaskInstance: step_1_import_data_dag.run_python_script manual__2024-11-21T12:57:46.842775+00:00 [queued]>
[2024-11-21T12:57:52.862+0000] {taskinstance.py:1159} INFO - Dependencies all met for dep_context=requeueable deps ti=<TaskInstance: step_1_import_data_dag.run_python_script manual__2024-11-21T12:57:46.842775+00:00 [queued]>
[2024-11-21T12:57:52.863+0000] {taskinstance.py:1361} INFO - Starting attempt 1 of 1
[2024-11-21T12:57:52.964+0000] {taskinstance.py:1382} INFO - Executing <Task(BashOperator): run_python_script> on 2024-11-21 12:57:46.842775+00:00
[2024-11-21T12:57:52.970+0000] {standard_task_runner.py:57} INFO - Started process 244 to run task
[2024-11-21T12:57:52.977+0000] {standard_task_runner.py:84} INFO - Running: ['airflow', 'tasks', 'run', 'step_1_import_data_dag', 'run_python_script', 'manual__2024-11-21T12:57:46.842775+00:00', '--job-id', '16', '--raw', '--subdir', 'DAGS_FOLDER/step_1_import_data_dag.py', '--cfg-path', '/tmp/tmp1lazqzsf']
[2024-11-21T12:57:52.980+0000] {standard_task_runner.py:85} INFO - Job 16: Subtask run_python_script
[2024-11-21T12:57:53.214+0000] {task_command.py:415} INFO - Running <TaskInstance: step_1_import_data_dag.run_python_script manual__2024-11-21T12:57:46.842775+00:00 [running]> on host d81eef3f8401
[2024-11-21T12:57:53.612+0000] {taskinstance.py:1660} INFO - Exporting env vars: AIRFLOW_CTX_DAG_OWNER='airflow' AIRFLOW_CTX_DAG_ID='step_1_import_data_dag' AIRFLOW_CTX_TASK_ID='run_python_script' AIRFLOW_CTX_EXECUTION_DATE='2024-11-21T12:57:46.842775+00:00' AIRFLOW_CTX_TRY_NUMBER='1' AIRFLOW_CTX_DAG_RUN_ID='manual__2024-11-21T12:57:46.842775+00:00'
[2024-11-21T12:57:53.614+0000] {subprocess.py:63} INFO - Tmp dir root location: /tmp
[2024-11-21T12:57:53.626+0000] {subprocess.py:75} INFO - Running command: ['/bin/bash', '-c', 'docker exec python_environment python ./source_code/generate_data/insert_dummy_data_into_CreditStagingDB.py']
[2024-11-21T12:57:53.640+0000] {subprocess.py:86} INFO - Output:
[2024-11-21T12:58:07.179+0000] {subprocess.py:93} INFO - 24/11/21 12:58:07 WARN NativeCodeLoader: Unable to load native-hadoop library for your platform... using builtin-java classes where applicable
[2024-11-21T12:58:08.232+0000] {subprocess.py:93} INFO - Setting default log level to "WARN".
[2024-11-21T12:58:08.232+0000] {subprocess.py:93} INFO - To adjust logging level use sc.setLogLevel(newLevel). For SparkR, use setLogLevel(newLevel).
[2024-11-21T12:59:00.727+0000] {subprocess.py:93} INFO - [Stage 0:>                                                          (0 + 0) / 2][Stage 0:>                                                          (0 + 2) / 2][Stage 0:=============================>                             (1 + 1) / 2]                                                                                [Stage 1:>                                                        (0 + 16) / 16][Stage 1:===>                                                     (1 + 15) / 16][Stage 1:=================>                                       (5 + 11) / 16][Stage 1:==============================================>          (13 + 3) / 16]                                                                                spark_submit_local_jars_str:
[2024-11-21T12:59:00.729+0000] {subprocess.py:93} INFO - 		 /container/pyspark_workspace/local_data_storage/spark/jars/delta-core_2.12-2.1.0.jar,/container/pyspark_workspace/local_data_storage/spark/jars/mssql-jdbc-12.8.1.jre11.jar,/container/pyspark_workspace/local_data_storage/spark/jars/spark-avro_2.12-3.4.0.jar,/container/pyspark_workspace/local_data_storage/spark/jars/spark-sql-kafka-0-10_2.12-3.4.0.jar
[2024-11-21T12:59:00.730+0000] {subprocess.py:93} INFO - spark_submit_jdbc_driver_str:
[2024-11-21T12:59:00.731+0000] {subprocess.py:93} INFO - 		 /container/pyspark_workspace/local_data_storage/spark/jars/mssql-jdbc-12.8.1.jre11.jar
[2024-11-21T12:59:00.732+0000] {subprocess.py:93} INFO - spark_submit_extensions_str:
[2024-11-21T12:59:00.733+0000] {subprocess.py:93} INFO - 		 io.delta.sql.DeltaSparkSessionExtension
[2024-11-21T12:59:00.738+0000] {subprocess.py:93} INFO - Data inserted successfully
[2024-11-21T12:59:01.904+0000] {subprocess.py:97} INFO - Command exited with return code 0
[2024-11-21T12:59:02.149+0000] {taskinstance.py:1400} INFO - Marking task as SUCCESS. dag_id=step_1_import_data_dag, task_id=run_python_script, execution_date=20241121T125746, start_date=20241121T125752, end_date=20241121T125902
[2024-11-21T12:59:02.319+0000] {local_task_job_runner.py:228} INFO - Task exited with return code 0
[2024-11-21T12:59:02.417+0000] {taskinstance.py:2784} INFO - 0 downstream tasks scheduled from follow-on schedule check
