2024-11-20 17:52:49.682 [info] (Client) Pylance async client (2024.11.2) started with python extension (2024.20.0)
2024-11-20 17:53:07.949 [info] [Info  - 5:53:02 PM] (1328) Server root directory: file:///root/.vscode-server/extensions/ms-python.vscode-pylance-2024.11.2/dist
2024-11-20 17:53:08.733 [info] [Info  - 5:53:08 PM] (1328) Pylance language server 2024.11.2 (pyright version 1.1.386, commit 4180fa21) starting
2024-11-20 17:53:08.740 [info] [Info  - 5:53:08 PM] (1328) Starting service instance "pyspark_workspace"
2024-11-20 17:53:09.860 [info] [Info  - 5:53:09 PM] (1328) Setting environmentName for service "pyspark_workspace": "D:\Program Files\Python\python.exe"
2024-11-20 17:53:09.882 [info] [Info  - 5:53:09 PM] (1328) No include entries specified; assuming /container/pyspark_workspace
2024-11-20 17:53:09.919 [info] [Info  - 5:53:09 PM] (1328) Auto-excluding **/node_modules
2024-11-20 17:53:09.967 [info] [Info  - 5:53:09 PM] (1328) Auto-excluding **/__pycache__
2024-11-20 17:53:10.004 [info] [Info  - 5:53:10 PM] (1328) Auto-excluding **/.*
2024-11-20 17:53:24.333 [info] [Info  - 5:53:24 PM] (1328) Found 13 source files
2024-11-20 17:53:24.511 [info] [Info  - 5:53:24 PM] (1328) Background analysis(1) root directory: file:///root/.vscode-server/extensions/ms-python.vscode-pylance-2024.11.2/dist
2024-11-20 17:53:24.513 [info] [Info  - 5:53:24 PM] (1328) Background analysis(1) started
2024-11-20 17:53:24.527 [info] [Info  - 5:53:24 PM] (1328) Setting environmentName for service "pyspark_workspace": "D:\Program Files\Python\python.exe"
2024-11-20 17:53:24.530 [info] [Info  - 5:53:24 PM] (1328) No include entries specified; assuming /container/pyspark_workspace
2024-11-20 17:53:24.533 [info] [Info  - 5:53:24 PM] (1328) Auto-excluding **/node_modules
2024-11-20 17:53:24.536 [info] [Info  - 5:53:24 PM] (1328) Auto-excluding **/__pycache__
2024-11-20 17:53:24.537 [info] [Info  - 5:53:24 PM] (1328) Auto-excluding **/.*
2024-11-20 17:53:32.331 [info] [Info  - 5:53:32 PM] (1328) Found 13 source files
2024-11-20 17:53:32.502 [info] [Info  - 5:53:32 PM] (1328) Starting service instance "pyspark_workspace"
2024-11-20 17:53:32.701 [info] [Info  - 5:53:32 PM] (1328) Setting environmentName for service "pyspark_workspace": "D:\Program Files\Python\python.exe"
2024-11-20 17:53:32.709 [info] [Info  - 5:53:32 PM] (1328) Setting pythonPath for service "pyspark_workspace": "/usr/local/bin/python"
2024-11-20 17:53:32.711 [info] [Info  - 5:53:32 PM] (1328) No include entries specified; assuming /container/pyspark_workspace
2024-11-20 17:53:32.712 [info] [Info  - 5:53:32 PM] (1328) Auto-excluding **/node_modules
2024-11-20 17:53:32.715 [info] [Info  - 5:53:32 PM] (1328) Auto-excluding **/__pycache__
2024-11-20 17:53:32.717 [info] [Info  - 5:53:32 PM] (1328) Auto-excluding **/.*
2024-11-20 17:53:32.795 [info] [Info  - 5:53:32 PM] (1328) Assuming Python version 3.11.9.final.0
2024-11-20 17:53:41.018 [info] [Info  - 5:53:41 PM] (1328) Found 13 source files
2024-11-20 17:53:44.483 [info] [Info  - 5:53:44 PM] (1328) [BG(1)] Long operation: parsing: file:///container/pyspark_workspace/local_data_storage/airflow/dags/__init__.py (5718ms)
2024-11-20 17:53:44.484 [info] [Info  - 5:53:44 PM] (1328) [BG(1)] Long operation: indexing: file:///container/pyspark_workspace/local_data_storage/airflow/dags/__init__.py (6560ms)
2024-11-20 17:53:44.491 [info] [Info  - 5:53:44 PM] (1328) [BG(1)] Long operation: checking: untitled:Untitled-1 (3570ms)
2024-11-20 17:53:44.492 [info] [Info  - 5:53:44 PM] (1328) [BG(1)] Long operation: analyzing: untitled:Untitled-1 (3593ms)
2024-11-20 17:53:44.493 [info] [Info  - 5:53:44 PM] (1328) Indexer background runner(2) root directory: file:///root/.vscode-server/extensions/ms-python.vscode-pylance-2024.11.2/dist (index)
2024-11-20 17:53:44.494 [info] [Info  - 5:53:44 PM] (1328) Indexing(2) started
2024-11-20 17:53:44.495 [info] [Info  - 5:53:44 PM] (1328) Background analysis(3) root directory: file:///root/.vscode-server/extensions/ms-python.vscode-pylance-2024.11.2/dist
2024-11-20 17:53:44.497 [info] [Info  - 5:53:44 PM] (1328) Background analysis(3) started
2024-11-20 17:53:44.986 [info] [Info  - 5:53:44 PM] (1328) [BG(3)] Long operation: parsing: file:///container/pyspark_workspace/source_code/sample_code/Test_Project_1.ipynb.py#W5sdnNjb2RlLXJlbW90ZQ%3D%3D (3621ms)
2024-11-20 17:53:47.238 [info] [Info  - 5:53:47 PM] (1328) [BG(3)] Long operation: SemanticTokens full at file:///container/pyspark_workspace/source_code/sample_code/Test_Project_1.ipynb.py#W5sdnNjb2RlLXJlbW90ZQ%3D%3D (5878ms)
2024-11-20 17:53:54.945 [info] [Info  - 5:53:54 PM] (1328) [BG(3)] Long operation: checking: file:///container/pyspark_workspace/source_code/sample_code/Test_Project_1.ipynb.py#X24sdnNjb2RlLXJlbW90ZQ%3D%3D (3960ms)
2024-11-20 17:53:54.948 [info] [Info  - 5:53:54 PM] (1328) [BG(3)] Long operation: analyzing: file:///container/pyspark_workspace/source_code/sample_code/Test_Project_1.ipynb.py#X24sdnNjb2RlLXJlbW90ZQ%3D%3D (3960ms)
2024-11-20 17:53:55.316 [info] [Info  - 5:53:55 PM] (1328) [BG(3)] Long operation: analyzing: file:///container/pyspark_workspace/source_code/sample_code/Test_Project_1.ipynb.py#pylancePrefixCell (4880ms)
2024-11-20 17:54:01.241 [info] [Info  - 5:54:01 PM] (1328) [IDX(2)] Long operation: scan packages file:///container/pyspark_workspace (20059ms)
2024-11-20 17:54:01.247 [info] [Info  - 5:54:01 PM] (1328) scanned(2) 211 files over 1 exec env
2024-11-20 17:54:07.884 [info] [Info  - 5:54:07 PM] (1328) [IDX(2)] Long operation: index packages file:///container/pyspark_workspace (5376ms)
2024-11-20 17:54:07.886 [info] [Info  - 5:54:07 PM] (1328) indexed(2) 211 files over 1 exec env
2024-11-20 17:54:11.235 [info] [Info  - 5:54:11 PM] (1328) [IDX(2)] Long operation: scan packages file:///container/pyspark_workspace (2590ms)
2024-11-20 17:54:11.236 [info] [Info  - 5:54:11 PM] (1328) scanned(2) 211 files over 1 exec env
2024-11-20 17:54:13.454 [info] [Info  - 5:54:13 PM] (1328) indexed(2) 211 files over 1 exec env
2024-11-20 17:54:13.981 [info] [Info  - 5:54:13 PM] (1328) Indexing finished(2).
2024-11-20 18:30:51.347 [info] [Info  - 6:30:50 PM] (1328) virtual workspace: vscode-chat-code-block://5c94b68b-fa80-4c51-8133-d74f198914ad/
2024-11-20 18:30:51.373 [info] [Info  - 6:30:51 PM] (1328) Starting service instance "<default>"
2024-11-20 18:30:51.549 [info] [Info  - 6:30:51 PM] (1328) Setting environmentName for service "<default>": "3.11.9 (global)"
2024-11-20 18:30:51.552 [info] [Info  - 6:30:51 PM] (1328) No include entries specified; assuming vscode-chat-code-block://5c94b68b-fa80-4c51-8133-d74f198914ad/
2024-11-20 18:30:51.553 [info] [Info  - 6:30:51 PM] (1328) Auto-excluding **/node_modules
2024-11-20 18:30:51.554 [info] [Info  - 6:30:51 PM] (1328) Auto-excluding **/__pycache__
2024-11-20 18:30:51.555 [info] [Info  - 6:30:51 PM] (1328) Auto-excluding **/.*
2024-11-20 18:30:54.905 [info] [Error - 6:30:54 PM] (1328) File or directory "vscode-chat-code-block://5c94b68b-fa80-4c51-8133-d74f198914ad/" does not exist.
2024-11-20 18:30:54.906 [info] [Info  - 6:30:54 PM] (1328) No source files found.
2024-11-20 18:36:35.706 [info] [Info  - 6:36:35 PM] (1328) Starting service instance "<default>"
2024-11-20 18:36:35.767 [info] [Info  - 6:36:35 PM] (1328) Setting environmentName for service "<default>": "3.11.9 (global)"
2024-11-20 18:36:35.768 [info] [Info  - 6:36:35 PM] (1328) Setting pythonPath for service "<default>": "/usr/local/bin/python"
2024-11-20 18:36:35.769 [info] [Info  - 6:36:35 PM] (1328) No include entries specified; assuming /<default workspace root>
2024-11-20 18:36:35.769 [info] [Info  - 6:36:35 PM] (1328) Auto-excluding **/node_modules
2024-11-20 18:36:35.770 [info] [Info  - 6:36:35 PM] (1328) Auto-excluding **/__pycache__
2024-11-20 18:36:35.770 [info] [Info  - 6:36:35 PM] (1328) Auto-excluding **/.*
2024-11-20 18:36:35.830 [info] [Info  - 6:36:35 PM] (1328) Assuming Python version 3.11.9.final.0
2024-11-20 18:36:39.103 [info] [Error - 6:36:39 PM] (1328) File or directory "/<default workspace root>" does not exist.
2024-11-20 18:36:39.105 [info] [Info  - 6:36:39 PM] (1328) No source files found.
2024-11-20 18:36:40.573 [info] [Info  - 6:36:40 PM] (1328) Background analysis(4) root directory: file:///root/.vscode-server/extensions/ms-python.vscode-pylance-2024.11.2/dist
2024-11-20 18:36:40.574 [info] [Info  - 6:36:40 PM] (1328) Background analysis(4) started
2024-11-20 22:46:28.064 [info] [Info  - 10:46:27 PM] (1328) [FG] Long operation: parsing: vscode-notebook-cell://attached-container%2B7b22636f6e7461696e65724e616d65223a222f707974686f6e5f656e7669726f6e6d656e74222c2273657474696e6773223a7b22636f6e74657874223a226465736b746f702d6c696e7578227d7d/container/pyspark_workspace/source_code/sample_code/Test_Project_1.ipynb#X10sdnNjb2RlLXJlbW90ZQ%3D%3D (2286ms)
2024-11-20 22:46:28.078 [info] [Info  - 10:46:28 PM] (1328) [BG(3)] Long operation: indexing: file:///container/pyspark_workspace/source_code/sample_code/Test_Project_1.ipynb.py#X10sdnNjb2RlLXJlbW90ZQ%3D%3D (2066ms)
2024-11-20 22:46:28.079 [info] [Info  - 10:46:28 PM] (1328) [BG(3)] Long operation: analyzing: file:///container/pyspark_workspace/source_code/sample_code/Test_Project_1.ipynb.py#X60sdnNjb2RlLXJlbW90ZQ%3D%3D (3252ms)
2024-11-20 22:46:28.080 [info] [Info  - 10:46:28 PM] (1328) [BG(3)] Long operation: analyzing: file:///container/pyspark_workspace/source_code/sample_code/Test_Project_1.ipynb.py#pylancePrefixCell (5814ms)
