2024-11-21 05:21:39.429 [info] [main] Log level: Info
2024-11-21 05:21:39.430 [info] [main] Validating found git in: "git"
2024-11-21 05:21:39.430 [info] [main] Using git "2.39.2" from "git"
2024-11-21 05:21:39.431 [info] [Model][doInitialScan] Initial repository scan started
2024-11-21 05:21:39.431 [info] > git rev-parse --show-toplevel [16499ms]
2024-11-21 05:21:39.431 [info] > git rev-parse --git-dir --git-common-dir [93ms]
2024-11-21 05:21:39.432 [info] [Model][openRepository] Opened repository: /container/pyspark_workspace
2024-11-21 05:21:39.432 [info] > git rev-parse --show-toplevel [749ms]
2024-11-21 05:21:39.433 [info] > git config --get commit.template [763ms]
2024-11-21 05:21:39.514 [info] > git check-ignore -v -z --stdin [5639ms]
2024-11-21 05:21:39.600 [info] > git rev-parse --show-toplevel [5795ms]
2024-11-21 05:21:41.721 [info] > git for-each-ref --format=%(refname)%00%(upstream:short)%00%(objectname)%00%(upstream:track)%00%(upstream:remotename)%00%(upstream:remoteref) refs/heads/main refs/remotes/main [2313ms]
2024-11-21 05:21:41.725 [info] > git rev-parse --show-toplevel [2029ms]
2024-11-21 05:21:42.251 [info] > git rev-parse --show-toplevel [508ms]
2024-11-21 05:21:42.480 [info] > git rev-parse --show-toplevel [156ms]
2024-11-21 05:21:42.614 [info] > git for-each-ref --sort -committerdate --format %(refname) %(objectname) %(*objectname) [251ms]
2024-11-21 05:21:42.617 [info] > git rev-parse --show-toplevel [59ms]
2024-11-21 05:21:42.623 [info] [Model][doInitialScan] Initial repository scan completed - repositories (1), closed repositories (0), parent repositories (0), unsafe repositories (0)
2024-11-21 05:25:22.584 [info] > git ls-files --stage -- /container/pyspark_workspace/source_code/generate_data/generate_dummy_data.py [1487ms]
2024-11-21 05:25:22.660 [info] > git check-ignore -v -z --stdin [853ms]
2024-11-21 05:25:22.969 [info] > git cat-file -s b8c5855dd74f8c407cc4c1e275d83ad7b90ba915 [368ms]
2024-11-21 05:25:23.024 [info] > git show --textconv :source_code/generate_data/generate_dummy_data.py [1980ms]
2024-11-21 05:25:40.972 [info] > git ls-files --stage -- /container/pyspark_workspace/source_code/generate_data/generate_dummy_data.py [1066ms]
2024-11-21 05:25:41.198 [info] > git cat-file -s b8c5855dd74f8c407cc4c1e275d83ad7b90ba915 [166ms]
2024-11-21 05:25:41.234 [info] > git show --textconv :source_code/generate_data/generate_dummy_data.py [1385ms]
2024-11-21 05:26:31.894 [info] > git ls-files --stage -- /container/pyspark_workspace/source_code/generate_data/generate_dummy_data.py [360ms]
2024-11-21 05:26:32.024 [info] > git cat-file -s b8c5855dd74f8c407cc4c1e275d83ad7b90ba915 [115ms]
2024-11-21 05:26:32.058 [info] > git show --textconv :source_code/generate_data/generate_dummy_data.py [547ms]
2024-11-21 05:27:20.205 [info] > git ls-files --stage -- /container/pyspark_workspace/source_code/generate_data/generate_dummy_data.py [404ms]
2024-11-21 05:27:20.323 [info] > git cat-file -s b8c5855dd74f8c407cc4c1e275d83ad7b90ba915 [108ms]
2024-11-21 05:27:20.345 [info] > git show --textconv :source_code/generate_data/generate_dummy_data.py [560ms]
2024-11-21 05:31:05.648 [info] > git ls-files --stage -- /container/pyspark_workspace/source_code/generate_data/generate_dummy_data.py [506ms]
2024-11-21 05:31:05.769 [info] > git cat-file -s b8c5855dd74f8c407cc4c1e275d83ad7b90ba915 [106ms]
2024-11-21 05:31:05.809 [info] > git show --textconv :source_code/generate_data/generate_dummy_data.py [720ms]
2024-11-21 05:37:36.923 [info] > git ls-files --stage -- /container/pyspark_workspace/source_code/generate_data/generate_dummy_data.py [1266ms]
2024-11-21 05:37:37.216 [info] > git cat-file -s b8c5855dd74f8c407cc4c1e275d83ad7b90ba915 [270ms]
2024-11-21 05:37:37.264 [info] > git show --textconv :source_code/generate_data/generate_dummy_data.py [1656ms]
2024-11-21 05:38:23.517 [info] > git ls-files --stage -- /container/pyspark_workspace/source_code/generate_data/generate_dummy_data.py [647ms]
2024-11-21 05:38:23.640 [info] > git cat-file -s b8c5855dd74f8c407cc4c1e275d83ad7b90ba915 [101ms]
2024-11-21 05:38:23.666 [info] > git show --textconv :source_code/generate_data/generate_dummy_data.py [838ms]
2024-11-21 05:38:40.198 [info] > git check-ignore -v -z --stdin [989ms]
2024-11-21 05:38:40.228 [info] > git check-ignore -v -z --stdin [421ms]
2024-11-21 05:38:53.371 [info] > git ls-files --stage -- /container/pyspark_workspace/source_code/generate_data/generate_dummy_data.py [417ms]
2024-11-21 05:38:53.481 [info] > git cat-file -s b8c5855dd74f8c407cc4c1e275d83ad7b90ba915 [94ms]
2024-11-21 05:38:53.502 [info] > git show --textconv :source_code/generate_data/generate_dummy_data.py [563ms]
2024-11-21 05:40:11.812 [info] > git ls-files --stage -- /container/pyspark_workspace/source_code/generate_data/generate_dummy_data.py [261ms]
2024-11-21 05:40:11.932 [info] > git cat-file -s b8c5855dd74f8c407cc4c1e275d83ad7b90ba915 [107ms]
2024-11-21 05:40:11.957 [info] > git show --textconv :source_code/generate_data/generate_dummy_data.py [420ms]
2024-11-21 05:40:23.281 [info] > git ls-files --stage -- /container/pyspark_workspace/source_code/generate_data/generate_dummy_data.py [516ms]
2024-11-21 05:40:23.461 [info] > git cat-file -s b8c5855dd74f8c407cc4c1e275d83ad7b90ba915 [159ms]
2024-11-21 05:40:23.472 [info] > git show --textconv :source_code/generate_data/generate_dummy_data.py [722ms]
2024-11-21 05:41:26.462 [info] > git ls-files --stage -- /container/pyspark_workspace/source_code/generate_data/generate_dummy_data.py [1226ms]
2024-11-21 05:41:26.624 [info] > git cat-file -s b8c5855dd74f8c407cc4c1e275d83ad7b90ba915 [140ms]
2024-11-21 05:41:26.664 [info] > git show --textconv :source_code/generate_data/generate_dummy_data.py [1450ms]
2024-11-21 05:41:44.529 [info] > git status -z -uall [1202181ms]
2024-11-21 05:41:45.819 [info] > git for-each-ref --format=%(refname)%00%(upstream:short)%00%(objectname)%00%(upstream:track)%00%(upstream:remotename)%00%(upstream:remoteref) refs/heads/main refs/remotes/main [1001ms]
2024-11-21 05:41:45.853 [info] > git config --get commit.template [29ms]
2024-11-21 05:41:45.872 [info] > git config --local branch.main.vscode-merge-base [38ms]
2024-11-21 05:41:46.197 [info] > git for-each-ref --format=%(refname)%00%(upstream:short)%00%(objectname)%00%(upstream:track)%00%(upstream:remotename)%00%(upstream:remoteref) refs/heads/origin/main refs/remotes/origin/main [311ms]
2024-11-21 05:41:46.642 [info] > git merge-base refs/heads/main refs/remotes/origin/main [418ms]
2024-11-21 05:41:46.659 [info] > git for-each-ref --format=%(refname)%00%(upstream:short)%00%(objectname)%00%(upstream:track)%00%(upstream:remotename)%00%(upstream:remoteref) refs/heads/main refs/remotes/main [790ms]
2024-11-21 05:41:47.783 [info] > git diff --name-status -z --diff-filter=ADMR 9200db4d6f5a8f2ddd864dbc345d0e9dae465206...refs/remotes/origin/main [1124ms]
2024-11-21 05:41:47.791 [info] > git for-each-ref --sort -committerdate --format %(refname) %(objectname) %(*objectname) [1076ms]
2024-11-21 05:42:26.622 [info] > git ls-files --stage -- /container/pyspark_workspace/source_code/generate_data/generate_dummy_data.py [1876ms]
2024-11-21 05:42:26.901 [info] > git cat-file -s b8c5855dd74f8c407cc4c1e275d83ad7b90ba915 [241ms]
2024-11-21 05:42:26.994 [info] > git show --textconv :source_code/generate_data/generate_dummy_data.py [2282ms]
2024-11-21 05:47:53.681 [info] > git ls-files --stage -- /container/pyspark_workspace/source_code/init_script/SQL_Server_1/init_DB_CreditStagingDB.sql [348ms]
2024-11-21 05:47:53.817 [info] > git cat-file -s 1924953ac3161fd0b032a102ee53da9eba7728b5 [118ms]
2024-11-21 05:47:53.869 [info] > git show --textconv :source_code/init_script/SQL_Server_1/init_DB_CreditStagingDB.sql [549ms]
2024-11-21 05:48:23.957 [info] > git ls-files --stage -- /container/pyspark_workspace/source_code/init_script/SQL_Server_1/init_DB_CreditStagingDB.sql [368ms]
2024-11-21 05:48:24.075 [info] > git cat-file -s 1924953ac3161fd0b032a102ee53da9eba7728b5 [100ms]
2024-11-21 05:48:24.084 [info] > git show --textconv :source_code/init_script/SQL_Server_1/init_DB_CreditStagingDB.sql [521ms]
2024-11-21 05:48:45.507 [info] > git check-ignore -v -z --stdin [461ms]
2024-11-21 05:49:04.475 [info] > git ls-files --stage -- /container/pyspark_workspace/source_code/init_script/SQL_Server_2/init_DB_CreditLakehouseDB.sql [1208ms]
2024-11-21 05:49:04.495 [info] > git ls-files --stage -- /container/pyspark_workspace/source_code/init_script/SQL_Server_2/init_DB_CreditDW.sql [283ms]
2024-11-21 05:49:04.630 [info] > git cat-file -s d1a29bf9a58a43167033e3e46167cc3b82cd4a7b [134ms]
2024-11-21 05:49:04.635 [info] > git cat-file -s 4454788f67767ca4248ac101e1c095751328ef80 [117ms]
2024-11-21 05:49:04.683 [info] > git show --textconv :source_code/init_script/SQL_Server_2/init_DB_CreditDW.sql [498ms]
2024-11-21 05:49:04.688 [info] > git show --textconv :source_code/init_script/SQL_Server_2/init_DB_CreditLakehouseDB.sql [1455ms]
2024-11-21 05:49:06.136 [info] > git ls-files --stage -- /container/pyspark_workspace/source_code/init_script/SQL_Server_2/init_DB_CreditLakehouseDB.sql [635ms]
2024-11-21 05:49:06.266 [info] > git cat-file -s d1a29bf9a58a43167033e3e46167cc3b82cd4a7b [108ms]
2024-11-21 05:49:06.298 [info] > git show --textconv :source_code/init_script/SQL_Server_2/init_DB_CreditLakehouseDB.sql [815ms]
2024-11-21 05:50:00.711 [info] > git ls-files --stage -- /container/pyspark_workspace/source_code/init_script/SQL_Server_1/init_DB_CreditStagingDB.sql [527ms]
2024-11-21 05:50:01.283 [info] > git cat-file -s 1924953ac3161fd0b032a102ee53da9eba7728b5 [553ms]
2024-11-21 05:50:01.288 [info] > git show --textconv :source_code/init_script/SQL_Server_1/init_DB_CreditStagingDB.sql [1142ms]
2024-11-21 05:50:02.049 [info] > git ls-files --stage -- /container/pyspark_workspace/source_code/init_script/SQL_Server_2/init_DB_CreditDW.sql [445ms]
2024-11-21 05:50:02.158 [info] > git cat-file -s 4454788f67767ca4248ac101e1c095751328ef80 [91ms]
2024-11-21 05:50:02.162 [info] > git show --textconv :source_code/init_script/SQL_Server_2/init_DB_CreditDW.sql [576ms]
2024-11-21 05:50:26.752 [info] > git ls-files --stage -- /container/pyspark_workspace/source_code/init_script/SQL_Server_2/clean_DB.sql [1149ms]
2024-11-21 05:50:27.100 [info] > git cat-file -s 4cf60d68f3a339ee14e6170953b99f546397b82a [323ms]
2024-11-21 05:50:27.213 [info] > git show --textconv :source_code/init_script/SQL_Server_2/clean_DB.sql [1627ms]
2024-11-21 05:53:38.770 [info] > git ls-files --stage -- /container/pyspark_workspace/source_code/init_script/SQL_Server_1/clean_DB.sql [383ms]
2024-11-21 05:53:39.043 [info] > git cat-file -s dd09185957b90c0a65a678cb9c9d7b21a1a2f6b3 [255ms]
2024-11-21 05:53:39.204 [info] > git show --textconv :source_code/init_script/SQL_Server_1/clean_DB.sql [832ms]
2024-11-21 05:54:01.753 [info] > git ls-files --stage -- /container/pyspark_workspace/source_code/init_script/SQL_Server_1/init_DB_CreditStagingDB.sql [392ms]
2024-11-21 05:54:01.852 [info] > git cat-file -s 1924953ac3161fd0b032a102ee53da9eba7728b5 [82ms]
2024-11-21 05:54:01.856 [info] > git show --textconv :source_code/init_script/SQL_Server_1/init_DB_CreditStagingDB.sql [514ms]
2024-11-21 05:54:19.989 [info] > git ls-files --stage -- /container/pyspark_workspace/source_code/init_script/SQL_Server_1/init_DB.sql [513ms]
2024-11-21 05:54:20.494 [info] > git cat-file -s 855cc05c946f6b6c3735b3a21b889340b56767bf [451ms]
2024-11-21 05:54:20.580 [info] > git show --textconv :source_code/init_script/SQL_Server_1/init_DB.sql [1121ms]
2024-11-21 05:54:53.238 [info] > git ls-files --stage -- /container/pyspark_workspace/source_code/init_script/SQL_Server_1/init_DB_CreditStagingDB.sql [618ms]
2024-11-21 05:54:53.408 [info] > git cat-file -s 1924953ac3161fd0b032a102ee53da9eba7728b5 [140ms]
2024-11-21 05:54:53.417 [info] > git show --textconv :source_code/init_script/SQL_Server_1/init_DB_CreditStagingDB.sql [834ms]
2024-11-21 05:54:58.534 [info] > git ls-files --stage -- /container/pyspark_workspace/source_code/generate_data/generate_dummy_data.py [628ms]
2024-11-21 05:54:58.661 [info] > git cat-file -s b8c5855dd74f8c407cc4c1e275d83ad7b90ba915 [112ms]
2024-11-21 05:54:58.682 [info] > git show --textconv :source_code/generate_data/generate_dummy_data.py [794ms]
2024-11-21 05:58:37.888 [info] > git status -z -uall [1011192ms]
2024-11-21 05:59:05.577 [info] > git config --get commit.template [90ms]
2024-11-21 05:59:05.881 [info] > git for-each-ref --format=%(refname)%00%(upstream:short)%00%(objectname)%00%(upstream:track)%00%(upstream:remotename)%00%(upstream:remoteref) refs/heads/main refs/remotes/main [365ms]
2024-11-21 05:59:06.214 [info] > git for-each-ref --sort -committerdate --format %(refname) %(objectname) %(*objectname) [268ms]
2024-11-21 05:59:11.280 [info] > git ls-files --stage -- /container/pyspark_workspace/source_code/generate_data/generate_dummy_data.py [2561ms]
2024-11-21 05:59:11.839 [info] > git cat-file -s b8c5855dd74f8c407cc4c1e275d83ad7b90ba915 [527ms]
2024-11-21 05:59:12.022 [info] > git show --textconv :source_code/generate_data/generate_dummy_data.py [3333ms]
2024-11-21 05:59:49.875 [info] > git ls-files --stage -- /container/pyspark_workspace/source_code/generate_data/insert_dummy_data_into_CreditStagingDB.py [1964ms]
2024-11-21 05:59:50.406 [info] > git cat-file -s 002c9368478f9a17b700512f29fe30edceb54d7a [504ms]
2024-11-21 05:59:50.511 [info] > git show --textconv :source_code/generate_data/insert_dummy_data_into_CreditStagingDB.py [2637ms]
2024-11-21 06:00:09.748 [info] > git ls-files --stage -- /container/pyspark_workspace/source_code/generate_data/generate_product_master_data.py [1973ms]
2024-11-21 06:00:09.797 [info] > git ls-files --stage -- /container/pyspark_workspace/source_code/generate_data/generate_dummy_data.py [552ms]
2024-11-21 06:00:10.147 [info] > git cat-file -s f24535c7f6e13c75a9328c58d3441da82b02bd12 [350ms]
2024-11-21 06:00:10.169 [info] > git show --textconv :source_code/generate_data/generate_dummy_data.py [967ms]
2024-11-21 06:00:10.224 [info] > git show --textconv :source_code/generate_data/generate_product_master_data.py [2506ms]
2024-11-21 06:00:10.273 [info] > git cat-file -s b8c5855dd74f8c407cc4c1e275d83ad7b90ba915 [443ms]
2024-11-21 06:00:18.303 [info] > git ls-files --stage -- /container/pyspark_workspace/source_code/init_script/SQL_Server_2/init_DB_CreditLakehouseDB.sql [395ms]
2024-11-21 06:00:18.466 [info] > git cat-file -s d1a29bf9a58a43167033e3e46167cc3b82cd4a7b [134ms]
2024-11-21 06:00:18.487 [info] > git show --textconv :source_code/init_script/SQL_Server_2/init_DB_CreditLakehouseDB.sql [605ms]
2024-11-21 06:00:23.489 [info] > git ls-files --stage -- /container/pyspark_workspace/source_code/init_script/SQL_Server_1/init_DB_CreditStagingDB.sql [446ms]
2024-11-21 06:00:23.654 [info] > git cat-file -s 1924953ac3161fd0b032a102ee53da9eba7728b5 [145ms]
2024-11-21 06:00:23.662 [info] > git show --textconv :source_code/init_script/SQL_Server_1/init_DB_CreditStagingDB.sql [640ms]
2024-11-21 06:00:47.750 [info] > git ls-files --stage -- /container/pyspark_workspace/source_code/generate_data/generate_dummy_data.py [431ms]
2024-11-21 06:00:47.874 [info] > git cat-file -s b8c5855dd74f8c407cc4c1e275d83ad7b90ba915 [110ms]
2024-11-21 06:00:47.902 [info] > git show --textconv :source_code/generate_data/generate_dummy_data.py [608ms]
2024-11-21 06:02:31.766 [info] > git ls-files --stage -- /container/pyspark_workspace/source_code/init_script/SQL_Server_1/init_DB_CreditStagingDB.sql [886ms]
2024-11-21 06:02:31.953 [info] > git show --textconv :source_code/init_script/SQL_Server_1/init_DB_CreditStagingDB.sql [1137ms]
2024-11-21 06:02:32.003 [info] > git cat-file -s 1924953ac3161fd0b032a102ee53da9eba7728b5 [209ms]
2024-11-21 06:02:33.704 [info] > git ls-files --stage -- /container/pyspark_workspace/source_code/utils/spark.py [864ms]
2024-11-21 06:02:34.020 [info] > git cat-file -s f411f7229644e63bb958100fd9b1993f8948d6f6 [291ms]
2024-11-21 06:02:34.249 [info] > git show --textconv :source_code/utils/spark.py [1444ms]
2024-11-21 06:02:35.620 [info] > git check-ignore -v -z --stdin [1746ms]
2024-11-21 06:02:36.069 [info] > git ls-files --stage -- /container/pyspark_workspace/source_code/init_script/SQL_Server_1/init_DB_CreditStagingDB.sql [459ms]
2024-11-21 06:02:36.208 [info] > git cat-file -s 1924953ac3161fd0b032a102ee53da9eba7728b5 [112ms]
2024-11-21 06:02:36.215 [info] > git show --textconv :source_code/init_script/SQL_Server_1/init_DB_CreditStagingDB.sql [627ms]
2024-11-21 06:04:06.127 [info] > git ls-files --stage -- /container/pyspark_workspace/source_code/init_script/SQL_Server_2/init_DB_CreditLakehouseDB.sql [781ms]
2024-11-21 06:04:06.268 [info] > git cat-file -s d1a29bf9a58a43167033e3e46167cc3b82cd4a7b [127ms]
2024-11-21 06:04:06.286 [info] > git show --textconv :source_code/init_script/SQL_Server_2/init_DB_CreditLakehouseDB.sql [959ms]
2024-11-21 06:04:08.141 [info] > git ls-files --stage -- /container/pyspark_workspace/source_code/init_script/SQL_Server_2/init_DB_CreditDW.sql [428ms]
2024-11-21 06:04:08.243 [info] > git cat-file -s 4454788f67767ca4248ac101e1c095751328ef80 [88ms]
2024-11-21 06:04:08.250 [info] > git show --textconv :source_code/init_script/SQL_Server_2/init_DB_CreditDW.sql [553ms]
2024-11-21 06:04:15.960 [info] > git ls-files --stage -- /container/pyspark_workspace/source_code/init_script/SQL_Server_1/init_DB_CreditStagingDB.sql [439ms]
2024-11-21 06:04:16.211 [info] > git cat-file -s 1924953ac3161fd0b032a102ee53da9eba7728b5 [224ms]
2024-11-21 06:04:16.235 [info] > git show --textconv :source_code/init_script/SQL_Server_1/init_DB_CreditStagingDB.sql [748ms]
2024-11-21 06:06:51.084 [info] > git ls-files --stage -- /container/pyspark_workspace/source_code/init_script/SQL_Server_1/init_DB_CreditStagingDB.sql [539ms]
2024-11-21 06:06:51.307 [info] > git cat-file -s 1924953ac3161fd0b032a102ee53da9eba7728b5 [199ms]
2024-11-21 06:06:51.388 [info] > git show --textconv :source_code/init_script/SQL_Server_1/init_DB_CreditStagingDB.sql [861ms]
2024-11-21 06:07:06.919 [info] > git ls-files --stage -- /container/pyspark_workspace/source_code/init_script/SQL_Server_2/init_DB_CreditLakehouseDB.sql [679ms]
2024-11-21 06:07:07.052 [info] > git cat-file -s d1a29bf9a58a43167033e3e46167cc3b82cd4a7b [114ms]
2024-11-21 06:07:07.077 [info] > git show --textconv :source_code/init_script/SQL_Server_2/init_DB_CreditLakehouseDB.sql [856ms]
2024-11-21 06:07:08.295 [info] > git ls-files --stage -- /container/pyspark_workspace/source_code/generate_data/generate_dummy_data.py [407ms]
2024-11-21 06:07:08.403 [info] > git cat-file -s b8c5855dd74f8c407cc4c1e275d83ad7b90ba915 [89ms]
2024-11-21 06:07:08.429 [info] > git show --textconv :source_code/generate_data/generate_dummy_data.py [566ms]
2024-11-21 06:07:15.271 [info] > git ls-files --stage -- /container/pyspark_workspace/source_code/init_script/SQL_Server_2/init_DB_CreditLakehouseDB.sql [436ms]
2024-11-21 06:07:15.471 [info] > git cat-file -s d1a29bf9a58a43167033e3e46167cc3b82cd4a7b [163ms]
2024-11-21 06:07:15.475 [info] > git show --textconv :source_code/init_script/SQL_Server_2/init_DB_CreditLakehouseDB.sql [656ms]
2024-11-21 06:07:16.678 [info] > git ls-files --stage -- /container/pyspark_workspace/source_code/init_script/SQL_Server_1/init_DB_CreditStagingDB.sql [563ms]
2024-11-21 06:07:16.974 [info] > git cat-file -s 1924953ac3161fd0b032a102ee53da9eba7728b5 [250ms]
2024-11-21 06:07:17.010 [info] > git show --textconv :source_code/init_script/SQL_Server_1/init_DB_CreditStagingDB.sql [915ms]
2024-11-21 06:07:20.773 [info] > git ls-files --stage -- /container/pyspark_workspace/source_code/init_script/SQL_Server_2/init_DB_CreditLakehouseDB.sql [510ms]
2024-11-21 06:07:20.958 [info] > git cat-file -s d1a29bf9a58a43167033e3e46167cc3b82cd4a7b [166ms]
2024-11-21 06:07:20.987 [info] > git show --textconv :source_code/init_script/SQL_Server_2/init_DB_CreditLakehouseDB.sql [743ms]
2024-11-21 06:07:22.047 [info] > git ls-files --stage -- /container/pyspark_workspace/source_code/init_script/SQL_Server_2/init_DB_CreditDW.sql [608ms]
2024-11-21 06:07:22.234 [info] > git show --textconv :source_code/init_script/SQL_Server_2/init_DB_CreditDW.sql [813ms]
2024-11-21 06:07:22.251 [info] > git cat-file -s 4454788f67767ca4248ac101e1c095751328ef80 [180ms]
2024-11-21 06:07:25.052 [info] > git ls-files --stage -- /container/pyspark_workspace/source_code/init_script/SQL_Server_2/init_DB_CreditLakehouseDB.sql [312ms]
2024-11-21 06:07:25.170 [info] > git cat-file -s d1a29bf9a58a43167033e3e46167cc3b82cd4a7b [102ms]
2024-11-21 06:07:25.203 [info] > git show --textconv :source_code/init_script/SQL_Server_2/init_DB_CreditLakehouseDB.sql [475ms]
2024-11-21 06:07:27.506 [info] > git ls-files --stage -- /container/pyspark_workspace/source_code/init_script/SQL_Server_2/init_DB_CreditDW.sql [374ms]
2024-11-21 06:07:27.637 [info] > git cat-file -s 4454788f67767ca4248ac101e1c095751328ef80 [115ms]
2024-11-21 06:07:27.647 [info] > git show --textconv :source_code/init_script/SQL_Server_2/init_DB_CreditDW.sql [531ms]
2024-11-21 06:07:31.763 [info] > git ls-files --stage -- /container/pyspark_workspace/source_code/init_script/SQL_Server_1/init_DB_CreditStagingDB.sql [594ms]
2024-11-21 06:07:31.879 [info] > git cat-file -s 1924953ac3161fd0b032a102ee53da9eba7728b5 [101ms]
2024-11-21 06:07:31.883 [info] > git show --textconv :source_code/init_script/SQL_Server_1/init_DB_CreditStagingDB.sql [736ms]
