2024-11-05 14:31:25.295 [info] Experiment 'pythonRecommendTensorboardExt' is active
2024-11-05 14:31:25.312 [info] Experiment 'pythonTerminalEnvVarActivation' is active
2024-11-05 14:31:25.315 [info] Experiment 'pythonTestAdapter' is active
2024-11-05 14:31:25.321 [warning] Dir "/container/pyspark_workspace/.pixi/envs" is not watchable (directory does not exist)
2024-11-05 14:31:25.324 [info] > pyenv which python
2024-11-05 14:31:25.325 [info] cwd: .
2024-11-05 14:31:28.594 [info] > conda info --json
2024-11-05 14:31:32.737 [info] > D:\Program Files\Python\python.exe -c "import sys;print(sys.executable)"
2024-11-05 14:31:32.876 [error] Error: Command failed: D:\Program Files\Python\python.exe -c "import sys;print(sys.executable)"
/bin/sh: 1: D:Program: not found

    at genericNodeError (node:internal/errors:984:15)
    at wrappedFn (node:internal/errors:538:14)
    at ChildProcess.exithandler (node:child_process:422:12)
    at ChildProcess.emit (node:events:531:35)
    at maybeClose (node:internal/child_process:1105:16)
    at Socket.<anonymous> (node:internal/child_process:457:11)
    at Socket.emit (node:events:519:28)
    at Pipe.<anonymous> (node:net:339:12) {
  code: 127,
  killed: false,
  signal: null,
  cmd: 'D:\\Program Files\\Python\\python.exe -c "import sys;print(sys.executable)"'
}
2024-11-05 14:32:01.962 [info] Starting Pylance language server.
