2024-11-13 07:59:28.448 [info] Name: isort
2024-11-13 07:59:28.449 [info] Module: isort
2024-11-13 07:59:28.450 [info] Python extension loading
2024-11-13 07:59:28.450 [info] Waiting for interpreter from python extension.
2024-11-13 07:59:29.612 [info] No interpreter found from setting isort.interpreter
2024-11-13 07:59:29.612 [info] Getting interpreter from ms-python.python extension for workspace /container/pyspark_workspace
2024-11-13 07:59:29.614 [info] Python extension loaded
2024-11-13 07:59:29.888 [info] No interpreter found for /container/pyspark_workspace in settings or from ms-python.python extension
2024-11-13 07:59:29.890 [error] Python interpreter missing:
[Option 1] Select python interpreter using the ms-python.python.
[Option 2] Set an interpreter using "isort.interpreter" setting.
 Please use Python 3.7 or greater.
2024-11-13 08:00:41.479 [info] No interpreter found from setting isort.interpreter
2024-11-13 08:00:41.480 [info] Getting interpreter from ms-python.python extension for workspace /container/pyspark_workspace
2024-11-13 08:00:41.480 [info] No interpreter found from setting isort.interpreter
2024-11-13 08:00:41.481 [info] Getting interpreter from ms-python.python extension for workspace /container/pyspark_workspace
2024-11-13 08:00:41.671 [info] No interpreter found for /container/pyspark_workspace in settings or from ms-python.python extension
2024-11-13 08:00:41.672 [error] Python interpreter missing:
[Option 1] Select python interpreter using the ms-python.python.
[Option 2] Set an interpreter using "isort.interpreter" setting.
 Please use Python 3.7 or greater.
2024-11-13 08:00:41.675 [info] No interpreter found for /container/pyspark_workspace in settings or from ms-python.python extension
2024-11-13 08:00:41.675 [error] Python interpreter missing:
[Option 1] Select python interpreter using the ms-python.python.
[Option 2] Set an interpreter using "isort.interpreter" setting.
 Please use Python 3.7 or greater.
