Visual Studio Code (1.95.3, attached-container, desktop)
Jupyter Extension Version: 2024.10.0.
Python Extension Version: 2024.20.0.
Pylance Extension Version: 2024.11.2.
Platform: linux (x64).
Temp Storage folder ~/.vscode-server/data/User/globalStorage/ms-toolsai.jupyter/version-2024.10.0
Workspace folder /container/pyspark_workspace, Home = /root
17:10:21.672 [info] Starting Kernel (Python Path: /usr/local/bin/python, Unknown, 3.11.9) for '/container/pyspark_workspace/source_code/sample_code/Test_Project_1.ipynb' (disableUI=true)
17:10:39.825 [warn] Failed to get activated env vars for /usr/local/bin/python in 18158ms
17:10:39.852 [warn] Failed to get activated env vars for /usr/local/bin/python in 16825ms
17:10:39.946 [info] Process Execution: /usr/local/bin/python -c "import site;print("USER_BASE_VALUE");print(site.USER_BASE);print("USER_BASE_VALUE");"
17:10:40.652 [info] Process Execution: /usr/local/bin/python -m pip list
17:10:40.667 [info] Process Execution: /usr/local/bin/python -c "import ipykernel; print(ipykernel.__version__); print("5dc3a68c-e34e-4080-9c3e-2a532b2ccb4d"); print(ipykernel.__file__)"
17:10:41.399 [warn] Failed to get activated env vars for /usr/local/bin/python in 617ms
17:10:41.464 [info] Process Execution: /usr/local/bin/python -m ipykernel_launcher --f=/~/.local/share/jupyter/runtime/kernel-v358da56efd07c442b06c34a8e37e761db091814d6.json
    > cwd: //container/pyspark_workspace/source_code/sample_code
17:10:45.023 [warn] Disposing old controller startUsingPythonInterpreter:'.jvsc74a57bd06699b966c21a81be21759e40053de52c009daad87cbe5a3dc643468ce4ab3367.d:\Program Files\Python\python.exe.d:\Program Files\Python\python.exe.-m#ipykernel_launcher' for view = 'jupyter-notebook'
17:10:45.026 [warn] Disposing old controller startUsingPythonInterpreter:'.jvsc74a57bd06699b966c21a81be21759e40053de52c009daad87cbe5a3dc643468ce4ab3367.d:\Program Files\Python\python.exe.d:\Program Files\Python\python.exe.-m#ipykernel_launcher (Interactive)' for view = 'interactive'
17:10:57.563 [info] Kernel successfully started
17:10:57.855 [warn] Failed to get activated env vars for /usr/local/bin/python in 245ms
17:10:57.876 [info] Process Execution: /usr/local/bin/python /~/.vscode-server/extensions/ms-toolsai.jupyter-2024.10.0-linux-x64/pythonFiles/printJupyterDataDir.py
