[2024-11-24T03:01:03.669+0000] {processor.py:157} INFO - Started process (PID=211) to work on /opt/airflow/dags/step_2_bronzen_layer_data_full.py
[2024-11-24T03:01:03.670+0000] {processor.py:829} INFO - Processing file /opt/airflow/dags/step_2_bronzen_layer_data_full.py for tasks to queue
[2024-11-24T03:01:03.672+0000] {logging_mixin.py:151} INFO - [2024-11-24T03:01:03.672+0000] {dagbag.py:539} INFO - Filling up the DagBag from /opt/airflow/dags/step_2_bronzen_layer_data_full.py
[2024-11-24T03:01:03.679+0000] {processor.py:839} INFO - DAG(s) dict_keys(['transfer_to_bronze_layer_full']) retrieved from /opt/airflow/dags/step_2_bronzen_layer_data_full.py
[2024-11-24T03:01:03.697+0000] {logging_mixin.py:151} INFO - [2024-11-24T03:01:03.697+0000] {dag.py:2907} INFO - Sync 1 DAGs
[2024-11-24T03:01:03.705+0000] {logging_mixin.py:151} INFO - [2024-11-24T03:01:03.705+0000] {dag.py:3677} INFO - Setting next_dagrun for transfer_to_bronze_layer_full to None, run_after=None
[2024-11-24T03:01:03.718+0000] {processor.py:179} INFO - Processing /opt/airflow/dags/step_2_bronzen_layer_data_full.py took 0.051 seconds
[2024-11-24T03:01:33.899+0000] {processor.py:157} INFO - Started process (PID=242) to work on /opt/airflow/dags/step_2_bronzen_layer_data_full.py
[2024-11-24T03:01:33.899+0000] {processor.py:829} INFO - Processing file /opt/airflow/dags/step_2_bronzen_layer_data_full.py for tasks to queue
[2024-11-24T03:01:33.901+0000] {logging_mixin.py:151} INFO - [2024-11-24T03:01:33.900+0000] {dagbag.py:539} INFO - Filling up the DagBag from /opt/airflow/dags/step_2_bronzen_layer_data_full.py
[2024-11-24T03:01:33.906+0000] {processor.py:839} INFO - DAG(s) dict_keys(['transfer_to_bronze_layer_full']) retrieved from /opt/airflow/dags/step_2_bronzen_layer_data_full.py
[2024-11-24T03:01:33.924+0000] {logging_mixin.py:151} INFO - [2024-11-24T03:01:33.924+0000] {dag.py:2907} INFO - Sync 1 DAGs
[2024-11-24T03:01:33.931+0000] {logging_mixin.py:151} INFO - [2024-11-24T03:01:33.931+0000] {dag.py:3677} INFO - Setting next_dagrun for transfer_to_bronze_layer_full to None, run_after=None
[2024-11-24T03:01:33.942+0000] {processor.py:179} INFO - Processing /opt/airflow/dags/step_2_bronzen_layer_data_full.py took 0.045 seconds
[2024-11-24T03:02:04.065+0000] {processor.py:157} INFO - Started process (PID=252) to work on /opt/airflow/dags/step_2_bronzen_layer_data_full.py
[2024-11-24T03:02:04.066+0000] {processor.py:829} INFO - Processing file /opt/airflow/dags/step_2_bronzen_layer_data_full.py for tasks to queue
[2024-11-24T03:02:04.068+0000] {logging_mixin.py:151} INFO - [2024-11-24T03:02:04.068+0000] {dagbag.py:539} INFO - Filling up the DagBag from /opt/airflow/dags/step_2_bronzen_layer_data_full.py
[2024-11-24T03:02:04.075+0000] {processor.py:839} INFO - DAG(s) dict_keys(['transfer_to_bronze_layer_full']) retrieved from /opt/airflow/dags/step_2_bronzen_layer_data_full.py
[2024-11-24T03:02:04.100+0000] {logging_mixin.py:151} INFO - [2024-11-24T03:02:04.100+0000] {dag.py:2907} INFO - Sync 1 DAGs
[2024-11-24T03:02:04.108+0000] {logging_mixin.py:151} INFO - [2024-11-24T03:02:04.108+0000] {dag.py:3677} INFO - Setting next_dagrun for transfer_to_bronze_layer_full to None, run_after=None
[2024-11-24T03:02:04.179+0000] {processor.py:179} INFO - Processing /opt/airflow/dags/step_2_bronzen_layer_data_full.py took 0.119 seconds
[2024-11-24T03:02:34.243+0000] {processor.py:157} INFO - Started process (PID=262) to work on /opt/airflow/dags/step_2_bronzen_layer_data_full.py
[2024-11-24T03:02:34.243+0000] {processor.py:829} INFO - Processing file /opt/airflow/dags/step_2_bronzen_layer_data_full.py for tasks to queue
[2024-11-24T03:02:34.244+0000] {logging_mixin.py:151} INFO - [2024-11-24T03:02:34.244+0000] {dagbag.py:539} INFO - Filling up the DagBag from /opt/airflow/dags/step_2_bronzen_layer_data_full.py
[2024-11-24T03:02:34.250+0000] {processor.py:839} INFO - DAG(s) dict_keys(['transfer_to_bronze_layer_full']) retrieved from /opt/airflow/dags/step_2_bronzen_layer_data_full.py
[2024-11-24T03:02:34.265+0000] {logging_mixin.py:151} INFO - [2024-11-24T03:02:34.265+0000] {dag.py:2907} INFO - Sync 1 DAGs
[2024-11-24T03:02:34.330+0000] {logging_mixin.py:151} INFO - [2024-11-24T03:02:34.330+0000] {dag.py:3677} INFO - Setting next_dagrun for transfer_to_bronze_layer_full to None, run_after=None
[2024-11-24T03:02:34.338+0000] {processor.py:179} INFO - Processing /opt/airflow/dags/step_2_bronzen_layer_data_full.py took 0.097 seconds
[2024-11-24T03:03:04.511+0000] {processor.py:157} INFO - Started process (PID=272) to work on /opt/airflow/dags/step_2_bronzen_layer_data_full.py
[2024-11-24T03:03:04.512+0000] {processor.py:829} INFO - Processing file /opt/airflow/dags/step_2_bronzen_layer_data_full.py for tasks to queue
[2024-11-24T03:03:04.513+0000] {logging_mixin.py:151} INFO - [2024-11-24T03:03:04.513+0000] {dagbag.py:539} INFO - Filling up the DagBag from /opt/airflow/dags/step_2_bronzen_layer_data_full.py
[2024-11-24T03:03:04.520+0000] {processor.py:839} INFO - DAG(s) dict_keys(['transfer_to_bronze_layer_full']) retrieved from /opt/airflow/dags/step_2_bronzen_layer_data_full.py
[2024-11-24T03:03:04.610+0000] {logging_mixin.py:151} INFO - [2024-11-24T03:03:04.609+0000] {dag.py:2907} INFO - Sync 1 DAGs
[2024-11-24T03:03:04.615+0000] {logging_mixin.py:151} INFO - [2024-11-24T03:03:04.615+0000] {dag.py:3677} INFO - Setting next_dagrun for transfer_to_bronze_layer_full to None, run_after=None
[2024-11-24T03:03:04.624+0000] {processor.py:179} INFO - Processing /opt/airflow/dags/step_2_bronzen_layer_data_full.py took 0.116 seconds
[2024-11-24T03:03:34.718+0000] {processor.py:157} INFO - Started process (PID=283) to work on /opt/airflow/dags/step_2_bronzen_layer_data_full.py
[2024-11-24T03:03:34.718+0000] {processor.py:829} INFO - Processing file /opt/airflow/dags/step_2_bronzen_layer_data_full.py for tasks to queue
[2024-11-24T03:03:34.720+0000] {logging_mixin.py:151} INFO - [2024-11-24T03:03:34.720+0000] {dagbag.py:539} INFO - Filling up the DagBag from /opt/airflow/dags/step_2_bronzen_layer_data_full.py
[2024-11-24T03:03:34.809+0000] {processor.py:839} INFO - DAG(s) dict_keys(['transfer_to_bronze_layer_full']) retrieved from /opt/airflow/dags/step_2_bronzen_layer_data_full.py
[2024-11-24T03:03:34.824+0000] {logging_mixin.py:151} INFO - [2024-11-24T03:03:34.824+0000] {dag.py:2907} INFO - Sync 1 DAGs
[2024-11-24T03:03:34.829+0000] {logging_mixin.py:151} INFO - [2024-11-24T03:03:34.829+0000] {dag.py:3677} INFO - Setting next_dagrun for transfer_to_bronze_layer_full to None, run_after=None
[2024-11-24T03:03:34.837+0000] {processor.py:179} INFO - Processing /opt/airflow/dags/step_2_bronzen_layer_data_full.py took 0.123 seconds
[2024-11-24T03:04:05.137+0000] {processor.py:157} INFO - Started process (PID=293) to work on /opt/airflow/dags/step_2_bronzen_layer_data_full.py
[2024-11-24T03:04:05.138+0000] {processor.py:829} INFO - Processing file /opt/airflow/dags/step_2_bronzen_layer_data_full.py for tasks to queue
[2024-11-24T03:04:05.140+0000] {logging_mixin.py:151} INFO - [2024-11-24T03:04:05.140+0000] {dagbag.py:539} INFO - Filling up the DagBag from /opt/airflow/dags/step_2_bronzen_layer_data_full.py
[2024-11-24T03:04:05.149+0000] {processor.py:839} INFO - DAG(s) dict_keys(['transfer_to_bronze_layer_full']) retrieved from /opt/airflow/dags/step_2_bronzen_layer_data_full.py
[2024-11-24T03:04:05.170+0000] {logging_mixin.py:151} INFO - [2024-11-24T03:04:05.170+0000] {dag.py:2907} INFO - Sync 1 DAGs
[2024-11-24T03:04:05.177+0000] {logging_mixin.py:151} INFO - [2024-11-24T03:04:05.177+0000] {dag.py:3677} INFO - Setting next_dagrun for transfer_to_bronze_layer_full to None, run_after=None
[2024-11-24T03:04:05.188+0000] {processor.py:179} INFO - Processing /opt/airflow/dags/step_2_bronzen_layer_data_full.py took 0.055 seconds
[2024-11-24T03:04:35.322+0000] {processor.py:157} INFO - Started process (PID=303) to work on /opt/airflow/dags/step_2_bronzen_layer_data_full.py
[2024-11-24T03:04:35.322+0000] {processor.py:829} INFO - Processing file /opt/airflow/dags/step_2_bronzen_layer_data_full.py for tasks to queue
[2024-11-24T03:04:35.323+0000] {logging_mixin.py:151} INFO - [2024-11-24T03:04:35.323+0000] {dagbag.py:539} INFO - Filling up the DagBag from /opt/airflow/dags/step_2_bronzen_layer_data_full.py
[2024-11-24T03:04:35.329+0000] {processor.py:839} INFO - DAG(s) dict_keys(['transfer_to_bronze_layer_full']) retrieved from /opt/airflow/dags/step_2_bronzen_layer_data_full.py
[2024-11-24T03:04:35.346+0000] {logging_mixin.py:151} INFO - [2024-11-24T03:04:35.346+0000] {dag.py:2907} INFO - Sync 1 DAGs
[2024-11-24T03:04:35.352+0000] {logging_mixin.py:151} INFO - [2024-11-24T03:04:35.352+0000] {dag.py:3677} INFO - Setting next_dagrun for transfer_to_bronze_layer_full to None, run_after=None
[2024-11-24T03:04:35.361+0000] {processor.py:179} INFO - Processing /opt/airflow/dags/step_2_bronzen_layer_data_full.py took 0.042 seconds
[2024-11-24T03:05:05.553+0000] {processor.py:157} INFO - Started process (PID=313) to work on /opt/airflow/dags/step_2_bronzen_layer_data_full.py
[2024-11-24T03:05:05.553+0000] {processor.py:829} INFO - Processing file /opt/airflow/dags/step_2_bronzen_layer_data_full.py for tasks to queue
[2024-11-24T03:05:05.555+0000] {logging_mixin.py:151} INFO - [2024-11-24T03:05:05.555+0000] {dagbag.py:539} INFO - Filling up the DagBag from /opt/airflow/dags/step_2_bronzen_layer_data_full.py
[2024-11-24T03:05:05.565+0000] {processor.py:839} INFO - DAG(s) dict_keys(['transfer_to_bronze_layer_full']) retrieved from /opt/airflow/dags/step_2_bronzen_layer_data_full.py
[2024-11-24T03:05:05.585+0000] {logging_mixin.py:151} INFO - [2024-11-24T03:05:05.585+0000] {dag.py:2907} INFO - Sync 1 DAGs
[2024-11-24T03:05:05.593+0000] {logging_mixin.py:151} INFO - [2024-11-24T03:05:05.593+0000] {dag.py:3677} INFO - Setting next_dagrun for transfer_to_bronze_layer_full to None, run_after=None
[2024-11-24T03:05:05.603+0000] {processor.py:179} INFO - Processing /opt/airflow/dags/step_2_bronzen_layer_data_full.py took 0.053 seconds
[2024-11-24T03:05:35.778+0000] {processor.py:157} INFO - Started process (PID=323) to work on /opt/airflow/dags/step_2_bronzen_layer_data_full.py
[2024-11-24T03:05:35.778+0000] {processor.py:829} INFO - Processing file /opt/airflow/dags/step_2_bronzen_layer_data_full.py for tasks to queue
[2024-11-24T03:05:35.780+0000] {logging_mixin.py:151} INFO - [2024-11-24T03:05:35.780+0000] {dagbag.py:539} INFO - Filling up the DagBag from /opt/airflow/dags/step_2_bronzen_layer_data_full.py
[2024-11-24T03:05:35.788+0000] {processor.py:839} INFO - DAG(s) dict_keys(['transfer_to_bronze_layer_full']) retrieved from /opt/airflow/dags/step_2_bronzen_layer_data_full.py
[2024-11-24T03:05:35.811+0000] {logging_mixin.py:151} INFO - [2024-11-24T03:05:35.811+0000] {dag.py:2907} INFO - Sync 1 DAGs
[2024-11-24T03:05:35.819+0000] {logging_mixin.py:151} INFO - [2024-11-24T03:05:35.819+0000] {dag.py:3677} INFO - Setting next_dagrun for transfer_to_bronze_layer_full to None, run_after=None
[2024-11-24T03:05:35.829+0000] {processor.py:179} INFO - Processing /opt/airflow/dags/step_2_bronzen_layer_data_full.py took 0.055 seconds
[2024-11-24T03:06:06.020+0000] {processor.py:157} INFO - Started process (PID=333) to work on /opt/airflow/dags/step_2_bronzen_layer_data_full.py
[2024-11-24T03:06:06.021+0000] {processor.py:829} INFO - Processing file /opt/airflow/dags/step_2_bronzen_layer_data_full.py for tasks to queue
[2024-11-24T03:06:06.023+0000] {logging_mixin.py:151} INFO - [2024-11-24T03:06:06.023+0000] {dagbag.py:539} INFO - Filling up the DagBag from /opt/airflow/dags/step_2_bronzen_layer_data_full.py
[2024-11-24T03:06:06.030+0000] {processor.py:839} INFO - DAG(s) dict_keys(['transfer_to_bronze_layer_full']) retrieved from /opt/airflow/dags/step_2_bronzen_layer_data_full.py
[2024-11-24T03:06:06.048+0000] {logging_mixin.py:151} INFO - [2024-11-24T03:06:06.048+0000] {dag.py:2907} INFO - Sync 1 DAGs
[2024-11-24T03:06:06.055+0000] {logging_mixin.py:151} INFO - [2024-11-24T03:06:06.055+0000] {dag.py:3677} INFO - Setting next_dagrun for transfer_to_bronze_layer_full to None, run_after=None
[2024-11-24T03:06:06.063+0000] {processor.py:179} INFO - Processing /opt/airflow/dags/step_2_bronzen_layer_data_full.py took 0.046 seconds
[2024-11-24T03:06:36.232+0000] {processor.py:157} INFO - Started process (PID=343) to work on /opt/airflow/dags/step_2_bronzen_layer_data_full.py
[2024-11-24T03:06:36.233+0000] {processor.py:829} INFO - Processing file /opt/airflow/dags/step_2_bronzen_layer_data_full.py for tasks to queue
[2024-11-24T03:06:36.234+0000] {logging_mixin.py:151} INFO - [2024-11-24T03:06:36.234+0000] {dagbag.py:539} INFO - Filling up the DagBag from /opt/airflow/dags/step_2_bronzen_layer_data_full.py
[2024-11-24T03:06:36.242+0000] {processor.py:839} INFO - DAG(s) dict_keys(['transfer_to_bronze_layer_full']) retrieved from /opt/airflow/dags/step_2_bronzen_layer_data_full.py
[2024-11-24T03:06:36.264+0000] {logging_mixin.py:151} INFO - [2024-11-24T03:06:36.264+0000] {dag.py:2907} INFO - Sync 1 DAGs
[2024-11-24T03:06:36.273+0000] {logging_mixin.py:151} INFO - [2024-11-24T03:06:36.272+0000] {dag.py:3677} INFO - Setting next_dagrun for transfer_to_bronze_layer_full to None, run_after=None
[2024-11-24T03:06:36.284+0000] {processor.py:179} INFO - Processing /opt/airflow/dags/step_2_bronzen_layer_data_full.py took 0.055 seconds
[2024-11-24T03:07:06.458+0000] {processor.py:157} INFO - Started process (PID=353) to work on /opt/airflow/dags/step_2_bronzen_layer_data_full.py
[2024-11-24T03:07:06.459+0000] {processor.py:829} INFO - Processing file /opt/airflow/dags/step_2_bronzen_layer_data_full.py for tasks to queue
[2024-11-24T03:07:06.461+0000] {logging_mixin.py:151} INFO - [2024-11-24T03:07:06.460+0000] {dagbag.py:539} INFO - Filling up the DagBag from /opt/airflow/dags/step_2_bronzen_layer_data_full.py
[2024-11-24T03:07:06.467+0000] {processor.py:839} INFO - DAG(s) dict_keys(['transfer_to_bronze_layer_full']) retrieved from /opt/airflow/dags/step_2_bronzen_layer_data_full.py
[2024-11-24T03:07:06.487+0000] {logging_mixin.py:151} INFO - [2024-11-24T03:07:06.487+0000] {dag.py:2907} INFO - Sync 1 DAGs
[2024-11-24T03:07:06.497+0000] {logging_mixin.py:151} INFO - [2024-11-24T03:07:06.497+0000] {dag.py:3677} INFO - Setting next_dagrun for transfer_to_bronze_layer_full to None, run_after=None
[2024-11-24T03:07:06.509+0000] {processor.py:179} INFO - Processing /opt/airflow/dags/step_2_bronzen_layer_data_full.py took 0.053 seconds
[2024-11-24T03:07:36.656+0000] {processor.py:157} INFO - Started process (PID=363) to work on /opt/airflow/dags/step_2_bronzen_layer_data_full.py
[2024-11-24T03:07:36.656+0000] {processor.py:829} INFO - Processing file /opt/airflow/dags/step_2_bronzen_layer_data_full.py for tasks to queue
[2024-11-24T03:07:36.658+0000] {logging_mixin.py:151} INFO - [2024-11-24T03:07:36.658+0000] {dagbag.py:539} INFO - Filling up the DagBag from /opt/airflow/dags/step_2_bronzen_layer_data_full.py
[2024-11-24T03:07:36.665+0000] {processor.py:839} INFO - DAG(s) dict_keys(['transfer_to_bronze_layer_full']) retrieved from /opt/airflow/dags/step_2_bronzen_layer_data_full.py
[2024-11-24T03:07:36.681+0000] {logging_mixin.py:151} INFO - [2024-11-24T03:07:36.681+0000] {dag.py:2907} INFO - Sync 1 DAGs
[2024-11-24T03:07:36.687+0000] {logging_mixin.py:151} INFO - [2024-11-24T03:07:36.687+0000] {dag.py:3677} INFO - Setting next_dagrun for transfer_to_bronze_layer_full to None, run_after=None
[2024-11-24T03:07:36.696+0000] {processor.py:179} INFO - Processing /opt/airflow/dags/step_2_bronzen_layer_data_full.py took 0.043 seconds
[2024-11-24T03:08:06.884+0000] {processor.py:157} INFO - Started process (PID=373) to work on /opt/airflow/dags/step_2_bronzen_layer_data_full.py
[2024-11-24T03:08:06.885+0000] {processor.py:829} INFO - Processing file /opt/airflow/dags/step_2_bronzen_layer_data_full.py for tasks to queue
[2024-11-24T03:08:06.886+0000] {logging_mixin.py:151} INFO - [2024-11-24T03:08:06.886+0000] {dagbag.py:539} INFO - Filling up the DagBag from /opt/airflow/dags/step_2_bronzen_layer_data_full.py
[2024-11-24T03:08:06.894+0000] {processor.py:839} INFO - DAG(s) dict_keys(['transfer_to_bronze_layer_full']) retrieved from /opt/airflow/dags/step_2_bronzen_layer_data_full.py
[2024-11-24T03:08:06.917+0000] {logging_mixin.py:151} INFO - [2024-11-24T03:08:06.917+0000] {dag.py:2907} INFO - Sync 1 DAGs
[2024-11-24T03:08:06.925+0000] {logging_mixin.py:151} INFO - [2024-11-24T03:08:06.925+0000] {dag.py:3677} INFO - Setting next_dagrun for transfer_to_bronze_layer_full to None, run_after=None
[2024-11-24T03:08:06.935+0000] {processor.py:179} INFO - Processing /opt/airflow/dags/step_2_bronzen_layer_data_full.py took 0.054 seconds
[2024-11-24T03:08:37.114+0000] {processor.py:157} INFO - Started process (PID=383) to work on /opt/airflow/dags/step_2_bronzen_layer_data_full.py
[2024-11-24T03:08:37.114+0000] {processor.py:829} INFO - Processing file /opt/airflow/dags/step_2_bronzen_layer_data_full.py for tasks to queue
[2024-11-24T03:08:37.116+0000] {logging_mixin.py:151} INFO - [2024-11-24T03:08:37.116+0000] {dagbag.py:539} INFO - Filling up the DagBag from /opt/airflow/dags/step_2_bronzen_layer_data_full.py
[2024-11-24T03:08:37.124+0000] {processor.py:839} INFO - DAG(s) dict_keys(['transfer_to_bronze_layer_full']) retrieved from /opt/airflow/dags/step_2_bronzen_layer_data_full.py
[2024-11-24T03:08:37.145+0000] {logging_mixin.py:151} INFO - [2024-11-24T03:08:37.145+0000] {dag.py:2907} INFO - Sync 1 DAGs
[2024-11-24T03:08:37.152+0000] {logging_mixin.py:151} INFO - [2024-11-24T03:08:37.152+0000] {dag.py:3677} INFO - Setting next_dagrun for transfer_to_bronze_layer_full to None, run_after=None
[2024-11-24T03:08:37.162+0000] {processor.py:179} INFO - Processing /opt/airflow/dags/step_2_bronzen_layer_data_full.py took 0.052 seconds
[2024-11-24T03:09:07.364+0000] {processor.py:157} INFO - Started process (PID=393) to work on /opt/airflow/dags/step_2_bronzen_layer_data_full.py
[2024-11-24T03:09:07.364+0000] {processor.py:829} INFO - Processing file /opt/airflow/dags/step_2_bronzen_layer_data_full.py for tasks to queue
[2024-11-24T03:09:07.366+0000] {logging_mixin.py:151} INFO - [2024-11-24T03:09:07.366+0000] {dagbag.py:539} INFO - Filling up the DagBag from /opt/airflow/dags/step_2_bronzen_layer_data_full.py
[2024-11-24T03:09:07.372+0000] {processor.py:839} INFO - DAG(s) dict_keys(['transfer_to_bronze_layer_full']) retrieved from /opt/airflow/dags/step_2_bronzen_layer_data_full.py
[2024-11-24T03:09:07.389+0000] {logging_mixin.py:151} INFO - [2024-11-24T03:09:07.389+0000] {dag.py:2907} INFO - Sync 1 DAGs
[2024-11-24T03:09:07.397+0000] {logging_mixin.py:151} INFO - [2024-11-24T03:09:07.397+0000] {dag.py:3677} INFO - Setting next_dagrun for transfer_to_bronze_layer_full to None, run_after=None
[2024-11-24T03:09:07.407+0000] {processor.py:179} INFO - Processing /opt/airflow/dags/step_2_bronzen_layer_data_full.py took 0.045 seconds
[2024-11-24T03:09:37.610+0000] {processor.py:157} INFO - Started process (PID=403) to work on /opt/airflow/dags/step_2_bronzen_layer_data_full.py
[2024-11-24T03:09:37.611+0000] {processor.py:829} INFO - Processing file /opt/airflow/dags/step_2_bronzen_layer_data_full.py for tasks to queue
[2024-11-24T03:09:37.612+0000] {logging_mixin.py:151} INFO - [2024-11-24T03:09:37.612+0000] {dagbag.py:539} INFO - Filling up the DagBag from /opt/airflow/dags/step_2_bronzen_layer_data_full.py
[2024-11-24T03:09:37.618+0000] {processor.py:839} INFO - DAG(s) dict_keys(['transfer_to_bronze_layer_full']) retrieved from /opt/airflow/dags/step_2_bronzen_layer_data_full.py
[2024-11-24T03:09:37.636+0000] {logging_mixin.py:151} INFO - [2024-11-24T03:09:37.636+0000] {dag.py:2907} INFO - Sync 1 DAGs
[2024-11-24T03:09:37.643+0000] {logging_mixin.py:151} INFO - [2024-11-24T03:09:37.643+0000] {dag.py:3677} INFO - Setting next_dagrun for transfer_to_bronze_layer_full to None, run_after=None
[2024-11-24T03:09:37.653+0000] {processor.py:179} INFO - Processing /opt/airflow/dags/step_2_bronzen_layer_data_full.py took 0.047 seconds
[2024-11-24T03:10:07.864+0000] {processor.py:157} INFO - Started process (PID=413) to work on /opt/airflow/dags/step_2_bronzen_layer_data_full.py
[2024-11-24T03:10:07.865+0000] {processor.py:829} INFO - Processing file /opt/airflow/dags/step_2_bronzen_layer_data_full.py for tasks to queue
[2024-11-24T03:10:07.866+0000] {logging_mixin.py:151} INFO - [2024-11-24T03:10:07.866+0000] {dagbag.py:539} INFO - Filling up the DagBag from /opt/airflow/dags/step_2_bronzen_layer_data_full.py
[2024-11-24T03:10:07.873+0000] {processor.py:839} INFO - DAG(s) dict_keys(['transfer_to_bronze_layer_full']) retrieved from /opt/airflow/dags/step_2_bronzen_layer_data_full.py
[2024-11-24T03:10:07.895+0000] {logging_mixin.py:151} INFO - [2024-11-24T03:10:07.894+0000] {dag.py:2907} INFO - Sync 1 DAGs
[2024-11-24T03:10:07.902+0000] {logging_mixin.py:151} INFO - [2024-11-24T03:10:07.902+0000] {dag.py:3677} INFO - Setting next_dagrun for transfer_to_bronze_layer_full to None, run_after=None
[2024-11-24T03:10:07.912+0000] {processor.py:179} INFO - Processing /opt/airflow/dags/step_2_bronzen_layer_data_full.py took 0.052 seconds
[2024-11-24T03:10:38.124+0000] {processor.py:157} INFO - Started process (PID=423) to work on /opt/airflow/dags/step_2_bronzen_layer_data_full.py
[2024-11-24T03:10:38.125+0000] {processor.py:829} INFO - Processing file /opt/airflow/dags/step_2_bronzen_layer_data_full.py for tasks to queue
[2024-11-24T03:10:38.126+0000] {logging_mixin.py:151} INFO - [2024-11-24T03:10:38.126+0000] {dagbag.py:539} INFO - Filling up the DagBag from /opt/airflow/dags/step_2_bronzen_layer_data_full.py
[2024-11-24T03:10:38.133+0000] {processor.py:839} INFO - DAG(s) dict_keys(['transfer_to_bronze_layer_full']) retrieved from /opt/airflow/dags/step_2_bronzen_layer_data_full.py
[2024-11-24T03:10:38.152+0000] {logging_mixin.py:151} INFO - [2024-11-24T03:10:38.152+0000] {dag.py:2907} INFO - Sync 1 DAGs
[2024-11-24T03:10:38.159+0000] {logging_mixin.py:151} INFO - [2024-11-24T03:10:38.159+0000] {dag.py:3677} INFO - Setting next_dagrun for transfer_to_bronze_layer_full to None, run_after=None
[2024-11-24T03:10:38.169+0000] {processor.py:179} INFO - Processing /opt/airflow/dags/step_2_bronzen_layer_data_full.py took 0.048 seconds
[2024-11-24T03:11:08.404+0000] {processor.py:157} INFO - Started process (PID=433) to work on /opt/airflow/dags/step_2_bronzen_layer_data_full.py
[2024-11-24T03:11:08.405+0000] {processor.py:829} INFO - Processing file /opt/airflow/dags/step_2_bronzen_layer_data_full.py for tasks to queue
[2024-11-24T03:11:08.407+0000] {logging_mixin.py:151} INFO - [2024-11-24T03:11:08.407+0000] {dagbag.py:539} INFO - Filling up the DagBag from /opt/airflow/dags/step_2_bronzen_layer_data_full.py
[2024-11-24T03:11:08.417+0000] {processor.py:839} INFO - DAG(s) dict_keys(['transfer_to_bronze_layer_full']) retrieved from /opt/airflow/dags/step_2_bronzen_layer_data_full.py
[2024-11-24T03:11:08.436+0000] {logging_mixin.py:151} INFO - [2024-11-24T03:11:08.435+0000] {dag.py:2907} INFO - Sync 1 DAGs
[2024-11-24T03:11:08.443+0000] {logging_mixin.py:151} INFO - [2024-11-24T03:11:08.443+0000] {dag.py:3677} INFO - Setting next_dagrun for transfer_to_bronze_layer_full to None, run_after=None
[2024-11-24T03:11:08.452+0000] {processor.py:179} INFO - Processing /opt/airflow/dags/step_2_bronzen_layer_data_full.py took 0.052 seconds
[2024-11-24T03:11:38.675+0000] {processor.py:157} INFO - Started process (PID=443) to work on /opt/airflow/dags/step_2_bronzen_layer_data_full.py
[2024-11-24T03:11:38.676+0000] {processor.py:829} INFO - Processing file /opt/airflow/dags/step_2_bronzen_layer_data_full.py for tasks to queue
[2024-11-24T03:11:38.678+0000] {logging_mixin.py:151} INFO - [2024-11-24T03:11:38.677+0000] {dagbag.py:539} INFO - Filling up the DagBag from /opt/airflow/dags/step_2_bronzen_layer_data_full.py
[2024-11-24T03:11:38.687+0000] {processor.py:839} INFO - DAG(s) dict_keys(['transfer_to_bronze_layer_full']) retrieved from /opt/airflow/dags/step_2_bronzen_layer_data_full.py
[2024-11-24T03:11:38.707+0000] {logging_mixin.py:151} INFO - [2024-11-24T03:11:38.707+0000] {dag.py:2907} INFO - Sync 1 DAGs
[2024-11-24T03:11:38.715+0000] {logging_mixin.py:151} INFO - [2024-11-24T03:11:38.714+0000] {dag.py:3677} INFO - Setting next_dagrun for transfer_to_bronze_layer_full to None, run_after=None
[2024-11-24T03:11:38.725+0000] {processor.py:179} INFO - Processing /opt/airflow/dags/step_2_bronzen_layer_data_full.py took 0.053 seconds
[2024-11-24T03:12:08.884+0000] {processor.py:157} INFO - Started process (PID=453) to work on /opt/airflow/dags/step_2_bronzen_layer_data_full.py
[2024-11-24T03:12:08.884+0000] {processor.py:829} INFO - Processing file /opt/airflow/dags/step_2_bronzen_layer_data_full.py for tasks to queue
[2024-11-24T03:12:08.886+0000] {logging_mixin.py:151} INFO - [2024-11-24T03:12:08.886+0000] {dagbag.py:539} INFO - Filling up the DagBag from /opt/airflow/dags/step_2_bronzen_layer_data_full.py
[2024-11-24T03:12:08.892+0000] {processor.py:839} INFO - DAG(s) dict_keys(['transfer_to_bronze_layer_full']) retrieved from /opt/airflow/dags/step_2_bronzen_layer_data_full.py
[2024-11-24T03:12:08.912+0000] {logging_mixin.py:151} INFO - [2024-11-24T03:12:08.912+0000] {dag.py:2907} INFO - Sync 1 DAGs
[2024-11-24T03:12:08.919+0000] {logging_mixin.py:151} INFO - [2024-11-24T03:12:08.919+0000] {dag.py:3677} INFO - Setting next_dagrun for transfer_to_bronze_layer_full to None, run_after=None
[2024-11-24T03:12:08.929+0000] {processor.py:179} INFO - Processing /opt/airflow/dags/step_2_bronzen_layer_data_full.py took 0.048 seconds
[2024-11-24T03:12:39.104+0000] {processor.py:157} INFO - Started process (PID=463) to work on /opt/airflow/dags/step_2_bronzen_layer_data_full.py
[2024-11-24T03:12:39.105+0000] {processor.py:829} INFO - Processing file /opt/airflow/dags/step_2_bronzen_layer_data_full.py for tasks to queue
[2024-11-24T03:12:39.107+0000] {logging_mixin.py:151} INFO - [2024-11-24T03:12:39.107+0000] {dagbag.py:539} INFO - Filling up the DagBag from /opt/airflow/dags/step_2_bronzen_layer_data_full.py
[2024-11-24T03:12:39.114+0000] {processor.py:839} INFO - DAG(s) dict_keys(['transfer_to_bronze_layer_full']) retrieved from /opt/airflow/dags/step_2_bronzen_layer_data_full.py
[2024-11-24T03:12:39.133+0000] {logging_mixin.py:151} INFO - [2024-11-24T03:12:39.133+0000] {dag.py:2907} INFO - Sync 1 DAGs
[2024-11-24T03:12:39.141+0000] {logging_mixin.py:151} INFO - [2024-11-24T03:12:39.141+0000] {dag.py:3677} INFO - Setting next_dagrun for transfer_to_bronze_layer_full to None, run_after=None
[2024-11-24T03:12:39.150+0000] {processor.py:179} INFO - Processing /opt/airflow/dags/step_2_bronzen_layer_data_full.py took 0.049 seconds
[2024-11-24T03:13:09.338+0000] {processor.py:157} INFO - Started process (PID=473) to work on /opt/airflow/dags/step_2_bronzen_layer_data_full.py
[2024-11-24T03:13:09.339+0000] {processor.py:829} INFO - Processing file /opt/airflow/dags/step_2_bronzen_layer_data_full.py for tasks to queue
[2024-11-24T03:13:09.341+0000] {logging_mixin.py:151} INFO - [2024-11-24T03:13:09.341+0000] {dagbag.py:539} INFO - Filling up the DagBag from /opt/airflow/dags/step_2_bronzen_layer_data_full.py
[2024-11-24T03:13:09.348+0000] {processor.py:839} INFO - DAG(s) dict_keys(['transfer_to_bronze_layer_full']) retrieved from /opt/airflow/dags/step_2_bronzen_layer_data_full.py
[2024-11-24T03:13:09.367+0000] {logging_mixin.py:151} INFO - [2024-11-24T03:13:09.367+0000] {dag.py:2907} INFO - Sync 1 DAGs
[2024-11-24T03:13:09.374+0000] {logging_mixin.py:151} INFO - [2024-11-24T03:13:09.374+0000] {dag.py:3677} INFO - Setting next_dagrun for transfer_to_bronze_layer_full to None, run_after=None
[2024-11-24T03:13:09.383+0000] {processor.py:179} INFO - Processing /opt/airflow/dags/step_2_bronzen_layer_data_full.py took 0.048 seconds
[2024-11-24T03:13:39.594+0000] {processor.py:157} INFO - Started process (PID=483) to work on /opt/airflow/dags/step_2_bronzen_layer_data_full.py
[2024-11-24T03:13:39.595+0000] {processor.py:829} INFO - Processing file /opt/airflow/dags/step_2_bronzen_layer_data_full.py for tasks to queue
[2024-11-24T03:13:39.597+0000] {logging_mixin.py:151} INFO - [2024-11-24T03:13:39.597+0000] {dagbag.py:539} INFO - Filling up the DagBag from /opt/airflow/dags/step_2_bronzen_layer_data_full.py
[2024-11-24T03:13:39.604+0000] {processor.py:839} INFO - DAG(s) dict_keys(['transfer_to_bronze_layer_full']) retrieved from /opt/airflow/dags/step_2_bronzen_layer_data_full.py
[2024-11-24T03:13:39.623+0000] {logging_mixin.py:151} INFO - [2024-11-24T03:13:39.623+0000] {dag.py:2907} INFO - Sync 1 DAGs
[2024-11-24T03:13:39.631+0000] {logging_mixin.py:151} INFO - [2024-11-24T03:13:39.631+0000] {dag.py:3677} INFO - Setting next_dagrun for transfer_to_bronze_layer_full to None, run_after=None
[2024-11-24T03:13:39.640+0000] {processor.py:179} INFO - Processing /opt/airflow/dags/step_2_bronzen_layer_data_full.py took 0.050 seconds
[2024-11-24T03:14:09.818+0000] {processor.py:157} INFO - Started process (PID=493) to work on /opt/airflow/dags/step_2_bronzen_layer_data_full.py
[2024-11-24T03:14:09.818+0000] {processor.py:829} INFO - Processing file /opt/airflow/dags/step_2_bronzen_layer_data_full.py for tasks to queue
[2024-11-24T03:14:09.821+0000] {logging_mixin.py:151} INFO - [2024-11-24T03:14:09.820+0000] {dagbag.py:539} INFO - Filling up the DagBag from /opt/airflow/dags/step_2_bronzen_layer_data_full.py
[2024-11-24T03:14:09.828+0000] {processor.py:839} INFO - DAG(s) dict_keys(['transfer_to_bronze_layer_full']) retrieved from /opt/airflow/dags/step_2_bronzen_layer_data_full.py
[2024-11-24T03:14:09.849+0000] {logging_mixin.py:151} INFO - [2024-11-24T03:14:09.849+0000] {dag.py:2907} INFO - Sync 1 DAGs
[2024-11-24T03:14:09.856+0000] {logging_mixin.py:151} INFO - [2024-11-24T03:14:09.856+0000] {dag.py:3677} INFO - Setting next_dagrun for transfer_to_bronze_layer_full to None, run_after=None
[2024-11-24T03:14:09.865+0000] {processor.py:179} INFO - Processing /opt/airflow/dags/step_2_bronzen_layer_data_full.py took 0.050 seconds
