2024-11-21 05:21:42.542 [info] Name: isort
2024-11-21 05:21:42.543 [info] Module: isort
2024-11-21 05:21:42.544 [info] Python extension loading
2024-11-21 05:21:42.544 [info] Waiting for interpreter from python extension.
2024-11-21 05:21:44.586 [info] No interpreter found from setting isort.interpreter
2024-11-21 05:21:44.598 [info] Getting interpreter from ms-python.python extension for workspace /container/pyspark_workspace
2024-11-21 05:21:44.630 [info] Python extension loaded
2024-11-21 05:21:47.506 [info] No interpreter found for /container/pyspark_workspace in settings or from ms-python.python extension
2024-11-21 05:21:47.511 [error] Python interpreter missing:
[Option 1] Select python interpreter using the ms-python.python.
[Option 2] Set an interpreter using "isort.interpreter" setting.
 Please use Python 3.7 or greater.
2024-11-21 05:25:41.622 [info] No interpreter found from setting isort.interpreter
2024-11-21 05:25:41.622 [info] Getting interpreter from ms-python.python extension for workspace /container/pyspark_workspace
2024-11-21 05:25:41.623 [info] No interpreter found from setting isort.interpreter
2024-11-21 05:25:41.624 [info] Getting interpreter from ms-python.python extension for workspace /container/pyspark_workspace
2024-11-21 05:25:41.746 [info] No interpreter found for /container/pyspark_workspace in settings or from ms-python.python extension
2024-11-21 05:25:41.748 [error] Python interpreter missing:
[Option 1] Select python interpreter using the ms-python.python.
[Option 2] Set an interpreter using "isort.interpreter" setting.
 Please use Python 3.7 or greater.
2024-11-21 05:25:41.762 [info] No interpreter found for /container/pyspark_workspace in settings or from ms-python.python extension
2024-11-21 05:25:41.764 [error] Python interpreter missing:
[Option 1] Select python interpreter using the ms-python.python.
[Option 2] Set an interpreter using "isort.interpreter" setting.
 Please use Python 3.7 or greater.
