2024-11-21 03:10:26.470 [info] Name: isort
2024-11-21 03:10:26.471 [info] Module: isort
2024-11-21 03:10:26.472 [info] Python extension loading
2024-11-21 03:10:26.473 [info] Waiting for interpreter from python extension.
2024-11-21 03:10:29.337 [info] No interpreter found from setting isort.interpreter
2024-11-21 03:10:29.339 [info] Getting interpreter from ms-python.python extension for workspace /container/pyspark_workspace
2024-11-21 03:10:29.341 [info] Python extension loaded
2024-11-21 03:10:30.070 [info] No interpreter found for /container/pyspark_workspace in settings or from ms-python.python extension
2024-11-21 03:10:30.073 [error] Python interpreter missing:
[Option 1] Select python interpreter using the ms-python.python.
[Option 2] Set an interpreter using "isort.interpreter" setting.
 Please use Python 3.7 or greater.
2024-11-21 03:13:36.500 [info] No interpreter found from setting isort.interpreter
2024-11-21 03:13:36.500 [info] Getting interpreter from ms-python.python extension for workspace /container/pyspark_workspace
2024-11-21 03:13:36.502 [info] No interpreter found from setting isort.interpreter
2024-11-21 03:13:36.503 [info] Getting interpreter from ms-python.python extension for workspace /container/pyspark_workspace
2024-11-21 03:13:36.681 [info] No interpreter found for /container/pyspark_workspace in settings or from ms-python.python extension
2024-11-21 03:13:36.687 [error] Python interpreter missing:
[Option 1] Select python interpreter using the ms-python.python.
[Option 2] Set an interpreter using "isort.interpreter" setting.
 Please use Python 3.7 or greater.
2024-11-21 03:13:36.692 [info] No interpreter found for /container/pyspark_workspace in settings or from ms-python.python extension
2024-11-21 03:13:36.705 [error] Python interpreter missing:
[Option 1] Select python interpreter using the ms-python.python.
[Option 2] Set an interpreter using "isort.interpreter" setting.
 Please use Python 3.7 or greater.
