2024-11-20 16:45:01.807 [info] Experiment 'pythonRecommendTensorboardExt' is active
2024-11-20 16:45:01.808 [info] Experiment 'pythonTerminalEnvVarActivation' is active
2024-11-20 16:45:01.809 [info] Experiment 'pythonTestAdapter' is active
2024-11-20 16:45:01.809 [warning] Dir "/container/pyspark_workspace/.pixi/envs" is not watchable (directory does not exist)
2024-11-20 16:45:01.809 [info] Starting Environment refresh
2024-11-20 16:45:01.810 [info] Searching for interpreters in posix paths locator
2024-11-20 16:45:01.810 [info] Searching for pyenv environments
2024-11-20 16:45:01.810 [info] Searching for conda environments
2024-11-20 16:45:01.812 [info] Searching for global virtual environments
2024-11-20 16:45:01.812 [info] Searching for custom virtual environments
2024-11-20 16:45:01.813 [info] pyenv is not installed
2024-11-20 16:45:01.813 [info] Finished searching for pyenv environments: 356 milliseconds
2024-11-20 16:45:01.813 [info] Finished searching for custom virtual envs: 349 milliseconds
2024-11-20 16:45:01.814 [info] > conda info --json
2024-11-20 16:45:01.814 [info] > hatch env show --json
2024-11-20 16:45:01.814 [info] cwd: .
2024-11-20 16:45:01.815 [info] Finished searching for global virtual envs: 3259 milliseconds
2024-11-20 16:45:03.001 [info] Found: /bin/python3 --> /bin/python3.11
2024-11-20 16:45:03.059 [info] > pyenv which python
2024-11-20 16:45:03.060 [info] cwd: .
2024-11-20 16:45:03.359 [info] Found: /bin/python3.11 --> /bin/python3.11
2024-11-20 16:45:11.337 [info] Found: /usr/bin/python3 --> /usr/bin/python3.11
2024-11-20 16:45:11.345 [info] > D:\Program Files\Python\python.exe -c "import sys;print(sys.executable)"
2024-11-20 16:45:11.364 [info] Found: /usr/bin/python3.11 --> /usr/bin/python3.11
2024-11-20 16:45:11.607 [error] Error: Command failed: D:\Program Files\Python\python.exe -c "import sys;print(sys.executable)"
/bin/sh: 1: D:Program: not found

    at genericNodeError (node:internal/errors:984:15)
    at wrappedFn (node:internal/errors:538:14)
    at ChildProcess.exithandler (node:child_process:422:12)
    at ChildProcess.emit (node:events:531:35)
    at maybeClose (node:internal/child_process:1105:16)
    at Socket.<anonymous> (node:internal/child_process:457:11)
    at Socket.emit (node:events:519:28)
    at Pipe.<anonymous> (node:net:339:12) {
  code: 127,
  killed: false,
  signal: null,
  cmd: 'D:\\Program Files\\Python\\python.exe -c "import sys;print(sys.executable)"'
}
2024-11-20 16:45:12.272 [info] > "D:\Program Files\Python\python.exe" -I ~/.vscode-server/extensions/ms-python.python-2024.20.0-linux-x64/python_files/get_output_via_markers.py ~/.vscode-server/extensions/ms-python.python-2024.20.0-linux-x64/python_files/interpreterInfo.py
2024-11-20 16:45:12.803 [error] Error: Command failed: "D:\Program Files\Python\python.exe" -I /root/.vscode-server/extensions/ms-python.python-2024.20.0-linux-x64/python_files/get_output_via_markers.py /root/.vscode-server/extensions/ms-python.python-2024.20.0-linux-x64/python_files/interpreterInfo.py
/bin/sh: 1: D:\Program Files\Python\python.exe: not found

    at genericNodeError (node:internal/errors:984:15)
    at wrappedFn (node:internal/errors:538:14)
    at ChildProcess.exithandler (node:child_process:422:12)
    at ChildProcess.emit (node:events:531:35)
    at maybeClose (node:internal/child_process:1105:16)
    at Socket.<anonymous> (node:internal/child_process:457:11)
    at Socket.emit (node:events:519:28)
    at Pipe.<anonymous> (node:net:339:12) {
  code: 127,
  killed: false,
  signal: null,
  cmd: '"D:\\Program Files\\Python\\python.exe" -I /root/.vscode-server/extensions/ms-python.python-2024.20.0-linux-x64/python_files/get_output_via_markers.py /root/.vscode-server/extensions/ms-python.python-2024.20.0-linux-x64/python_files/interpreterInfo.py'
}
2024-11-20 16:45:12.902 [info] Found: /usr/local/bin/python --> /usr/local/bin/python3.11
2024-11-20 16:45:12.912 [info] Found: /usr/local/bin/python3 --> /usr/local/bin/python3.11
2024-11-20 16:45:12.919 [info] Found: /usr/local/bin/python3.11 --> /usr/local/bin/python3.11
2024-11-20 16:45:13.150 [info] > /bin/python3 -I ~/.vscode-server/extensions/ms-python.python-2024.20.0-linux-x64/python_files/get_output_via_markers.py ~/.vscode-server/extensions/ms-python.python-2024.20.0-linux-x64/python_files/interpreterInfo.py
2024-11-20 16:45:13.736 [info] Finished searching for interpreters in posix paths locator: 15776 milliseconds
2024-11-20 16:45:13.739 [info] > /usr/bin/python3 -I ~/.vscode-server/extensions/ms-python.python-2024.20.0-linux-x64/python_files/get_output_via_markers.py ~/.vscode-server/extensions/ms-python.python-2024.20.0-linux-x64/python_files/interpreterInfo.py
2024-11-20 16:45:13.840 [info] Environments refresh paths discovered (event): 15903 milliseconds
2024-11-20 16:45:13.844 [info] Environments refresh paths discovered: 15906 milliseconds
2024-11-20 16:45:13.910 [info] > /usr/local/bin/python -I ~/.vscode-server/extensions/ms-python.python-2024.20.0-linux-x64/python_files/get_output_via_markers.py ~/.vscode-server/extensions/ms-python.python-2024.20.0-linux-x64/python_files/interpreterInfo.py
2024-11-20 16:45:15.580 [info] > "D:\Program Files\Python\python.exe" -I ~/.vscode-server/extensions/ms-python.python-2024.20.0-linux-x64/python_files/get_output_via_markers.py ~/.vscode-server/extensions/ms-python.python-2024.20.0-linux-x64/python_files/interpreterInfo.py
2024-11-20 16:45:15.639 [error] Error: Command failed: "D:\Program Files\Python\python.exe" -I /root/.vscode-server/extensions/ms-python.python-2024.20.0-linux-x64/python_files/get_output_via_markers.py /root/.vscode-server/extensions/ms-python.python-2024.20.0-linux-x64/python_files/interpreterInfo.py
/bin/sh: 1: D:\Program Files\Python\python.exe: not found

    at genericNodeError (node:internal/errors:984:15)
    at wrappedFn (node:internal/errors:538:14)
    at ChildProcess.exithandler (node:child_process:422:12)
    at ChildProcess.emit (node:events:531:35)
    at maybeClose (node:internal/child_process:1105:16)
    at Socket.<anonymous> (node:internal/child_process:457:11)
    at Socket.emit (node:events:519:28)
    at Pipe.<anonymous> (node:net:339:12) {
  code: 127,
  killed: false,
  signal: null,
  cmd: '"D:\\Program Files\\Python\\python.exe" -I /root/.vscode-server/extensions/ms-python.python-2024.20.0-linux-x64/python_files/get_output_via_markers.py /root/.vscode-server/extensions/ms-python.python-2024.20.0-linux-x64/python_files/interpreterInfo.py'
}
2024-11-20 16:45:15.726 [info] Environments refresh finished (event): 17771 milliseconds
2024-11-20 16:45:15.811 [info] Environment refresh took 17878 milliseconds
2024-11-20 16:45:24.243 [info] Starting Pylance language server.
2024-11-20 16:45:39.750 [info] Discover tests for workspace name: pyspark_workspace - uri: /container/pyspark_workspace/source_code/utils/download_spark_package.py
2024-11-20 16:47:00.359 [info] Discover tests for workspace name: pyspark_workspace - uri: /container/pyspark_workspace/source_code/utils/download_spark_package.py
