2024-11-20 15:52:16.461 [info] [main] Log level: Info
2024-11-20 15:52:16.471 [info] [main] Validating found git in: "git"
2024-11-20 15:52:16.472 [info] [main] Using git "2.39.2" from "git"
2024-11-20 15:52:16.473 [info] [Model][doInitialScan] Initial repository scan started
2024-11-20 15:52:16.481 [info] > git rev-parse --show-toplevel [3820ms]
2024-11-20 15:52:16.484 [info] > git rev-parse --git-dir --git-common-dir [24982ms]
2024-11-20 15:52:16.486 [info] [Model][openRepository] Opened repository: /container/pyspark_workspace
2024-11-20 15:52:16.487 [info] > git config --get commit.template [119ms]
2024-11-20 15:52:16.488 [info] > git rev-parse --show-toplevel [370ms]
2024-11-20 15:52:16.909 [info] > git rev-parse --show-toplevel [721ms]
2024-11-20 15:52:21.001 [info] > git for-each-ref --format=%(refname)%00%(upstream:short)%00%(objectname)%00%(upstream:track)%00%(upstream:remotename)%00%(upstream:remoteref) refs/heads/main refs/remotes/main [4833ms]
2024-11-20 15:52:21.819 [info] > git rev-parse --show-toplevel [894ms]
2024-11-20 15:52:23.973 [info] > git check-ignore -v -z --stdin [2942ms]
2024-11-20 15:52:24.274 [info] > git for-each-ref --sort -committerdate --format %(refname) %(objectname) %(*objectname) [322ms]
2024-11-20 15:52:24.276 [info] > git rev-parse --show-toplevel [1527ms]
2024-11-20 15:52:24.424 [info] > git rev-parse --show-toplevel [122ms]
2024-11-20 15:52:24.656 [info] > git rev-parse --show-toplevel [194ms]
2024-11-20 15:52:24.661 [info] [Model][doInitialScan] Initial repository scan completed - repositories (1), closed repositories (0), parent repositories (0), unsafe repositories (0)
2024-11-20 15:55:12.744 [info] > git check-ignore -v -z --stdin [2056ms]
2024-11-20 15:58:18.200 [info] > git show --textconv :source_code/common_function.py [1554ms]
2024-11-20 15:58:18.204 [info] > git ls-files --stage -- /container/pyspark_workspace/source_code/common_function.py [1546ms]
2024-11-20 15:58:18.221 [info] > git check-ignore -v -z --stdin [1429ms]
2024-11-20 15:58:31.282 [info] > git ls-files --stage -- /container/pyspark_workspace/source_code/common_function.ipynnb [1702ms]
2024-11-20 15:58:31.297 [info] > git show --textconv :source_code/common_function.ipynnb [1743ms]
2024-11-20 15:58:31.302 [info] > git check-ignore -v -z --stdin [1644ms]
2024-11-20 15:58:34.496 [info] > git ls-files --stage -- /container/pyspark_workspace/source_code/common_function.ipynnb [565ms]
2024-11-20 15:58:34.502 [info] > git show --textconv :source_code/common_function.ipynnb [586ms]
2024-11-20 15:58:42.710 [info] > git check-ignore -v -z --stdin [2459ms]
2024-11-20 16:12:24.055 [info] > git check-ignore -v -z --stdin [2454ms]
2024-11-20 16:17:09.945 [info] > git status -z -uall [1486005ms] (cancelled)
2024-11-20 16:18:59.351 [info] > git check-ignore -v -z --stdin [3033ms]
2024-11-20 16:18:59.354 [info] > git show --textconv :source_code/utils.py [2528ms]
2024-11-20 16:18:59.361 [info] > git ls-files --stage -- /container/pyspark_workspace/source_code/utils.py [2443ms]
2024-11-20 16:19:18.101 [info] > git ls-files --stage -- /container/pyspark_workspace/source_code/utils.py [1294ms]
2024-11-20 16:19:18.109 [info] > git show --textconv :source_code/utils.py [1317ms]
2024-11-20 16:19:34.458 [info] > git check-ignore -v -z --stdin [892ms]
2024-11-20 16:19:41.469 [info] > git show --textconv :source_code/utils/spark.py [1857ms]
2024-11-20 16:19:41.477 [info] > git ls-files --stage -- /container/pyspark_workspace/source_code/utils/spark.py [1839ms]
2024-11-20 16:19:41.537 [info] > git check-ignore -v -z --stdin [1959ms]
2024-11-20 16:20:03.109 [info] > git show --textconv :source_code/utils.py [347ms]
2024-11-20 16:20:03.112 [info] > git ls-files --stage -- /container/pyspark_workspace/source_code/utils.py [339ms]
2024-11-20 16:20:07.800 [info] > git show --textconv :source_code/utils/spark.py [1226ms]
2024-11-20 16:20:07.802 [info] > git ls-files --stage -- /container/pyspark_workspace/source_code/utils/spark.py [1213ms]
2024-11-20 16:23:23.004 [info] > git check-ignore -v -z --stdin [643ms]
2024-11-20 16:23:34.493 [info] > git ls-files --stage -- /container/pyspark_workspace/source_code/utils/__init__.py [2459ms]
2024-11-20 16:23:34.526 [info] > git show --textconv :source_code/utils/__init__.py [2533ms]
2024-11-20 16:23:34.587 [info] > git check-ignore -v -z --stdin [2895ms]
2024-11-20 16:26:16.968 [info] > git ls-files --stage -- /container/pyspark_workspace/source_code/utils/spark.py [491ms]
2024-11-20 16:26:17.230 [info] > git show --textconv :source_code/utils/spark.py [790ms]
2024-11-20 16:27:28.629 [info] > git check-ignore -v -z --stdin [1046ms]
2024-11-20 16:28:28.713 [info] > git ls-files --stage -- /container/pyspark_workspace/source_code/utils/spark.py [629ms]
2024-11-20 16:28:28.721 [info] > git show --textconv :source_code/utils/spark.py [653ms]
2024-11-20 16:29:20.604 [info] > git show --textconv :source_code/utils/spark.py [785ms]
2024-11-20 16:29:20.605 [info] > git ls-files --stage -- /container/pyspark_workspace/source_code/utils/spark.py [772ms]
2024-11-20 16:32:47.537 [info] > git show --textconv :source_code/utils/spark.py [1869ms]
2024-11-20 16:32:47.544 [info] > git ls-files --stage -- /container/pyspark_workspace/source_code/utils/spark.py [1916ms]
2024-11-20 16:33:26.606 [info] > git ls-files --stage -- /container/pyspark_workspace/source_code/utils/spark.py [522ms]
2024-11-20 16:33:26.618 [info] > git show --textconv :source_code/utils/spark.py [581ms]
2024-11-20 16:38:11.565 [info] > git check-ignore -v -z --stdin [3543ms]
2024-11-20 16:40:06.523 [info] > git show --textconv :source_code/utils/spark.py [898ms]
2024-11-20 16:40:06.544 [info] > git ls-files --stage -- /container/pyspark_workspace/source_code/utils/spark.py [950ms]
