2024-11-20 16:47:28.208 [error] Failed to find document for file:///container/pyspark_workspace/local_data_storage/.vscode-server/bin/e8653663e8840adaf45af01eab5c627a5af81807/extensions/git-base/package.json	
2024-11-20 16:47:28.276 [error] Failed to find document for file:///container/pyspark_workspace/local_data_storage/.vscode-server/bin/e8653663e8840adaf45af01eab5c627a5af81807/extensions/github-authentication/package.json	
2024-11-20 16:47:28.596 [error] Failed to find document for file:///container/pyspark_workspace/local_data_storage/.vscode-server/bin/e8653663e8840adaf45af01eab5c627a5af81807/extensions/grunt/package.json	
2024-11-20 16:47:28.636 [error] Failed to find document for file:///container/pyspark_workspace/local_data_storage/.vscode-server/bin/e8653663e8840adaf45af01eab5c627a5af81807/extensions/github/package.json	
2024-11-20 16:47:28.982 [error] Failed to find document for file:///container/pyspark_workspace/local_data_storage/.vscode-server/bin/e8653663e8840adaf45af01eab5c627a5af81807/extensions/extension-editing/package.json	
2024-11-20 16:47:29.275 [error] Failed to find document for file:///container/pyspark_workspace/local_data_storage/.vscode-server/bin/e8653663e8840adaf45af01eab5c627a5af81807/extensions/css-language-features/package.json	
2024-11-20 16:47:29.323 [error] Failed to find document for file:///container/pyspark_workspace/local_data_storage/.vscode-server/bin/e8653663e8840adaf45af01eab5c627a5af81807/extensions/configuration-editing/package.json	
2024-11-20 16:47:29.659 [error] Failed to find document for file:///container/pyspark_workspace/local_data_storage/.vscode-server/bin/f1a4fb101478ce6ec82fe9627c43efbf9e98c813/package.json	
2024-11-20 16:47:29.674 [error] Failed to find document for file:///container/pyspark_workspace/local_data_storage/.vscode-server/bin/e8653663e8840adaf45af01eab5c627a5af81807/extensions/css-language-features/server/package.json	
2024-11-20 16:47:30.060 [error] Failed to find document for file:///container/pyspark_workspace/local_data_storage/.vscode-server/bin/e8653663e8840adaf45af01eab5c627a5af81807/extensions/debug-auto-launch/package.json	
2024-11-20 16:47:30.475 [error] Failed to find document for file:///container/pyspark_workspace/local_data_storage/.vscode-server/bin/65edc4939843c90c34d61f4ce11704f09d3e5cb6/extensions/references-view/package.json	
2024-11-20 16:47:30.742 [error] Failed to find document for file:///container/pyspark_workspace/local_data_storage/.vscode-server/bin/65edc4939843c90c34d61f4ce11704f09d3e5cb6/extensions/search-result/package.json	
2024-11-20 16:47:30.864 [error] Failed to find document for file:///container/pyspark_workspace/local_data_storage/.vscode-server/bin/65edc4939843c90c34d61f4ce11704f09d3e5cb6/extensions/simple-browser/package.json	
2024-11-20 16:47:30.925 [error] Failed to find document for file:///container/pyspark_workspace/local_data_storage/.vscode-server/bin/65edc4939843c90c34d61f4ce11704f09d3e5cb6/extensions/tunnel-forwarding/package.json	
2024-11-20 16:47:30.928 [error] Failed to find document for file:///container/pyspark_workspace/local_data_storage/.vscode-server/bin/65edc4939843c90c34d61f4ce11704f09d3e5cb6/extensions/typescript-language-features/package.json	
2024-11-20 16:47:30.987 [error] Failed to find document for file:///container/pyspark_workspace/local_data_storage/.vscode-server/bin/65edc4939843c90c34d61f4ce11704f09d3e5cb6/extensions/npm/package.json	
2024-11-20 16:47:31.268 [error] Failed to find document for file:///container/pyspark_workspace/local_data_storage/.vscode-server/bin/65edc4939843c90c34d61f4ce11704f09d3e5cb6/extensions/php-language-features/package.json	
2024-11-20 16:47:31.876 [error] Failed to find document for file:///container/pyspark_workspace/local_data_storage/.vscode-server/bin/65edc4939843c90c34d61f4ce11704f09d3e5cb6/extensions/ms-vscode.js-debug-companion/package.json	
2024-11-20 16:47:32.148 [error] Failed to find document for file:///container/pyspark_workspace/local_data_storage/.vscode-server/bin/65edc4939843c90c34d61f4ce11704f09d3e5cb6/extensions/ms-vscode.vscode-js-profile-table/package.json	
2024-11-20 16:47:32.987 [error] Failed to find document for file:///container/pyspark_workspace/local_data_storage/.vscode-server/bin/65edc4939843c90c34d61f4ce11704f09d3e5cb6/extensions/microsoft-authentication/package.json	
2024-11-20 16:47:33.021 [error] Failed to find document for file:///container/pyspark_workspace/local_data_storage/.vscode-server/bin/65edc4939843c90c34d61f4ce11704f09d3e5cb6/extensions/merge-conflict/package.json	
2024-11-20 16:47:34.355 [error] Failed to find document for file:///container/pyspark_workspace/local_data_storage/.vscode-server/bin/65edc4939843c90c34d61f4ce11704f09d3e5cb6/extensions/media-preview/package.json	
2024-11-20 16:47:34.641 [error] Failed to find document for file:///container/pyspark_workspace/local_data_storage/.vscode-server/bin/65edc4939843c90c34d61f4ce11704f09d3e5cb6/extensions/ms-vscode.js-debug/package.json	
2024-11-20 16:47:34.663 [error] Failed to find document for file:///container/pyspark_workspace/local_data_storage/.vscode-server/bin/65edc4939843c90c34d61f4ce11704f09d3e5cb6/extensions/jake/package.json	
2024-11-20 16:47:34.861 [error] Failed to find document for file:///container/pyspark_workspace/local_data_storage/.vscode-server/bin/65edc4939843c90c34d61f4ce11704f09d3e5cb6/extensions/markdown-language-features/package.json	
2024-11-20 16:47:35.621 [error] Failed to find document for file:///container/pyspark_workspace/local_data_storage/.vscode-server/bin/65edc4939843c90c34d61f4ce11704f09d3e5cb6/extensions/json-language-features/package.json	
2024-11-20 16:47:35.655 [error] Failed to find document for file:///container/pyspark_workspace/local_data_storage/.vscode-server/bin/65edc4939843c90c34d61f4ce11704f09d3e5cb6/extensions/json-language-features/server/package.json	
2024-11-20 16:47:35.980 [error] Failed to find document for file:///container/pyspark_workspace/local_data_storage/.vscode-server/bin/65edc4939843c90c34d61f4ce11704f09d3e5cb6/extensions/markdown-math/package.json	
2024-11-20 16:47:36.268 [error] Failed to find document for file:///container/pyspark_workspace/local_data_storage/.vscode-server/bin/65edc4939843c90c34d61f4ce11704f09d3e5cb6/extensions/html-language-features/package.json	
2024-11-20 16:47:36.375 [error] Failed to find document for file:///container/pyspark_workspace/local_data_storage/.vscode-server/bin/65edc4939843c90c34d61f4ce11704f09d3e5cb6/extensions/ipynb/package.json	
2024-11-20 16:47:37.924 [error] Failed to find document for file:///container/pyspark_workspace/local_data_storage/.vscode-server/bin/65edc4939843c90c34d61f4ce11704f09d3e5cb6/extensions/gulp/package.json	
2024-11-20 16:47:37.935 [error] Failed to find document for file:///container/pyspark_workspace/local_data_storage/.vscode-server/bin/65edc4939843c90c34d61f4ce11704f09d3e5cb6/extensions/html-language-features/server/package.json	
2024-11-20 16:47:38.527 [error] Failed to find document for file:///container/pyspark_workspace/local_data_storage/.vscode-server/bin/65edc4939843c90c34d61f4ce11704f09d3e5cb6/extensions/grunt/package.json	
2024-11-20 16:47:38.562 [error] Failed to find document for file:///container/pyspark_workspace/local_data_storage/.vscode-server/bin/65edc4939843c90c34d61f4ce11704f09d3e5cb6/extensions/github-authentication/package.json	
2024-11-20 16:47:38.689 [error] Failed to find document for file:///container/pyspark_workspace/local_data_storage/.vscode-server/bin/65edc4939843c90c34d61f4ce11704f09d3e5cb6/extensions/github/package.json	
2024-11-20 16:47:38.811 [error] Failed to find document for file:///container/pyspark_workspace/local_data_storage/.vscode-server/bin/65edc4939843c90c34d61f4ce11704f09d3e5cb6/extensions/git-base/package.json	
2024-11-20 16:47:38.814 [error] Failed to find document for file:///container/pyspark_workspace/local_data_storage/.vscode-server/bin/65edc4939843c90c34d61f4ce11704f09d3e5cb6/extensions/git/package.json	
2024-11-20 16:47:39.324 [error] Failed to find document for file:///container/pyspark_workspace/local_data_storage/.vscode-server/bin/65edc4939843c90c34d61f4ce11704f09d3e5cb6/extensions/debug-server-ready/package.json	
2024-11-20 16:47:39.504 [error] Failed to find document for file:///container/pyspark_workspace/local_data_storage/.vscode-server/bin/65edc4939843c90c34d61f4ce11704f09d3e5cb6/extensions/emmet/package.json	
2024-11-20 16:47:39.678 [error] Failed to find document for file:///container/pyspark_workspace/local_data_storage/.vscode-server/bin/65edc4939843c90c34d61f4ce11704f09d3e5cb6/extensions/extension-editing/package.json	
2024-11-20 16:47:39.955 [error] Failed to find document for file:///container/pyspark_workspace/local_data_storage/.vscode-server/bin/65edc4939843c90c34d61f4ce11704f09d3e5cb6/extensions/css-language-features/package.json	
2024-11-20 16:47:39.972 [error] Failed to find document for file:///container/pyspark_workspace/local_data_storage/.vscode-server/bin/65edc4939843c90c34d61f4ce11704f09d3e5cb6/extensions/configuration-editing/package.json	
2024-11-20 16:47:39.985 [error] Failed to find document for file:///container/pyspark_workspace/local_data_storage/.vscode-server/bin/65edc4939843c90c34d61f4ce11704f09d3e5cb6/extensions/debug-auto-launch/package.json	
2024-11-20 16:47:41.245 [error] Failed to find document for file:///container/pyspark_workspace/local_data_storage/.vscode-server/extensions/yo1dog.cursor-trim-1.1.2/package.json	
2024-11-20 16:47:41.374 [error] Failed to find document for file:///container/pyspark_workspace/local_data_storage/.vscode-server/bin/65edc4939843c90c34d61f4ce11704f09d3e5cb6/extensions/css-language-features/server/package.json	
2024-11-20 16:47:41.499 [error] Failed to find document for file:///container/pyspark_workspace/local_data_storage/.vscode-server/bin/f1a4fb101478ce6ec82fe9627c43efbf9e98c813/extensions/typescript-language-features/package.json	
2024-11-20 16:47:41.507 [error] Failed to find document for file:///container/pyspark_workspace/local_data_storage/.vscode-server/bin/f1a4fb101478ce6ec82fe9627c43efbf9e98c813/extensions/simple-browser/package.json	
2024-11-20 16:47:41.515 [error] Failed to find document for file:///container/pyspark_workspace/local_data_storage/.vscode-server/bin/f1a4fb101478ce6ec82fe9627c43efbf9e98c813/extensions/tunnel-forwarding/package.json	
2024-11-20 16:47:41.545 [error] Failed to find document for file:///container/pyspark_workspace/local_data_storage/.vscode-server/bin/f1a4fb101478ce6ec82fe9627c43efbf9e98c813/extensions/references-view/package.json	
2024-11-20 16:47:41.791 [error] Failed to find document for file:///container/pyspark_workspace/local_data_storage/.vscode-server/bin/f1a4fb101478ce6ec82fe9627c43efbf9e98c813/extensions/npm/package.json	
2024-11-20 16:47:41.907 [error] Failed to find document for file:///container/pyspark_workspace/local_data_storage/.vscode-server/bin/f1a4fb101478ce6ec82fe9627c43efbf9e98c813/extensions/ms-vscode.js-debug/package.json	
2024-11-20 16:47:41.919 [error] Failed to find document for file:///container/pyspark_workspace/local_data_storage/.vscode-server/bin/f1a4fb101478ce6ec82fe9627c43efbf9e98c813/extensions/php-language-features/package.json	
2024-11-20 16:47:41.931 [error] Failed to find document for file:///container/pyspark_workspace/local_data_storage/.vscode-server/bin/f1a4fb101478ce6ec82fe9627c43efbf9e98c813/extensions/ms-vscode.js-debug-companion/package.json	
2024-11-20 16:47:42.050 [error] Failed to find document for file:///container/pyspark_workspace/local_data_storage/.vscode-server/bin/f1a4fb101478ce6ec82fe9627c43efbf9e98c813/extensions/search-result/package.json	
2024-11-20 16:47:42.069 [error] Failed to find document for file:///container/pyspark_workspace/local_data_storage/.vscode-server/bin/f1a4fb101478ce6ec82fe9627c43efbf9e98c813/extensions/ms-vscode.vscode-js-profile-table/package.json	
2024-11-20 16:47:42.189 [error] Failed to find document for file:///container/pyspark_workspace/local_data_storage/.vscode-server/bin/f1a4fb101478ce6ec82fe9627c43efbf9e98c813/extensions/microsoft-authentication/package.json	
2024-11-20 16:47:42.198 [error] Failed to find document for file:///container/pyspark_workspace/local_data_storage/.vscode-server/bin/f1a4fb101478ce6ec82fe9627c43efbf9e98c813/extensions/merge-conflict/package.json	
2024-11-20 16:47:42.334 [error] Failed to find document for file:///container/pyspark_workspace/local_data_storage/.vscode-server/bin/f1a4fb101478ce6ec82fe9627c43efbf9e98c813/extensions/media-preview/package.json	
2024-11-20 16:47:42.569 [error] Failed to find document for file:///container/pyspark_workspace/local_data_storage/.vscode-server/bin/f1a4fb101478ce6ec82fe9627c43efbf9e98c813/extensions/markdown-language-features/package.json	
2024-11-20 16:47:42.597 [error] Failed to find document for file:///container/pyspark_workspace/local_data_storage/.vscode-server/bin/f1a4fb101478ce6ec82fe9627c43efbf9e98c813/extensions/markdown-math/package.json	
2024-11-20 16:47:42.612 [error] Failed to find document for file:///container/pyspark_workspace/local_data_storage/.vscode-server/bin/f1a4fb101478ce6ec82fe9627c43efbf9e98c813/extensions/json-language-features/package.json	
2024-11-20 16:47:42.661 [error] Failed to find document for file:///container/pyspark_workspace/local_data_storage/.vscode-server/bin/f1a4fb101478ce6ec82fe9627c43efbf9e98c813/extensions/jake/package.json	
2024-11-20 16:47:42.681 [error] Failed to find document for file:///container/pyspark_workspace/local_data_storage/.vscode-server/bin/f1a4fb101478ce6ec82fe9627c43efbf9e98c813/extensions/ipynb/package.json	
