2024-11-20 17:10:40.737 [info] (Client) Pylance async client (2024.11.2) started with python extension (2024.20.0)
2024-11-20 17:10:56.410 [info] [Info  - 5:10:52 PM] (1444) Server root directory: file:///root/.vscode-server/extensions/ms-python.vscode-pylance-2024.11.2/dist
2024-11-20 17:10:57.119 [info] [Info  - 5:10:57 PM] (1444) Pylance language server 2024.11.2 (pyright version 1.1.386, commit 4180fa21) starting
2024-11-20 17:10:57.145 [info] [Info  - 5:10:57 PM] (1444) Starting service instance "pyspark_workspace"
2024-11-20 17:10:58.037 [info] [Info  - 5:10:58 PM] (1444) Setting environmentName for service "pyspark_workspace": "D:\Program Files\Python\python.exe"
2024-11-20 17:10:58.041 [info] [Info  - 5:10:58 PM] (1444) No include entries specified; assuming /container/pyspark_workspace
2024-11-20 17:10:58.051 [info] [Info  - 5:10:58 PM] (1444) Auto-excluding **/node_modules
2024-11-20 17:10:58.062 [info] [Info  - 5:10:58 PM] (1444) Auto-excluding **/__pycache__
2024-11-20 17:10:58.079 [info] [Info  - 5:10:58 PM] (1444) Auto-excluding **/.*
2024-11-20 17:11:07.613 [info] [Info  - 5:11:07 PM] (1444) Found 13 source files
2024-11-20 17:11:07.888 [info] [Info  - 5:11:07 PM] (1444) Background analysis(1) root directory: file:///root/.vscode-server/extensions/ms-python.vscode-pylance-2024.11.2/dist
2024-11-20 17:11:07.891 [info] [Info  - 5:11:07 PM] (1444) Background analysis(1) started
2024-11-20 17:11:07.917 [info] [Info  - 5:11:07 PM] (1444) Setting environmentName for service "pyspark_workspace": "D:\Program Files\Python\python.exe"
2024-11-20 17:11:07.920 [info] [Info  - 5:11:07 PM] (1444) No include entries specified; assuming /container/pyspark_workspace
2024-11-20 17:11:07.925 [info] [Info  - 5:11:07 PM] (1444) Auto-excluding **/node_modules
2024-11-20 17:11:07.927 [info] [Info  - 5:11:07 PM] (1444) Auto-excluding **/__pycache__
2024-11-20 17:11:07.929 [info] [Info  - 5:11:07 PM] (1444) Auto-excluding **/.*
2024-11-20 17:11:14.489 [info] [Info  - 5:11:14 PM] (1444) Found 13 source files
2024-11-20 17:11:14.538 [info] [Info  - 5:11:14 PM] (1444) Setting environmentName for service "pyspark_workspace": "D:\Program Files\Python\python.exe"
2024-11-20 17:11:14.543 [info] [Info  - 5:11:14 PM] (1444) No include entries specified; assuming /container/pyspark_workspace
2024-11-20 17:11:14.547 [info] [Info  - 5:11:14 PM] (1444) Auto-excluding **/node_modules
2024-11-20 17:11:14.548 [info] [Info  - 5:11:14 PM] (1444) Auto-excluding **/__pycache__
2024-11-20 17:11:14.549 [info] [Info  - 5:11:14 PM] (1444) Auto-excluding **/.*
2024-11-20 17:11:18.227 [info] [Info  - 5:11:18 PM] (1444) Found 13 source files
2024-11-20 17:11:18.315 [info] [Info  - 5:11:18 PM] (1444) Starting service instance "pyspark_workspace"
2024-11-20 17:11:18.551 [info] [Info  - 5:11:18 PM] (1444) Setting environmentName for service "pyspark_workspace": "D:\Program Files\Python\python.exe"
2024-11-20 17:11:18.553 [info] [Info  - 5:11:18 PM] (1444) Setting pythonPath for service "pyspark_workspace": "/usr/local/bin/python"
2024-11-20 17:11:18.555 [info] [Info  - 5:11:18 PM] (1444) No include entries specified; assuming /container/pyspark_workspace
2024-11-20 17:11:18.557 [info] [Info  - 5:11:18 PM] (1444) Auto-excluding **/node_modules
2024-11-20 17:11:18.559 [info] [Info  - 5:11:18 PM] (1444) Auto-excluding **/__pycache__
2024-11-20 17:11:18.561 [info] [Info  - 5:11:18 PM] (1444) Auto-excluding **/.*
2024-11-20 17:11:18.641 [info] [Info  - 5:11:18 PM] (1444) Assuming Python version 3.11.9.final.0
2024-11-20 17:11:23.874 [info] [Info  - 5:11:23 PM] (1444) Found 13 source files
2024-11-20 17:11:27.318 [info] [Info  - 5:11:27 PM] (1444) [BG(1)] Long operation: parsing: file:///container/pyspark_workspace/local_data_storage/airflow/dags/__init__.py (3478ms)
2024-11-20 17:11:27.321 [info] [Info  - 5:11:27 PM] (1444) [BG(1)] Long operation: indexing: file:///container/pyspark_workspace/local_data_storage/airflow/dags/__init__.py (4501ms)
2024-11-20 17:11:27.322 [info] [Info  - 5:11:27 PM] (1444) Indexer background runner(2) root directory: file:///root/.vscode-server/extensions/ms-python.vscode-pylance-2024.11.2/dist (index)
2024-11-20 17:11:27.325 [info] [Info  - 5:11:27 PM] (1444) Indexing(2) started
2024-11-20 17:11:27.329 [info] [Info  - 5:11:27 PM] (1444) Background analysis(3) root directory: file:///root/.vscode-server/extensions/ms-python.vscode-pylance-2024.11.2/dist
2024-11-20 17:11:27.336 [info] [Info  - 5:11:27 PM] (1444) Background analysis(3) started
2024-11-20 17:11:27.553 [info] [Info  - 5:11:27 PM] (1444) [BG(1)] Long operation: checking: untitled:Untitled-1 (3592ms)
2024-11-20 17:11:27.557 [info] [Info  - 5:11:27 PM] (1444) [BG(1)] Long operation: analyzing: untitled:Untitled-1 (3649ms)
2024-11-20 17:11:28.328 [info] [Info  - 5:11:28 PM] (1444) [BG(3)] Long operation: parsing: file:///container/pyspark_workspace/source_code/sample_code/Test_Project_1.ipynb.py#W5sdnNjb2RlLXJlbW90ZQ%3D%3D (2923ms)
2024-11-20 17:11:29.852 [info] [Info  - 5:11:29 PM] (1444) [BG(3)] Long operation: SemanticTokens full at file:///container/pyspark_workspace/source_code/sample_code/Test_Project_1.ipynb.py#W5sdnNjb2RlLXJlbW90ZQ%3D%3D (4449ms)
2024-11-20 17:11:37.060 [info] [Info  - 5:11:37 PM] (1444) [BG(3)] Long operation: checking: file:///container/pyspark_workspace/source_code/sample_code/Test_Project_1.ipynb.py#X24sdnNjb2RlLXJlbW90ZQ%3D%3D (4282ms)
2024-11-20 17:11:37.061 [info] [Info  - 5:11:37 PM] (1444) [BG(3)] Long operation: analyzing: file:///container/pyspark_workspace/source_code/sample_code/Test_Project_1.ipynb.py#X24sdnNjb2RlLXJlbW90ZQ%3D%3D (4283ms)
2024-11-20 17:11:37.339 [info] [Info  - 5:11:37 PM] (1444) [BG(3)] Long operation: analyzing: file:///container/pyspark_workspace/source_code/sample_code/Test_Project_1.ipynb.py#pylancePrefixCell (5129ms)
2024-11-20 17:11:45.752 [info] [Info  - 5:11:45 PM] (1444) [IDX(2)] Long operation: scan packages file:///container/pyspark_workspace (20656ms)
2024-11-20 17:11:45.753 [info] [Info  - 5:11:45 PM] (1444) scanned(2) 211 files over 1 exec env
2024-11-20 17:11:52.292 [info] [Info  - 5:11:52 PM] (1444) [IDX(2)] Long operation: index packages file:///container/pyspark_workspace (5753ms)
2024-11-20 17:11:52.293 [info] [Info  - 5:11:52 PM] (1444) indexed(2) 211 files over 1 exec env
2024-11-20 17:11:54.898 [info] [Info  - 5:11:54 PM] (1444) scanned(2) 211 files over 1 exec env
2024-11-20 17:11:56.631 [info] [Info  - 5:11:56 PM] (1444) indexed(2) 211 files over 1 exec env
2024-11-20 17:11:57.055 [info] [Info  - 5:11:57 PM] (1444) Indexing finished(2).
